27-Dec-2022 11:30:37.797 INFO [http-nio-8080-exec-1] org.apache.catalina.core.ApplicationContext.log Manager: init: Associated with Deployer 'Catalina:type=Deployer,host=localhost'
27-Dec-2022 11:30:37.797 INFO [http-nio-8080-exec-1] org.apache.catalina.core.ApplicationContext.log Manager: init: Global resources are available
27-Dec-2022 11:30:50.121 INFO [http-nio-8080-exec-1] org.apache.catalina.core.ApplicationContext.log Manager: list: Listing contexts for virtual host 'localhost'
27-Dec-2022 11:30:50.134 INFO [http-nio-8080-exec-13] org.apache.catalina.core.ApplicationContext.log Manager: list: Listing contexts for virtual host 'localhost'
27-Dec-2022 11:30:50.269 INFO [http-nio-8080-exec-12] org.apache.catalina.core.ApplicationContext.log Manager: undeploy: Undeploying web application at '/proyectoPDSC'
27-Dec-2022 11:30:50.951 INFO [http-nio-8080-exec-4] org.apache.catalina.core.ApplicationContext.log Manager: install: Installing context configuration at 'file:/C:/Users/paula/AppData/Local/Temp/context10831585549758728824.xml'
27-Dec-2022 11:30:53.400 INFO [http-nio-8080-exec-3] org.apache.catalina.core.ApplicationContext.log Manager: start: Starting web application '/proyectoPDSC'
27-Dec-2022 11:33:55.163 INFO [http-nio-8080-exec-23] org.apache.catalina.core.ApplicationContext.log Manager: list: Listing contexts for virtual host 'localhost'
27-Dec-2022 11:33:55.385 INFO [http-nio-8080-exec-17] org.apache.catalina.core.ApplicationContext.log Manager: restart: Reloading web application '/proyectoPDSC'
27-Dec-2022 11:35:06.309 INFO [http-nio-8080-exec-23] org.apache.catalina.core.ApplicationContext.log Manager: list: Listing contexts for virtual host 'localhost'
27-Dec-2022 11:35:11.637 INFO [http-nio-8080-exec-24] org.apache.catalina.core.ApplicationContext.log Manager: list: Listing contexts for virtual host 'localhost'
27-Dec-2022 11:35:11.643 INFO [http-nio-8080-exec-23] org.apache.catalina.core.ApplicationContext.log Manager: list: Listing contexts for virtual host 'localhost'
27-Dec-2022 11:35:11.675 INFO [http-nio-8080-exec-18] org.apache.catalina.core.ApplicationContext.log Manager: undeploy: Undeploying web application at '/proyectoPDSC'
27-Dec-2022 11:35:12.340 INFO [http-nio-8080-exec-25] org.apache.catalina.core.ApplicationContext.log Manager: install: Installing context configuration at 'file:/C:/Users/paula/AppData/Local/Temp/context9693201571054088875.xml'
27-Dec-2022 11:35:14.120 INFO [http-nio-8080-exec-19] org.apache.catalina.core.ApplicationContext.log Manager: start: Starting web application '/proyectoPDSC'
27-Dec-2022 11:35:58.438 INFO [http-nio-8080-exec-29] org.apache.catalina.core.ApplicationContext.log Manager: list: Listing contexts for virtual host 'localhost'
27-Dec-2022 11:36:14.656 INFO [http-nio-8080-exec-33] org.apache.catalina.core.ApplicationContext.log Manager: list: Listing contexts for virtual host 'localhost'
27-Dec-2022 11:36:14.820 INFO [http-nio-8080-exec-29] org.apache.catalina.core.ApplicationContext.log Manager: restart: Reloading web application '/proyectoPDSC'
27-Dec-2022 11:39:28.680 INFO [http-nio-8080-exec-40] org.apache.catalina.core.ApplicationContext.log Manager: list: Listing contexts for virtual host 'localhost'
27-Dec-2022 11:40:23.408 INFO [http-nio-8080-exec-44] org.apache.catalina.core.ApplicationContext.log Manager: list: Listing contexts for virtual host 'localhost'
27-Dec-2022 11:40:36.591 INFO [http-nio-8080-exec-42] org.apache.catalina.core.ApplicationContext.log Manager: list: Listing contexts for virtual host 'localhost'
27-Dec-2022 11:41:43.771 INFO [http-nio-8080-exec-46] org.apache.catalina.core.ApplicationContext.log Manager: list: Listing contexts for virtual host 'localhost'
27-Dec-2022 11:41:43.946 INFO [http-nio-8080-exec-45] org.apache.catalina.core.ApplicationContext.log Manager: restart: Reloading web application '/proyectoPDSC'
27-Dec-2022 11:41:46.834 INFO [http-nio-8080-exec-40] org.apache.catalina.core.ApplicationContext.log Manager: list: Listing contexts for virtual host 'localhost'
27-Dec-2022 11:41:46.949 INFO [http-nio-8080-exec-39] org.apache.catalina.core.ApplicationContext.log Manager: restart: Reloading web application '/proyectoPDSC'
27-Dec-2022 11:41:52.999 INFO [http-nio-8080-exec-47] org.apache.catalina.core.ApplicationContext.log Manager: list: Listing contexts for virtual host 'localhost'
27-Dec-2022 11:41:53.119 INFO [http-nio-8080-exec-48] org.apache.catalina.core.ApplicationContext.log Manager: restart: Reloading web application '/proyectoPDSC'
27-Dec-2022 11:42:25.576 INFO [http-nio-8080-exec-43] org.apache.catalina.core.ApplicationContext.log Manager: list: Listing contexts for virtual host 'localhost'
27-Dec-2022 11:42:25.717 INFO [http-nio-8080-exec-47] org.apache.catalina.core.ApplicationContext.log Manager: restart: Reloading web application '/proyectoPDSC'
27-Dec-2022 11:42:34.741 INFO [http-nio-8080-exec-53] org.apache.catalina.core.ApplicationContext.log Manager: list: Listing contexts for virtual host 'localhost'
27-Dec-2022 11:42:34.830 INFO [http-nio-8080-exec-43] org.apache.catalina.core.ApplicationContext.log Manager: restart: Reloading web application '/proyectoPDSC'
27-Dec-2022 11:43:18.065 INFO [http-nio-8080-exec-41] org.apache.catalina.core.ApplicationContext.log Manager: list: Listing contexts for virtual host 'localhost'
27-Dec-2022 11:43:18.201 INFO [http-nio-8080-exec-55] org.apache.catalina.core.ApplicationContext.log Manager: restart: Reloading web application '/proyectoPDSC'
27-Dec-2022 11:45:39.332 INFO [http-nio-8080-exec-59] org.apache.catalina.core.ApplicationContext.log Manager: list: Listing contexts for virtual host 'localhost'
27-Dec-2022 11:45:51.500 INFO [http-nio-8080-exec-63] org.apache.catalina.core.ApplicationContext.log Manager: list: Listing contexts for virtual host 'localhost'
27-Dec-2022 11:45:56.496 INFO [http-nio-8080-exec-63] org.apache.catalina.core.ApplicationContext.log Manager: list: Listing contexts for virtual host 'localhost'
27-Dec-2022 11:45:56.502 INFO [http-nio-8080-exec-59] org.apache.catalina.core.ApplicationContext.log Manager: list: Listing contexts for virtual host 'localhost'
27-Dec-2022 11:45:56.574 INFO [http-nio-8080-exec-46] org.apache.catalina.core.ApplicationContext.log Manager: undeploy: Undeploying web application at '/proyectoPDSC'
27-Dec-2022 11:45:57.187 INFO [http-nio-8080-exec-66] org.apache.catalina.core.ApplicationContext.log Manager: install: Installing context configuration at 'file:/C:/Users/paula/AppData/Local/Temp/context4569730231883891352.xml'
27-Dec-2022 11:45:58.891 INFO [http-nio-8080-exec-60] org.apache.catalina.core.ApplicationContext.log Manager: start: Starting web application '/proyectoPDSC'
27-Dec-2022 11:47:51.487 INFO [http-nio-8080-exec-68] org.apache.catalina.core.ApplicationContext.log Manager: list: Listing contexts for virtual host 'localhost'
27-Dec-2022 11:47:51.634 INFO [http-nio-8080-exec-69] org.apache.catalina.core.ApplicationContext.log Manager: restart: Reloading web application '/proyectoPDSC'
27-Dec-2022 11:48:00.314 INFO [http-nio-8080-exec-68] org.apache.catalina.core.ApplicationContext.log Manager: list: Listing contexts for virtual host 'localhost'
27-Dec-2022 11:48:00.407 INFO [http-nio-8080-exec-67] org.apache.catalina.core.ApplicationContext.log Manager: restart: Reloading web application '/proyectoPDSC'
27-Dec-2022 11:48:06.407 INFO [http-nio-8080-exec-74] org.apache.catalina.core.ApplicationContext.log Manager: list: Listing contexts for virtual host 'localhost'
27-Dec-2022 11:48:06.412 INFO [http-nio-8080-exec-70] org.apache.catalina.core.ApplicationContext.log Manager: list: Listing contexts for virtual host 'localhost'
27-Dec-2022 11:48:06.436 INFO [http-nio-8080-exec-72] org.apache.catalina.core.ApplicationContext.log Manager: undeploy: Undeploying web application at '/proyectoPDSC'
27-Dec-2022 11:48:07.024 INFO [http-nio-8080-exec-79] org.apache.catalina.core.ApplicationContext.log Manager: install: Installing context configuration at 'file:/C:/Users/paula/AppData/Local/Temp/context6398596610150537854.xml'
27-Dec-2022 11:48:47.297 INFO [http-nio-8080-exec-79] org.apache.catalina.core.ApplicationContext.log Manager: list: Listing contexts for virtual host 'localhost'
27-Dec-2022 11:48:47.308 INFO [http-nio-8080-exec-81] org.apache.catalina.core.ApplicationContext.log Manager: list: Listing contexts for virtual host 'localhost'
27-Dec-2022 11:48:47.392 INFO [http-nio-8080-exec-79] org.apache.catalina.core.ApplicationContext.log Manager: install: Installing context configuration at 'file:/C:/Users/paula/AppData/Local/Temp/context542705727166190811.xml'
27-Dec-2022 11:48:50.270 INFO [http-nio-8080-exec-81] org.apache.catalina.core.ApplicationContext.log Manager: start: Starting web application '/proyectoPDSC'
27-Dec-2022 11:53:47.159 INFO [http-nio-8080-exec-87] org.apache.catalina.core.ApplicationContext.log Manager: list: Listing contexts for virtual host 'localhost'
27-Dec-2022 11:53:47.201 INFO [http-nio-8080-exec-88] org.apache.catalina.core.ApplicationContext.log Manager: list: Listing contexts for virtual host 'localhost'
27-Dec-2022 11:53:47.286 INFO [http-nio-8080-exec-89] org.apache.catalina.core.ApplicationContext.log Manager: undeploy: Undeploying web application at '/proyectoPDSC'
27-Dec-2022 11:53:47.958 INFO [http-nio-8080-exec-88] org.apache.catalina.core.ApplicationContext.log Manager: install: Installing context configuration at 'file:/C:/Users/paula/AppData/Local/Temp/context9162079574674000033.xml'
27-Dec-2022 11:53:50.589 INFO [http-nio-8080-exec-90] org.apache.catalina.core.ApplicationContext.log Manager: start: Starting web application '/proyectoPDSC'
27-Dec-2022 11:55:08.257 INFO [http-nio-8080-exec-92] org.apache.catalina.core.ApplicationContext.log Manager: list: Listing contexts for virtual host 'localhost'
27-Dec-2022 11:55:08.270 INFO [http-nio-8080-exec-97] org.apache.catalina.core.ApplicationContext.log Manager: list: Listing contexts for virtual host 'localhost'
