22-Dec-2022 09:51:02.703 INFO [http-nio-8080-exec-1] org.apache.catalina.core.ApplicationContext.log Manager: init: Associated with Deployer 'Catalina:type=Deployer,host=localhost'
22-Dec-2022 09:51:02.703 INFO [http-nio-8080-exec-1] org.apache.catalina.core.ApplicationContext.log Manager: init: Global resources are available
22-Dec-2022 09:51:31.434 INFO [http-nio-8080-exec-3] org.apache.catalina.core.ApplicationContext.log Manager: list: Listing contexts for virtual host 'localhost'
22-Dec-2022 09:51:31.445 INFO [http-nio-8080-exec-12] org.apache.catalina.core.ApplicationContext.log Manager: list: Listing contexts for virtual host 'localhost'
22-Dec-2022 09:51:31.468 INFO [http-nio-8080-exec-11] org.apache.catalina.core.ApplicationContext.log Manager: undeploy: Undeploying web application at '/proyectoPDSC'
22-Dec-2022 09:51:32.134 INFO [http-nio-8080-exec-10] org.apache.catalina.core.ApplicationContext.log Manager: install: Installing context configuration at 'file:/C:/Users/paula/AppData/Local/Temp/context14844277649236590377.xml'
22-Dec-2022 09:51:33.998 INFO [http-nio-8080-exec-9] org.apache.catalina.core.ApplicationContext.log Manager: start: Starting web application '/proyectoPDSC'
22-Dec-2022 09:52:46.457 INFO [http-nio-8080-exec-8] org.apache.catalina.core.ApplicationContext.log Manager: list: Listing contexts for virtual host 'localhost'
22-Dec-2022 09:52:46.675 INFO [http-nio-8080-exec-17] org.apache.catalina.core.ApplicationContext.log Manager: restart: Reloading web application '/proyectoPDSC'
22-Dec-2022 09:52:55.757 INFO [http-nio-8080-exec-13] org.apache.catalina.core.ApplicationContext.log Manager: list: Listing contexts for virtual host 'localhost'
22-Dec-2022 09:52:56.243 INFO [http-nio-8080-exec-15] org.apache.catalina.core.ApplicationContext.log Manager: restart: Reloading web application '/proyectoPDSC'
22-Dec-2022 09:53:20.675 INFO [http-nio-8080-exec-21] org.apache.catalina.core.ApplicationContext.log Manager: list: Listing contexts for virtual host 'localhost'
22-Dec-2022 09:53:20.853 INFO [http-nio-8080-exec-14] org.apache.catalina.core.ApplicationContext.log Manager: restart: Reloading web application '/proyectoPDSC'
22-Dec-2022 09:53:24.857 INFO [http-nio-8080-exec-20] org.apache.catalina.core.ApplicationContext.log Manager: list: Listing contexts for virtual host 'localhost'
22-Dec-2022 09:53:25.031 INFO [http-nio-8080-exec-18] org.apache.catalina.core.ApplicationContext.log Manager: restart: Reloading web application '/proyectoPDSC'
22-Dec-2022 09:54:29.103 INFO [http-nio-8080-exec-21] org.apache.catalina.core.ApplicationContext.log Manager: list: Listing contexts for virtual host 'localhost'
22-Dec-2022 09:54:29.256 INFO [http-nio-8080-exec-25] org.apache.catalina.core.ApplicationContext.log Manager: restart: Reloading web application '/proyectoPDSC'
22-Dec-2022 09:54:43.899 INFO [http-nio-8080-exec-19] org.apache.catalina.core.ApplicationContext.log Manager: list: Listing contexts for virtual host 'localhost'
22-Dec-2022 09:54:44.271 INFO [http-nio-8080-exec-13] org.apache.catalina.core.ApplicationContext.log Manager: restart: Reloading web application '/proyectoPDSC'
22-Dec-2022 10:08:25.378 INFO [http-nio-8080-exec-32] org.apache.catalina.core.ApplicationContext.log Manager: list: Listing contexts for virtual host 'localhost'
22-Dec-2022 10:08:25.512 INFO [http-nio-8080-exec-33] org.apache.catalina.core.ApplicationContext.log Manager: restart: Reloading web application '/proyectoPDSC'
22-Dec-2022 10:08:28.707 INFO [http-nio-8080-exec-38] org.apache.catalina.core.ApplicationContext.log Manager: list: Listing contexts for virtual host 'localhost'
22-Dec-2022 10:08:28.860 INFO [http-nio-8080-exec-36] org.apache.catalina.core.ApplicationContext.log Manager: restart: Reloading web application '/proyectoPDSC'
22-Dec-2022 10:09:41.020 INFO [http-nio-8080-exec-32] org.apache.catalina.core.ApplicationContext.log Manager: list: Listing contexts for virtual host 'localhost'
22-Dec-2022 10:09:41.181 INFO [http-nio-8080-exec-34] org.apache.catalina.core.ApplicationContext.log Manager: restart: Reloading web application '/proyectoPDSC'
22-Dec-2022 10:09:59.176 INFO [http-nio-8080-exec-32] org.apache.catalina.core.ApplicationContext.log Manager: list: Listing contexts for virtual host 'localhost'
22-Dec-2022 10:09:59.343 INFO [http-nio-8080-exec-39] org.apache.catalina.core.ApplicationContext.log Manager: restart: Reloading web application '/proyectoPDSC'
22-Dec-2022 10:10:33.215 INFO [http-nio-8080-exec-41] org.apache.catalina.core.ApplicationContext.log Manager: list: Listing contexts for virtual host 'localhost'
22-Dec-2022 10:10:33.363 INFO [http-nio-8080-exec-47] org.apache.catalina.core.ApplicationContext.log Manager: restart: Reloading web application '/proyectoPDSC'
22-Dec-2022 10:12:51.785 INFO [http-nio-8080-exec-51] org.apache.catalina.core.ApplicationContext.log Manager: list: Listing contexts for virtual host 'localhost'
22-Dec-2022 10:12:51.948 INFO [http-nio-8080-exec-52] org.apache.catalina.core.ApplicationContext.log Manager: restart: Reloading web application '/proyectoPDSC'
22-Dec-2022 10:12:54.479 INFO [http-nio-8080-exec-55] org.apache.catalina.core.ApplicationContext.log Manager: list: Listing contexts for virtual host 'localhost'
22-Dec-2022 10:12:54.602 INFO [http-nio-8080-exec-38] org.apache.catalina.core.ApplicationContext.log Manager: restart: Reloading web application '/proyectoPDSC'
22-Dec-2022 10:12:57.313 INFO [http-nio-8080-exec-42] org.apache.catalina.core.ApplicationContext.log Manager: list: Listing contexts for virtual host 'localhost'
22-Dec-2022 10:12:57.487 INFO [http-nio-8080-exec-55] org.apache.catalina.core.ApplicationContext.log Manager: restart: Reloading web application '/proyectoPDSC'
22-Dec-2022 10:13:01.030 INFO [http-nio-8080-exec-50] org.apache.catalina.core.ApplicationContext.log Manager: list: Listing contexts for virtual host 'localhost'
22-Dec-2022 10:13:01.169 INFO [http-nio-8080-exec-56] org.apache.catalina.core.ApplicationContext.log Manager: restart: Reloading web application '/proyectoPDSC'
22-Dec-2022 10:13:03.844 INFO [http-nio-8080-exec-42] org.apache.catalina.core.ApplicationContext.log Manager: list: Listing contexts for virtual host 'localhost'
22-Dec-2022 10:13:03.934 INFO [http-nio-8080-exec-51] org.apache.catalina.core.ApplicationContext.log Manager: restart: Reloading web application '/proyectoPDSC'
22-Dec-2022 10:16:28.635 INFO [http-nio-8080-exec-61] org.apache.catalina.core.ApplicationContext.log Manager: list: Listing contexts for virtual host 'localhost'
22-Dec-2022 10:16:28.786 INFO [http-nio-8080-exec-63] org.apache.catalina.core.ApplicationContext.log Manager: restart: Reloading web application '/proyectoPDSC'
22-Dec-2022 10:16:32.576 INFO [http-nio-8080-exec-66] org.apache.catalina.core.ApplicationContext.log Manager: list: Listing contexts for virtual host 'localhost'
22-Dec-2022 10:16:32.797 INFO [http-nio-8080-exec-42] org.apache.catalina.core.ApplicationContext.log Manager: restart: Reloading web application '/proyectoPDSC'
22-Dec-2022 10:17:15.664 INFO [http-nio-8080-exec-61] org.apache.catalina.core.ApplicationContext.log Manager: list: Listing contexts for virtual host 'localhost'
22-Dec-2022 10:17:15.808 INFO [http-nio-8080-exec-64] org.apache.catalina.core.ApplicationContext.log Manager: restart: Reloading web application '/proyectoPDSC'
22-Dec-2022 10:17:18.869 INFO [http-nio-8080-exec-66] org.apache.catalina.core.ApplicationContext.log Manager: list: Listing contexts for virtual host 'localhost'
22-Dec-2022 10:17:19.081 INFO [http-nio-8080-exec-68] org.apache.catalina.core.ApplicationContext.log Manager: restart: Reloading web application '/proyectoPDSC'
22-Dec-2022 10:48:03.603 INFO [http-nio-8080-exec-72] org.apache.catalina.core.ApplicationContext.log Manager: list: Listing contexts for virtual host 'localhost'
22-Dec-2022 10:48:03.879 INFO [http-nio-8080-exec-73] org.apache.catalina.core.ApplicationContext.log Manager: restart: Reloading web application '/proyectoPDSC'
22-Dec-2022 10:48:10.958 INFO [http-nio-8080-exec-75] org.apache.catalina.core.ApplicationContext.log Manager: list: Listing contexts for virtual host 'localhost'
22-Dec-2022 10:48:11.092 INFO [http-nio-8080-exec-77] org.apache.catalina.core.ApplicationContext.log Manager: restart: Reloading web application '/proyectoPDSC'
22-Dec-2022 10:49:03.047 INFO [http-nio-8080-exec-72] org.apache.catalina.core.ApplicationContext.log Manager: list: Listing contexts for virtual host 'localhost'
22-Dec-2022 10:49:14.597 INFO [http-nio-8080-exec-85] org.apache.catalina.core.ApplicationContext.log Manager: list: Listing contexts for virtual host 'localhost'
22-Dec-2022 10:58:46.277 INFO [http-nio-8080-exec-86] org.apache.catalina.core.ApplicationContext.log Manager: list: Listing contexts for virtual host 'localhost'
22-Dec-2022 10:58:46.411 INFO [http-nio-8080-exec-84] org.apache.catalina.core.ApplicationContext.log Manager: restart: Reloading web application '/proyectoPDSC'
22-Dec-2022 10:58:48.932 INFO [http-nio-8080-exec-86] org.apache.catalina.core.ApplicationContext.log Manager: list: Listing contexts for virtual host 'localhost'
22-Dec-2022 10:58:49.132 INFO [http-nio-8080-exec-94] org.apache.catalina.core.ApplicationContext.log Manager: restart: Reloading web application '/proyectoPDSC'
22-Dec-2022 10:59:13.439 INFO [http-nio-8080-exec-87] org.apache.catalina.core.ApplicationContext.log Manager: list: Listing contexts for virtual host 'localhost'
22-Dec-2022 10:59:13.583 INFO [http-nio-8080-exec-86] org.apache.catalina.core.ApplicationContext.log Manager: restart: Reloading web application '/proyectoPDSC'
22-Dec-2022 10:59:34.538 INFO [http-nio-8080-exec-90] org.apache.catalina.core.ApplicationContext.log Manager: list: Listing contexts for virtual host 'localhost'
22-Dec-2022 10:59:34.626 INFO [http-nio-8080-exec-98] org.apache.catalina.core.ApplicationContext.log Manager: restart: Reloading web application '/proyectoPDSC'
22-Dec-2022 10:59:42.753 INFO [http-nio-8080-exec-97] org.apache.catalina.core.ApplicationContext.log Manager: list: Listing contexts for virtual host 'localhost'
22-Dec-2022 10:59:42.896 INFO [http-nio-8080-exec-95] org.apache.catalina.core.ApplicationContext.log Manager: restart: Reloading web application '/proyectoPDSC'
22-Dec-2022 11:00:01.319 INFO [http-nio-8080-exec-101] org.apache.catalina.core.ApplicationContext.log Manager: list: Listing contexts for virtual host 'localhost'
22-Dec-2022 11:00:01.471 INFO [http-nio-8080-exec-90] org.apache.catalina.core.ApplicationContext.log Manager: restart: Reloading web application '/proyectoPDSC'
22-Dec-2022 11:07:27.915 INFO [http-nio-8080-exec-104] org.apache.catalina.core.ApplicationContext.log Manager: list: Listing contexts for virtual host 'localhost'
22-Dec-2022 11:07:28.058 INFO [http-nio-8080-exec-105] org.apache.catalina.core.ApplicationContext.log Manager: restart: Reloading web application '/proyectoPDSC'
22-Dec-2022 11:07:30.532 INFO [http-nio-8080-exec-103] org.apache.catalina.core.ApplicationContext.log Manager: list: Listing contexts for virtual host 'localhost'
22-Dec-2022 11:07:30.715 INFO [http-nio-8080-exec-101] org.apache.catalina.core.ApplicationContext.log Manager: restart: Reloading web application '/proyectoPDSC'
22-Dec-2022 11:07:39.761 INFO [http-nio-8080-exec-106] org.apache.catalina.core.ApplicationContext.log Manager: list: Listing contexts for virtual host 'localhost'
22-Dec-2022 11:07:39.918 INFO [http-nio-8080-exec-103] org.apache.catalina.core.ApplicationContext.log Manager: restart: Reloading web application '/proyectoPDSC'
22-Dec-2022 11:11:06.834 INFO [http-nio-8080-exec-117] org.apache.catalina.core.ApplicationContext.log Manager: list: Listing contexts for virtual host 'localhost'
22-Dec-2022 11:11:07.082 INFO [http-nio-8080-exec-118] org.apache.catalina.core.ApplicationContext.log Manager: restart: Reloading web application '/proyectoPDSC'
22-Dec-2022 11:11:09.807 INFO [http-nio-8080-exec-119] org.apache.catalina.core.ApplicationContext.log Manager: list: Listing contexts for virtual host 'localhost'
22-Dec-2022 11:11:09.925 INFO [http-nio-8080-exec-122] org.apache.catalina.core.ApplicationContext.log Manager: restart: Reloading web application '/proyectoPDSC'
22-Dec-2022 11:11:12.759 INFO [http-nio-8080-exec-119] org.apache.catalina.core.ApplicationContext.log Manager: list: Listing contexts for virtual host 'localhost'
22-Dec-2022 11:11:12.904 INFO [http-nio-8080-exec-124] org.apache.catalina.core.ApplicationContext.log Manager: restart: Reloading web application '/proyectoPDSC'
22-Dec-2022 11:11:17.395 INFO [http-nio-8080-exec-121] org.apache.catalina.core.ApplicationContext.log Manager: list: Listing contexts for virtual host 'localhost'
22-Dec-2022 11:11:18.806 INFO [http-nio-8080-exec-116] org.apache.catalina.core.ApplicationContext.log Manager: list: Listing contexts for virtual host 'localhost'
22-Dec-2022 11:11:18.926 INFO [http-nio-8080-exec-126] org.apache.catalina.core.ApplicationContext.log Manager: restart: Reloading web application '/proyectoPDSC'
22-Dec-2022 11:11:21.978 INFO [http-nio-8080-exec-119] org.apache.catalina.core.ApplicationContext.log Manager: list: Listing contexts for virtual host 'localhost'
22-Dec-2022 11:11:22.359 INFO [http-nio-8080-exec-125] org.apache.catalina.core.ApplicationContext.log Manager: list: Listing contexts for virtual host 'localhost'
22-Dec-2022 11:11:22.461 INFO [http-nio-8080-exec-111] org.apache.catalina.core.ApplicationContext.log Manager: restart: Reloading web application '/proyectoPDSC'
22-Dec-2022 11:15:22.837 INFO [http-nio-8080-exec-131] org.apache.catalina.core.ApplicationContext.log Manager: list: Listing contexts for virtual host 'localhost'
22-Dec-2022 11:15:22.976 INFO [http-nio-8080-exec-132] org.apache.catalina.core.ApplicationContext.log Manager: restart: Reloading web application '/proyectoPDSC'
22-Dec-2022 11:15:24.958 INFO [http-nio-8080-exec-117] org.apache.catalina.core.ApplicationContext.log Manager: list: Listing contexts for virtual host 'localhost'
22-Dec-2022 11:15:25.054 INFO [http-nio-8080-exec-137] org.apache.catalina.core.ApplicationContext.log Manager: restart: Reloading web application '/proyectoPDSC'
22-Dec-2022 11:21:51.174 INFO [http-nio-8080-exec-139] org.apache.catalina.core.ApplicationContext.log Manager: list: Listing contexts for virtual host 'localhost'
22-Dec-2022 11:21:51.326 INFO [http-nio-8080-exec-140] org.apache.catalina.core.ApplicationContext.log Manager: restart: Reloading web application '/proyectoPDSC'
22-Dec-2022 11:21:59.548 INFO [http-nio-8080-exec-146] org.apache.catalina.core.ApplicationContext.log Manager: list: Listing contexts for virtual host 'localhost'
22-Dec-2022 11:21:59.700 INFO [http-nio-8080-exec-147] org.apache.catalina.core.ApplicationContext.log Manager: restart: Reloading web application '/proyectoPDSC'
22-Dec-2022 11:22:37.697 INFO [http-nio-8080-exec-141] org.apache.catalina.core.ApplicationContext.log Manager: list: Listing contexts for virtual host 'localhost'
22-Dec-2022 11:22:37.851 INFO [http-nio-8080-exec-144] org.apache.catalina.core.ApplicationContext.log Manager: restart: Reloading web application '/proyectoPDSC'
22-Dec-2022 11:24:51.300 INFO [http-nio-8080-exec-152] org.apache.catalina.core.ApplicationContext.log Manager: list: Listing contexts for virtual host 'localhost'
22-Dec-2022 11:24:51.444 INFO [http-nio-8080-exec-153] org.apache.catalina.core.ApplicationContext.log Manager: restart: Reloading web application '/proyectoPDSC'
22-Dec-2022 11:25:11.464 INFO [http-nio-8080-exec-150] org.apache.catalina.core.ApplicationContext.log Manager: list: Listing contexts for virtual host 'localhost'
22-Dec-2022 11:25:11.552 INFO [http-nio-8080-exec-154] org.apache.catalina.core.ApplicationContext.log Manager: restart: Reloading web application '/proyectoPDSC'
22-Dec-2022 11:25:13.704 INFO [http-nio-8080-exec-156] org.apache.catalina.core.ApplicationContext.log Manager: list: Listing contexts for virtual host 'localhost'
22-Dec-2022 11:25:13.888 INFO [http-nio-8080-exec-158] org.apache.catalina.core.ApplicationContext.log Manager: restart: Reloading web application '/proyectoPDSC'
22-Dec-2022 11:25:37.375 INFO [http-nio-8080-exec-150] org.apache.catalina.core.ApplicationContext.log Manager: list: Listing contexts for virtual host 'localhost'
22-Dec-2022 11:25:37.544 INFO [http-nio-8080-exec-160] org.apache.catalina.core.ApplicationContext.log Manager: restart: Reloading web application '/proyectoPDSC'
22-Dec-2022 11:28:41.777 INFO [http-nio-8080-exec-164] org.apache.catalina.core.ApplicationContext.log Manager: list: Listing contexts for virtual host 'localhost'
22-Dec-2022 11:28:41.915 INFO [http-nio-8080-exec-165] org.apache.catalina.core.ApplicationContext.log Manager: restart: Reloading web application '/proyectoPDSC'
22-Dec-2022 11:29:20.239 INFO [http-nio-8080-exec-164] org.apache.catalina.core.ApplicationContext.log Manager: list: Listing contexts for virtual host 'localhost'
22-Dec-2022 11:29:20.350 INFO [http-nio-8080-exec-169] org.apache.catalina.core.ApplicationContext.log Manager: restart: Reloading web application '/proyectoPDSC'
22-Dec-2022 11:37:46.811 INFO [http-nio-8080-exec-174] org.apache.catalina.core.ApplicationContext.log Manager: list: Listing contexts for virtual host 'localhost'
22-Dec-2022 11:37:59.027 INFO [http-nio-8080-exec-180] org.apache.catalina.core.ApplicationContext.log Manager: list: Listing contexts for virtual host 'localhost'
22-Dec-2022 11:38:06.703 INFO [http-nio-8080-exec-177] org.apache.catalina.core.ApplicationContext.log Manager: list: Listing contexts for virtual host 'localhost'
22-Dec-2022 11:45:55.194 INFO [http-nio-8080-exec-174] org.apache.catalina.core.ApplicationContext.log Manager: list: Listing contexts for virtual host 'localhost'
22-Dec-2022 11:46:37.896 INFO [http-nio-8080-exec-183] org.apache.catalina.core.ApplicationContext.log Manager: list: Listing contexts for virtual host 'localhost'
22-Dec-2022 11:46:37.899 INFO [http-nio-8080-exec-176] org.apache.catalina.core.ApplicationContext.log Manager: list: Listing contexts for virtual host 'localhost'
22-Dec-2022 11:46:37.915 INFO [http-nio-8080-exec-177] org.apache.catalina.core.ApplicationContext.log Manager: undeploy: Undeploying web application at '/proyectoPDSC'
22-Dec-2022 11:46:38.497 INFO [http-nio-8080-exec-175] org.apache.catalina.core.ApplicationContext.log Manager: install: Installing context configuration at 'file:/C:/Users/paula/AppData/Local/Temp/context13916051317940922675.xml'
22-Dec-2022 11:46:40.083 INFO [http-nio-8080-exec-176] org.apache.catalina.core.ApplicationContext.log Manager: start: Starting web application '/proyectoPDSC'
22-Dec-2022 11:59:14.356 INFO [http-nio-8080-exec-186] org.apache.catalina.core.ApplicationContext.log Manager: list: Listing contexts for virtual host 'localhost'
22-Dec-2022 12:00:24.121 INFO [http-nio-8080-exec-191] org.apache.catalina.core.ApplicationContext.log Manager: list: Listing contexts for virtual host 'localhost'
22-Dec-2022 12:00:24.415 INFO [http-nio-8080-exec-192] org.apache.catalina.core.ApplicationContext.log Manager: restart: Reloading web application '/proyectoPDSC'
22-Dec-2022 12:00:27.203 INFO [http-nio-8080-exec-187] org.apache.catalina.core.ApplicationContext.log Manager: list: Listing contexts for virtual host 'localhost'
22-Dec-2022 12:00:27.356 INFO [http-nio-8080-exec-194] org.apache.catalina.core.ApplicationContext.log Manager: restart: Reloading web application '/proyectoPDSC'
22-Dec-2022 12:00:29.792 INFO [http-nio-8080-exec-188] org.apache.catalina.core.ApplicationContext.log Manager: list: Listing contexts for virtual host 'localhost'
22-Dec-2022 12:00:29.991 INFO [http-nio-8080-exec-185] org.apache.catalina.core.ApplicationContext.log Manager: restart: Reloading web application '/proyectoPDSC'
22-Dec-2022 12:00:32.141 INFO [http-nio-8080-exec-188] org.apache.catalina.core.ApplicationContext.log Manager: list: Listing contexts for virtual host 'localhost'
22-Dec-2022 12:00:32.266 INFO [http-nio-8080-exec-186] org.apache.catalina.core.ApplicationContext.log Manager: restart: Reloading web application '/proyectoPDSC'
22-Dec-2022 12:00:47.924 INFO [http-nio-8080-exec-184] org.apache.catalina.core.ApplicationContext.log Manager: list: Listing contexts for virtual host 'localhost'
22-Dec-2022 12:00:48.037 INFO [http-nio-8080-exec-189] org.apache.catalina.core.ApplicationContext.log Manager: restart: Reloading web application '/proyectoPDSC'
22-Dec-2022 13:10:34.182 INFO [http-nio-8080-exec-201] org.apache.catalina.core.ApplicationContext.log Manager: list: Listing contexts for virtual host 'localhost'
22-Dec-2022 13:10:35.539 INFO [http-nio-8080-exec-204] org.apache.catalina.core.ApplicationContext.log Manager: list: Listing contexts for virtual host 'localhost'
22-Dec-2022 13:10:35.785 INFO [http-nio-8080-exec-205] org.apache.catalina.core.ApplicationContext.log Manager: restart: Reloading web application '/proyectoPDSC'
22-Dec-2022 13:12:13.603 INFO [http-nio-8080-exec-207] org.apache.catalina.core.ApplicationContext.log Manager: list: Listing contexts for virtual host 'localhost'
22-Dec-2022 13:12:13.898 INFO [http-nio-8080-exec-204] org.apache.catalina.core.ApplicationContext.log Manager: restart: Reloading web application '/proyectoPDSC'
22-Dec-2022 13:12:18.888 INFO [http-nio-8080-exec-211] org.apache.catalina.core.ApplicationContext.log Manager: list: Listing contexts for virtual host 'localhost'
22-Dec-2022 13:12:19.271 INFO [http-nio-8080-exec-208] org.apache.catalina.core.ApplicationContext.log Manager: restart: Reloading web application '/proyectoPDSC'
22-Dec-2022 13:13:22.646 INFO [http-nio-8080-exec-212] org.apache.catalina.core.ApplicationContext.log Manager: list: Listing contexts for virtual host 'localhost'
22-Dec-2022 13:13:22.759 INFO [http-nio-8080-exec-218] org.apache.catalina.core.ApplicationContext.log Manager: restart: Reloading web application '/proyectoPDSC'
22-Dec-2022 13:13:44.846 INFO [http-nio-8080-exec-212] org.apache.catalina.core.ApplicationContext.log Manager: list: Listing contexts for virtual host 'localhost'
22-Dec-2022 13:13:44.940 INFO [http-nio-8080-exec-216] org.apache.catalina.core.ApplicationContext.log Manager: restart: Reloading web application '/proyectoPDSC'
22-Dec-2022 13:13:54.969 INFO [http-nio-8080-exec-209] org.apache.catalina.core.ApplicationContext.log Manager: list: Listing contexts for virtual host 'localhost'
22-Dec-2022 13:13:55.048 INFO [http-nio-8080-exec-220] org.apache.catalina.core.ApplicationContext.log Manager: restart: Reloading web application '/proyectoPDSC'
22-Dec-2022 13:14:11.575 INFO [http-nio-8080-exec-221] org.apache.catalina.core.ApplicationContext.log Manager: list: Listing contexts for virtual host 'localhost'
22-Dec-2022 13:14:11.706 INFO [http-nio-8080-exec-213] org.apache.catalina.core.ApplicationContext.log Manager: restart: Reloading web application '/proyectoPDSC'
22-Dec-2022 13:14:45.248 INFO [http-nio-8080-exec-212] org.apache.catalina.core.ApplicationContext.log Manager: list: Listing contexts for virtual host 'localhost'
22-Dec-2022 13:14:45.363 INFO [http-nio-8080-exec-224] org.apache.catalina.core.ApplicationContext.log Manager: restart: Reloading web application '/proyectoPDSC'
22-Dec-2022 13:14:48.348 INFO [http-nio-8080-exec-200] org.apache.catalina.core.ApplicationContext.log Manager: list: Listing contexts for virtual host 'localhost'
22-Dec-2022 13:14:48.509 INFO [http-nio-8080-exec-214] org.apache.catalina.core.ApplicationContext.log Manager: restart: Reloading web application '/proyectoPDSC'
22-Dec-2022 13:14:53.160 INFO [http-nio-8080-exec-209] org.apache.catalina.core.ApplicationContext.log Manager: list: Listing contexts for virtual host 'localhost'
22-Dec-2022 13:14:53.276 INFO [http-nio-8080-exec-225] org.apache.catalina.core.ApplicationContext.log Manager: restart: Reloading web application '/proyectoPDSC'
22-Dec-2022 13:15:15.470 INFO [http-nio-8080-exec-209] org.apache.catalina.core.ApplicationContext.log Manager: list: Listing contexts for virtual host 'localhost'
22-Dec-2022 13:15:15.575 INFO [http-nio-8080-exec-228] org.apache.catalina.core.ApplicationContext.log Manager: restart: Reloading web application '/proyectoPDSC'
22-Dec-2022 13:15:25.334 INFO [http-nio-8080-exec-229] org.apache.catalina.core.ApplicationContext.log Manager: list: Listing contexts for virtual host 'localhost'
22-Dec-2022 13:15:25.429 INFO [http-nio-8080-exec-219] org.apache.catalina.core.ApplicationContext.log Manager: restart: Reloading web application '/proyectoPDSC'
22-Dec-2022 13:15:44.165 INFO [http-nio-8080-exec-229] org.apache.catalina.core.ApplicationContext.log Manager: list: Listing contexts for virtual host 'localhost'
22-Dec-2022 13:15:44.253 INFO [http-nio-8080-exec-209] org.apache.catalina.core.ApplicationContext.log Manager: restart: Reloading web application '/proyectoPDSC'
22-Dec-2022 13:16:08.494 INFO [http-nio-8080-exec-229] org.apache.catalina.core.ApplicationContext.log Manager: list: Listing contexts for virtual host 'localhost'
22-Dec-2022 13:16:08.586 INFO [http-nio-8080-exec-231] org.apache.catalina.core.ApplicationContext.log Manager: restart: Reloading web application '/proyectoPDSC'
22-Dec-2022 13:16:13.688 INFO [http-nio-8080-exec-237] org.apache.catalina.core.ApplicationContext.log Manager: list: Listing contexts for virtual host 'localhost'
22-Dec-2022 13:16:13.815 INFO [http-nio-8080-exec-236] org.apache.catalina.core.ApplicationContext.log Manager: restart: Reloading web application '/proyectoPDSC'
22-Dec-2022 13:16:25.359 INFO [http-nio-8080-exec-223] org.apache.catalina.core.ApplicationContext.log Manager: list: Listing contexts for virtual host 'localhost'
22-Dec-2022 13:16:25.450 INFO [http-nio-8080-exec-237] org.apache.catalina.core.ApplicationContext.log Manager: restart: Reloading web application '/proyectoPDSC'
22-Dec-2022 13:16:27.722 INFO [http-nio-8080-exec-223] org.apache.catalina.core.ApplicationContext.log Manager: list: Listing contexts for virtual host 'localhost'
22-Dec-2022 13:16:27.924 INFO [http-nio-8080-exec-239] org.apache.catalina.core.ApplicationContext.log Manager: restart: Reloading web application '/proyectoPDSC'
22-Dec-2022 13:21:32.734 INFO [http-nio-8080-exec-246] org.apache.catalina.core.ApplicationContext.log Manager: list: Listing contexts for virtual host 'localhost'
22-Dec-2022 13:21:32.998 INFO [http-nio-8080-exec-245] org.apache.catalina.core.ApplicationContext.log Manager: restart: Reloading web application '/proyectoPDSC'
22-Dec-2022 13:21:36.153 INFO [http-nio-8080-exec-249] org.apache.catalina.core.ApplicationContext.log Manager: list: Listing contexts for virtual host 'localhost'
22-Dec-2022 13:21:36.294 INFO [http-nio-8080-exec-251] org.apache.catalina.core.ApplicationContext.log Manager: restart: Reloading web application '/proyectoPDSC'
22-Dec-2022 13:21:39.441 INFO [http-nio-8080-exec-253] org.apache.catalina.core.ApplicationContext.log Manager: list: Listing contexts for virtual host 'localhost'
22-Dec-2022 13:21:39.642 INFO [http-nio-8080-exec-249] org.apache.catalina.core.ApplicationContext.log Manager: restart: Reloading web application '/proyectoPDSC'
22-Dec-2022 13:21:55.562 INFO [http-nio-8080-exec-244] org.apache.catalina.core.ApplicationContext.log Manager: list: Listing contexts for virtual host 'localhost'
22-Dec-2022 13:21:55.676 INFO [http-nio-8080-exec-253] org.apache.catalina.core.ApplicationContext.log Manager: restart: Reloading web application '/proyectoPDSC'
22-Dec-2022 13:23:14.099 INFO [http-nio-8080-exec-256] org.apache.catalina.core.ApplicationContext.log Manager: list: Listing contexts for virtual host 'localhost'
22-Dec-2022 13:23:14.104 INFO [http-nio-8080-exec-259] org.apache.catalina.core.ApplicationContext.log Manager: list: Listing contexts for virtual host 'localhost'
22-Dec-2022 13:23:14.149 INFO [http-nio-8080-exec-243] org.apache.catalina.core.ApplicationContext.log Manager: undeploy: Undeploying web application at '/proyectoPDSC'
22-Dec-2022 13:23:14.756 INFO [http-nio-8080-exec-244] org.apache.catalina.core.ApplicationContext.log Manager: install: Installing context configuration at 'file:/C:/Users/paula/AppData/Local/Temp/context6578608838174440043.xml'
22-Dec-2022 13:23:16.347 INFO [http-nio-8080-exec-259] org.apache.catalina.core.ApplicationContext.log Manager: start: Starting web application '/proyectoPDSC'
22-Dec-2022 13:27:51.908 INFO [http-nio-8080-exec-266] org.apache.catalina.core.ApplicationContext.log Manager: list: Listing contexts for virtual host 'localhost'
22-Dec-2022 13:27:51.996 INFO [http-nio-8080-exec-261] org.apache.catalina.core.ApplicationContext.log Manager: restart: Reloading web application '/proyectoPDSC'
22-Dec-2022 13:28:20.330 INFO [http-nio-8080-exec-266] org.apache.catalina.core.ApplicationContext.log Manager: list: Listing contexts for virtual host 'localhost'
22-Dec-2022 13:28:20.438 INFO [http-nio-8080-exec-267] org.apache.catalina.core.ApplicationContext.log Manager: restart: Reloading web application '/proyectoPDSC'
22-Dec-2022 13:30:24.175 INFO [http-nio-8080-exec-273] org.apache.catalina.core.ApplicationContext.log Manager: list: Listing contexts for virtual host 'localhost'
22-Dec-2022 13:30:24.268 INFO [http-nio-8080-exec-274] org.apache.catalina.core.ApplicationContext.log Manager: restart: Reloading web application '/proyectoPDSC'
22-Dec-2022 13:30:26.400 INFO [http-nio-8080-exec-271] org.apache.catalina.core.ApplicationContext.log Manager: list: Listing contexts for virtual host 'localhost'
22-Dec-2022 13:30:26.532 INFO [http-nio-8080-exec-273] org.apache.catalina.core.ApplicationContext.log Manager: restart: Reloading web application '/proyectoPDSC'
22-Dec-2022 13:30:53.827 INFO [http-nio-8080-exec-272] org.apache.catalina.core.ApplicationContext.log Manager: list: Listing contexts for virtual host 'localhost'
22-Dec-2022 13:30:53.918 INFO [http-nio-8080-exec-262] org.apache.catalina.core.ApplicationContext.log Manager: restart: Reloading web application '/proyectoPDSC'
22-Dec-2022 13:31:18.990 INFO [http-nio-8080-exec-276] org.apache.catalina.core.ApplicationContext.log Manager: list: Listing contexts for virtual host 'localhost'
22-Dec-2022 13:31:19.119 INFO [http-nio-8080-exec-275] org.apache.catalina.core.ApplicationContext.log Manager: restart: Reloading web application '/proyectoPDSC'
22-Dec-2022 13:32:43.045 INFO [http-nio-8080-exec-276] org.apache.catalina.core.ApplicationContext.log Manager: list: Listing contexts for virtual host 'localhost'
22-Dec-2022 13:32:43.130 INFO [http-nio-8080-exec-287] org.apache.catalina.core.ApplicationContext.log Manager: restart: Reloading web application '/proyectoPDSC'
22-Dec-2022 13:32:48.504 INFO [http-nio-8080-exec-264] org.apache.catalina.core.ApplicationContext.log Manager: list: Listing contexts for virtual host 'localhost'
22-Dec-2022 13:32:48.621 INFO [http-nio-8080-exec-276] org.apache.catalina.core.ApplicationContext.log Manager: restart: Reloading web application '/proyectoPDSC'
22-Dec-2022 13:32:52.190 INFO [http-nio-8080-exec-289] org.apache.catalina.core.ApplicationContext.log Manager: list: Listing contexts for virtual host 'localhost'
22-Dec-2022 13:32:52.286 INFO [http-nio-8080-exec-288] org.apache.catalina.core.ApplicationContext.log Manager: restart: Reloading web application '/proyectoPDSC'
22-Dec-2022 16:43:07.283 INFO [http-nio-8080-exec-298] org.apache.catalina.core.ApplicationContext.log Manager: list: Listing contexts for virtual host 'localhost'
22-Dec-2022 16:43:07.288 INFO [http-nio-8080-exec-299] org.apache.catalina.core.ApplicationContext.log Manager: list: Listing contexts for virtual host 'localhost'
22-Dec-2022 16:43:07.300 INFO [http-nio-8080-exec-300] org.apache.catalina.core.ApplicationContext.log Manager: undeploy: Undeploying web application at '/proyectoPDSC'
22-Dec-2022 16:43:07.875 INFO [http-nio-8080-exec-298] org.apache.catalina.core.ApplicationContext.log Manager: install: Installing context configuration at 'file:/C:/Users/paula/AppData/Local/Temp/context13637691781089455104.xml'
22-Dec-2022 16:43:09.256 INFO [http-nio-8080-exec-294] org.apache.catalina.core.ApplicationContext.log Manager: start: Starting web application '/proyectoPDSC'
22-Dec-2022 16:50:54.333 INFO [http-nio-8080-exec-303] org.apache.catalina.core.ApplicationContext.log Manager: list: Listing contexts for virtual host 'localhost'
22-Dec-2022 16:50:54.439 INFO [http-nio-8080-exec-307] org.apache.catalina.core.ApplicationContext.log Manager: restart: Reloading web application '/proyectoPDSC'
22-Dec-2022 16:52:29.177 INFO [http-nio-8080-exec-303] org.apache.catalina.core.ApplicationContext.log Manager: list: Listing contexts for virtual host 'localhost'
22-Dec-2022 16:52:29.301 INFO [http-nio-8080-exec-311] org.apache.catalina.core.ApplicationContext.log Manager: restart: Reloading web application '/proyectoPDSC'
22-Dec-2022 16:52:42.877 INFO [http-nio-8080-exec-312] org.apache.catalina.core.ApplicationContext.log Manager: list: Listing contexts for virtual host 'localhost'
22-Dec-2022 16:52:42.881 INFO [http-nio-8080-exec-306] org.apache.catalina.core.ApplicationContext.log Manager: list: Listing contexts for virtual host 'localhost'
22-Dec-2022 16:52:42.898 INFO [http-nio-8080-exec-313] org.apache.catalina.core.ApplicationContext.log Manager: undeploy: Undeploying web application at '/proyectoPDSC'
22-Dec-2022 16:52:43.506 INFO [http-nio-8080-exec-312] org.apache.catalina.core.ApplicationContext.log Manager: install: Installing context configuration at 'file:/C:/Users/paula/AppData/Local/Temp/context3739496278472582033.xml'
22-Dec-2022 16:52:45.196 INFO [http-nio-8080-exec-317] org.apache.catalina.core.ApplicationContext.log Manager: start: Starting web application '/proyectoPDSC'
22-Dec-2022 16:55:46.984 INFO [http-nio-8080-exec-320] org.apache.catalina.core.ApplicationContext.log Manager: list: Listing contexts for virtual host 'localhost'
22-Dec-2022 16:55:47.071 INFO [http-nio-8080-exec-319] org.apache.catalina.core.ApplicationContext.log Manager: restart: Reloading web application '/proyectoPDSC'
22-Dec-2022 16:56:10.353 INFO [http-nio-8080-exec-324] org.apache.catalina.core.ApplicationContext.log Manager: list: Listing contexts for virtual host 'localhost'
22-Dec-2022 16:56:10.447 INFO [http-nio-8080-exec-321] org.apache.catalina.core.ApplicationContext.log Manager: restart: Reloading web application '/proyectoPDSC'
22-Dec-2022 16:56:32.798 INFO [http-nio-8080-exec-327] org.apache.catalina.core.ApplicationContext.log Manager: list: Listing contexts for virtual host 'localhost'
22-Dec-2022 16:56:32.802 INFO [http-nio-8080-exec-320] org.apache.catalina.core.ApplicationContext.log Manager: list: Listing contexts for virtual host 'localhost'
22-Dec-2022 16:56:32.813 INFO [http-nio-8080-exec-318] org.apache.catalina.core.ApplicationContext.log Manager: undeploy: Undeploying web application at '/proyectoPDSC'
22-Dec-2022 16:56:33.391 INFO [http-nio-8080-exec-327] org.apache.catalina.core.ApplicationContext.log Manager: install: Installing context configuration at 'file:/C:/Users/paula/AppData/Local/Temp/context5826466495190482647.xml'
22-Dec-2022 16:56:34.913 INFO [http-nio-8080-exec-323] org.apache.catalina.core.ApplicationContext.log Manager: start: Starting web application '/proyectoPDSC'
22-Dec-2022 16:59:07.184 INFO [http-nio-8080-exec-335] org.apache.catalina.core.ApplicationContext.log Manager: list: Listing contexts for virtual host 'localhost'
22-Dec-2022 16:59:07.282 INFO [http-nio-8080-exec-333] org.apache.catalina.core.ApplicationContext.log Manager: restart: Reloading web application '/proyectoPDSC'
22-Dec-2022 17:00:07.689 INFO [http-nio-8080-exec-346] org.apache.catalina.core.ApplicationContext.log Manager: list: Listing contexts for virtual host 'localhost'
22-Dec-2022 17:00:07.819 INFO [http-nio-8080-exec-340] org.apache.catalina.core.ApplicationContext.log Manager: restart: Reloading web application '/proyectoPDSC'
22-Dec-2022 17:00:14.055 INFO [http-nio-8080-exec-341] org.apache.catalina.core.ApplicationContext.log Manager: list: Listing contexts for virtual host 'localhost'
22-Dec-2022 17:00:14.057 INFO [http-nio-8080-exec-343] org.apache.catalina.core.ApplicationContext.log Manager: list: Listing contexts for virtual host 'localhost'
22-Dec-2022 17:00:14.075 INFO [http-nio-8080-exec-332] org.apache.catalina.core.ApplicationContext.log Manager: undeploy: Undeploying web application at '/proyectoPDSC'
22-Dec-2022 17:00:14.818 INFO [http-nio-8080-exec-343] org.apache.catalina.core.ApplicationContext.log Manager: install: Installing context configuration at 'file:/C:/Users/paula/AppData/Local/Temp/context9856891985740304053.xml'
22-Dec-2022 17:00:16.834 INFO [http-nio-8080-exec-349] org.apache.catalina.core.ApplicationContext.log Manager: start: Starting web application '/proyectoPDSC'
22-Dec-2022 17:01:02.619 INFO [http-nio-8080-exec-341] org.apache.catalina.core.ApplicationContext.log Manager: list: Listing contexts for virtual host 'localhost'
22-Dec-2022 17:01:02.728 INFO [http-nio-8080-exec-355] org.apache.catalina.core.ApplicationContext.log Manager: restart: Reloading web application '/proyectoPDSC'
22-Dec-2022 17:01:15.032 INFO [http-nio-8080-exec-351] org.apache.catalina.core.ApplicationContext.log Manager: list: Listing contexts for virtual host 'localhost'
22-Dec-2022 17:01:15.118 INFO [http-nio-8080-exec-353] org.apache.catalina.core.ApplicationContext.log Manager: restart: Reloading web application '/proyectoPDSC'
22-Dec-2022 17:02:26.697 INFO [http-nio-8080-exec-350] org.apache.catalina.core.ApplicationContext.log Manager: list: Listing contexts for virtual host 'localhost'
22-Dec-2022 17:02:26.848 INFO [http-nio-8080-exec-361] org.apache.catalina.core.ApplicationContext.log Manager: restart: Reloading web application '/proyectoPDSC'
22-Dec-2022 17:02:31.894 INFO [http-nio-8080-exec-359] org.apache.catalina.core.ApplicationContext.log Manager: list: Listing contexts for virtual host 'localhost'
22-Dec-2022 17:02:31.979 INFO [http-nio-8080-exec-350] org.apache.catalina.core.ApplicationContext.log Manager: restart: Reloading web application '/proyectoPDSC'
22-Dec-2022 17:02:45.657 INFO [http-nio-8080-exec-362] org.apache.catalina.core.ApplicationContext.log Manager: list: Listing contexts for virtual host 'localhost'
22-Dec-2022 17:02:45.660 INFO [http-nio-8080-exec-360] org.apache.catalina.core.ApplicationContext.log Manager: list: Listing contexts for virtual host 'localhost'
22-Dec-2022 17:02:45.670 INFO [http-nio-8080-exec-358] org.apache.catalina.core.ApplicationContext.log Manager: undeploy: Undeploying web application at '/proyectoPDSC'
22-Dec-2022 17:02:46.285 INFO [http-nio-8080-exec-356] org.apache.catalina.core.ApplicationContext.log Manager: install: Installing context configuration at 'file:/C:/Users/paula/AppData/Local/Temp/context3552321788002146656.xml'
22-Dec-2022 17:02:47.990 INFO [http-nio-8080-exec-360] org.apache.catalina.core.ApplicationContext.log Manager: start: Starting web application '/proyectoPDSC'
22-Dec-2022 17:03:35.637 INFO [http-nio-8080-exec-368] org.apache.catalina.core.ApplicationContext.log Manager: list: Listing contexts for virtual host 'localhost'
22-Dec-2022 17:03:35.727 INFO [http-nio-8080-exec-372] org.apache.catalina.core.ApplicationContext.log Manager: restart: Reloading web application '/proyectoPDSC'
22-Dec-2022 17:03:54.894 INFO [http-nio-8080-exec-374] org.apache.catalina.core.ApplicationContext.log Manager: list: Listing contexts for virtual host 'localhost'
22-Dec-2022 17:03:54.987 INFO [http-nio-8080-exec-373] org.apache.catalina.core.ApplicationContext.log Manager: restart: Reloading web application '/proyectoPDSC'
22-Dec-2022 17:04:00.686 INFO [http-nio-8080-exec-376] org.apache.catalina.core.ApplicationContext.log Manager: list: Listing contexts for virtual host 'localhost'
22-Dec-2022 17:04:00.836 INFO [http-nio-8080-exec-370] org.apache.catalina.core.ApplicationContext.log Manager: restart: Reloading web application '/proyectoPDSC'
22-Dec-2022 17:04:05.344 INFO [http-nio-8080-exec-382] org.apache.catalina.core.ApplicationContext.log Manager: list: Listing contexts for virtual host 'localhost'
22-Dec-2022 17:04:05.348 INFO [http-nio-8080-exec-380] org.apache.catalina.core.ApplicationContext.log Manager: list: Listing contexts for virtual host 'localhost'
22-Dec-2022 17:04:05.358 INFO [http-nio-8080-exec-381] org.apache.catalina.core.ApplicationContext.log Manager: undeploy: Undeploying web application at '/proyectoPDSC'
22-Dec-2022 17:04:05.926 INFO [http-nio-8080-exec-383] org.apache.catalina.core.ApplicationContext.log Manager: install: Installing context configuration at 'file:/C:/Users/paula/AppData/Local/Temp/context16590615001984359056.xml'
22-Dec-2022 17:04:07.425 INFO [http-nio-8080-exec-380] org.apache.catalina.core.ApplicationContext.log Manager: start: Starting web application '/proyectoPDSC'
22-Dec-2022 17:05:02.867 INFO [http-nio-8080-exec-377] org.apache.catalina.core.ApplicationContext.log Manager: list: Listing contexts for virtual host 'localhost'
22-Dec-2022 17:06:03.854 INFO [http-nio-8080-exec-390] org.apache.catalina.core.ApplicationContext.log Manager: list: Listing contexts for virtual host 'localhost'
22-Dec-2022 17:06:03.856 INFO [http-nio-8080-exec-384] org.apache.catalina.core.ApplicationContext.log Manager: list: Listing contexts for virtual host 'localhost'
22-Dec-2022 17:06:03.868 INFO [http-nio-8080-exec-388] org.apache.catalina.core.ApplicationContext.log Manager: undeploy: Undeploying web application at '/proyectoPDSC'
22-Dec-2022 17:06:04.441 INFO [http-nio-8080-exec-387] org.apache.catalina.core.ApplicationContext.log Manager: install: Installing context configuration at 'file:/C:/Users/paula/AppData/Local/Temp/context13315358547663745286.xml'
22-Dec-2022 17:06:05.827 INFO [http-nio-8080-exec-389] org.apache.catalina.core.ApplicationContext.log Manager: start: Starting web application '/proyectoPDSC'
22-Dec-2022 17:07:44.926 INFO [http-nio-8080-exec-395] org.apache.catalina.core.ApplicationContext.log Manager: list: Listing contexts for virtual host 'localhost'
22-Dec-2022 17:08:09.283 INFO [http-nio-8080-exec-396] org.apache.catalina.core.ApplicationContext.log Manager: list: Listing contexts for virtual host 'localhost'
22-Dec-2022 17:08:09.286 INFO [http-nio-8080-exec-397] org.apache.catalina.core.ApplicationContext.log Manager: list: Listing contexts for virtual host 'localhost'
22-Dec-2022 17:08:09.301 INFO [http-nio-8080-exec-398] org.apache.catalina.core.ApplicationContext.log Manager: undeploy: Undeploying web application at '/proyectoPDSC'
22-Dec-2022 17:08:09.895 INFO [http-nio-8080-exec-397] org.apache.catalina.core.ApplicationContext.log Manager: install: Installing context configuration at 'file:/C:/Users/paula/AppData/Local/Temp/context12094760607538052189.xml'
22-Dec-2022 17:08:11.354 INFO [http-nio-8080-exec-389] org.apache.catalina.core.ApplicationContext.log Manager: start: Starting web application '/proyectoPDSC'
22-Dec-2022 17:11:16.368 INFO [http-nio-8080-exec-1] org.apache.catalina.core.ApplicationContext.log Manager: init: Associated with Deployer 'Catalina:type=Deployer,host=localhost'
22-Dec-2022 17:11:16.368 INFO [http-nio-8080-exec-1] org.apache.catalina.core.ApplicationContext.log Manager: init: Global resources are available
22-Dec-2022 17:11:16.488 INFO [http-nio-8080-exec-1] org.apache.catalina.core.ApplicationContext.log Manager: list: Listing contexts for virtual host 'localhost'
22-Dec-2022 17:11:16.502 INFO [http-nio-8080-exec-9] org.apache.catalina.core.ApplicationContext.log Manager: list: Listing contexts for virtual host 'localhost'
22-Dec-2022 17:11:16.547 INFO [http-nio-8080-exec-5] org.apache.catalina.core.ApplicationContext.log Manager: undeploy: Undeploying web application at '/proyectoPDSC'
22-Dec-2022 17:11:17.317 INFO [http-nio-8080-exec-6] org.apache.catalina.core.ApplicationContext.log Manager: install: Installing context configuration at 'file:/C:/Users/paula/AppData/Local/Temp/context5276023108520506421.xml'
22-Dec-2022 17:11:19.496 INFO [http-nio-8080-exec-8] org.apache.catalina.core.ApplicationContext.log Manager: start: Starting web application '/proyectoPDSC'
22-Dec-2022 17:12:57.143 INFO [http-nio-8080-exec-2] org.apache.catalina.core.ApplicationContext.log Manager: init: Associated with Deployer 'Catalina:type=Deployer,host=localhost'
22-Dec-2022 17:12:57.143 INFO [http-nio-8080-exec-2] org.apache.catalina.core.ApplicationContext.log Manager: init: Global resources are available
22-Dec-2022 17:13:31.410 INFO [http-nio-8080-exec-5] org.apache.catalina.core.ApplicationContext.log Manager: list: Listing contexts for virtual host 'localhost'
22-Dec-2022 17:13:31.417 INFO [http-nio-8080-exec-3] org.apache.catalina.core.ApplicationContext.log Manager: list: Listing contexts for virtual host 'localhost'
22-Dec-2022 17:13:31.432 INFO [http-nio-8080-exec-2] org.apache.catalina.core.ApplicationContext.log Manager: undeploy: Undeploying web application at '/proyectoPDSC'
22-Dec-2022 17:13:32.090 INFO [http-nio-8080-exec-5] org.apache.catalina.core.ApplicationContext.log Manager: install: Installing context configuration at 'file:/C:/Users/paula/AppData/Local/Temp/context14519837050299614286.xml'
22-Dec-2022 17:13:34.019 INFO [http-nio-8080-exec-7] org.apache.catalina.core.ApplicationContext.log Manager: start: Starting web application '/proyectoPDSC'
22-Dec-2022 17:17:46.113 INFO [http-nio-8080-exec-14] org.apache.catalina.core.ApplicationContext.log Manager: list: Listing contexts for virtual host 'localhost'
22-Dec-2022 17:17:46.284 INFO [http-nio-8080-exec-19] org.apache.catalina.core.ApplicationContext.log Manager: restart: Reloading web application '/proyectoPDSC'
22-Dec-2022 17:18:02.344 INFO [http-nio-8080-exec-20] org.apache.catalina.core.ApplicationContext.log Manager: list: Listing contexts for virtual host 'localhost'
22-Dec-2022 17:18:02.470 INFO [http-nio-8080-exec-15] org.apache.catalina.core.ApplicationContext.log Manager: restart: Reloading web application '/proyectoPDSC'
22-Dec-2022 17:18:03.996 INFO [http-nio-8080-exec-18] org.apache.catalina.core.ApplicationContext.log Manager: list: Listing contexts for virtual host 'localhost'
22-Dec-2022 17:18:04.002 INFO [http-nio-8080-exec-13] org.apache.catalina.core.ApplicationContext.log Manager: list: Listing contexts for virtual host 'localhost'
22-Dec-2022 17:18:05.770 INFO [http-nio-8080-exec-15] org.apache.catalina.core.ApplicationContext.log Manager: undeploy: Undeploying web application at '/proyectoPDSC'
22-Dec-2022 17:18:06.406 INFO [http-nio-8080-exec-21] org.apache.catalina.core.ApplicationContext.log Manager: install: Installing context configuration at 'file:/C:/Users/paula/AppData/Local/Temp/context6120245261450044041.xml'
22-Dec-2022 17:18:08.149 INFO [http-nio-8080-exec-11] org.apache.catalina.core.ApplicationContext.log Manager: start: Starting web application '/proyectoPDSC'
22-Dec-2022 17:19:08.084 INFO [http-nio-8080-exec-25] org.apache.catalina.core.ApplicationContext.log Manager: list: Listing contexts for virtual host 'localhost'
22-Dec-2022 17:19:08.270 INFO [http-nio-8080-exec-11] org.apache.catalina.core.ApplicationContext.log Manager: restart: Reloading web application '/proyectoPDSC'
22-Dec-2022 17:19:19.327 INFO [http-nio-8080-exec-22] org.apache.catalina.core.ApplicationContext.log Manager: list: Listing contexts for virtual host 'localhost'
22-Dec-2022 17:19:19.445 INFO [http-nio-8080-exec-30] org.apache.catalina.core.ApplicationContext.log Manager: restart: Reloading web application '/proyectoPDSC'
22-Dec-2022 17:19:23.664 INFO [http-nio-8080-exec-26] org.apache.catalina.core.ApplicationContext.log Manager: list: Listing contexts for virtual host 'localhost'
22-Dec-2022 17:19:23.792 INFO [http-nio-8080-exec-27] org.apache.catalina.core.ApplicationContext.log Manager: restart: Reloading web application '/proyectoPDSC'
22-Dec-2022 17:19:27.352 INFO [http-nio-8080-exec-35] org.apache.catalina.core.ApplicationContext.log Manager: list: Listing contexts for virtual host 'localhost'
22-Dec-2022 17:19:27.359 INFO [http-nio-8080-exec-25] org.apache.catalina.core.ApplicationContext.log Manager: list: Listing contexts for virtual host 'localhost'
22-Dec-2022 17:19:27.383 INFO [http-nio-8080-exec-33] org.apache.catalina.core.ApplicationContext.log Manager: undeploy: Undeploying web application at '/proyectoPDSC'
22-Dec-2022 17:19:28.008 INFO [http-nio-8080-exec-25] org.apache.catalina.core.ApplicationContext.log Manager: install: Installing context configuration at 'file:/C:/Users/paula/AppData/Local/Temp/context302179826805262398.xml'
22-Dec-2022 17:19:29.946 INFO [http-nio-8080-exec-26] org.apache.catalina.core.ApplicationContext.log Manager: start: Starting web application '/proyectoPDSC'
22-Dec-2022 17:20:49.792 INFO [http-nio-8080-exec-40] org.apache.catalina.core.ApplicationContext.log Manager: list: Listing contexts for virtual host 'localhost'
22-Dec-2022 17:20:49.928 INFO [http-nio-8080-exec-43] org.apache.catalina.core.ApplicationContext.log Manager: restart: Reloading web application '/proyectoPDSC'
22-Dec-2022 17:20:51.642 INFO [http-nio-8080-exec-41] org.apache.catalina.core.ApplicationContext.log Manager: list: Listing contexts for virtual host 'localhost'
22-Dec-2022 17:20:51.886 INFO [http-nio-8080-exec-37] org.apache.catalina.core.ApplicationContext.log Manager: list: Listing contexts for virtual host 'localhost'
22-Dec-2022 17:20:52.642 INFO [http-nio-8080-exec-39] org.apache.catalina.core.ApplicationContext.log Manager: undeploy: Undeploying web application at '/proyectoPDSC'
22-Dec-2022 17:20:53.212 INFO [http-nio-8080-exec-42] org.apache.catalina.core.ApplicationContext.log Manager: install: Installing context configuration at 'file:/C:/Users/paula/AppData/Local/Temp/context12451204370701074488.xml'
22-Dec-2022 17:20:54.879 INFO [http-nio-8080-exec-40] org.apache.catalina.core.ApplicationContext.log Manager: start: Starting web application '/proyectoPDSC'
22-Dec-2022 17:22:20.718 INFO [http-nio-8080-exec-7] org.apache.catalina.core.ApplicationContext.log Manager: init: Associated with Deployer 'Catalina:type=Deployer,host=localhost'
22-Dec-2022 17:22:20.718 INFO [http-nio-8080-exec-7] org.apache.catalina.core.ApplicationContext.log Manager: init: Global resources are available
22-Dec-2022 17:22:31.668 INFO [http-nio-8080-exec-5] org.apache.catalina.core.ApplicationContext.log Manager: list: Listing contexts for virtual host 'localhost'
22-Dec-2022 17:22:31.685 INFO [http-nio-8080-exec-6] org.apache.catalina.core.ApplicationContext.log Manager: list: Listing contexts for virtual host 'localhost'
22-Dec-2022 17:22:31.697 INFO [http-nio-8080-exec-7] org.apache.catalina.core.ApplicationContext.log Manager: undeploy: Undeploying web application at '/proyectoPDSC'
22-Dec-2022 17:22:32.348 INFO [http-nio-8080-exec-5] org.apache.catalina.core.ApplicationContext.log Manager: install: Installing context configuration at 'file:/C:/Users/paula/AppData/Local/Temp/context4881347118933966589.xml'
22-Dec-2022 17:22:35.008 INFO [http-nio-8080-exec-2] org.apache.catalina.core.ApplicationContext.log Manager: start: Starting web application '/proyectoPDSC'
22-Dec-2022 17:23:07.460 INFO [http-nio-8080-exec-8] org.apache.catalina.core.ApplicationContext.log Manager: list: Listing contexts for virtual host 'localhost'
22-Dec-2022 17:23:07.559 INFO [http-nio-8080-exec-1] org.apache.catalina.core.ApplicationContext.log Manager: restart: Reloading web application '/proyectoPDSC'
22-Dec-2022 17:23:21.156 INFO [http-nio-8080-exec-13] org.apache.catalina.core.ApplicationContext.log Manager: list: Listing contexts for virtual host 'localhost'
22-Dec-2022 17:23:21.285 INFO [http-nio-8080-exec-16] org.apache.catalina.core.ApplicationContext.log Manager: restart: Reloading web application '/proyectoPDSC'
22-Dec-2022 17:23:43.090 INFO [http-nio-8080-exec-17] org.apache.catalina.core.ApplicationContext.log Manager: list: Listing contexts for virtual host 'localhost'
22-Dec-2022 17:23:43.228 INFO [http-nio-8080-exec-20] org.apache.catalina.core.ApplicationContext.log Manager: restart: Reloading web application '/proyectoPDSC'
22-Dec-2022 17:23:50.626 INFO [http-nio-8080-exec-19] org.apache.catalina.core.ApplicationContext.log Manager: list: Listing contexts for virtual host 'localhost'
22-Dec-2022 17:23:50.745 INFO [http-nio-8080-exec-14] org.apache.catalina.core.ApplicationContext.log Manager: restart: Reloading web application '/proyectoPDSC'
22-Dec-2022 17:23:56.324 INFO [http-nio-8080-exec-2] org.apache.catalina.core.ApplicationContext.log Manager: list: Listing contexts for virtual host 'localhost'
22-Dec-2022 17:23:56.424 INFO [http-nio-8080-exec-15] org.apache.catalina.core.ApplicationContext.log Manager: restart: Reloading web application '/proyectoPDSC'
22-Dec-2022 17:23:58.405 INFO [http-nio-8080-exec-2] org.apache.catalina.core.ApplicationContext.log Manager: list: Listing contexts for virtual host 'localhost'
22-Dec-2022 17:23:58.415 INFO [http-nio-8080-exec-21] org.apache.catalina.core.ApplicationContext.log Manager: list: Listing contexts for virtual host 'localhost'
22-Dec-2022 17:23:58.900 INFO [http-nio-8080-exec-22] org.apache.catalina.core.ApplicationContext.log Manager: undeploy: Undeploying web application at '/proyectoPDSC'
22-Dec-2022 17:23:59.499 INFO [http-nio-8080-exec-17] org.apache.catalina.core.ApplicationContext.log Manager: install: Installing context configuration at 'file:/C:/Users/paula/AppData/Local/Temp/context4937185988338016856.xml'
22-Dec-2022 17:24:01.248 INFO [http-nio-8080-exec-24] org.apache.catalina.core.ApplicationContext.log Manager: start: Starting web application '/proyectoPDSC'
22-Dec-2022 17:25:06.838 INFO [http-nio-8080-exec-27] org.apache.catalina.core.ApplicationContext.log Manager: list: Listing contexts for virtual host 'localhost'
22-Dec-2022 17:25:06.944 INFO [http-nio-8080-exec-21] org.apache.catalina.core.ApplicationContext.log Manager: restart: Reloading web application '/proyectoPDSC'
22-Dec-2022 17:25:11.937 INFO [http-nio-8080-exec-32] org.apache.catalina.core.ApplicationContext.log Manager: list: Listing contexts for virtual host 'localhost'
22-Dec-2022 17:25:11.942 INFO [http-nio-8080-exec-29] org.apache.catalina.core.ApplicationContext.log Manager: list: Listing contexts for virtual host 'localhost'
22-Dec-2022 17:25:11.958 INFO [http-nio-8080-exec-26] org.apache.catalina.core.ApplicationContext.log Manager: undeploy: Undeploying web application at '/proyectoPDSC'
22-Dec-2022 17:25:12.539 INFO [http-nio-8080-exec-31] org.apache.catalina.core.ApplicationContext.log Manager: install: Installing context configuration at 'file:/C:/Users/paula/AppData/Local/Temp/context8588270062780831563.xml'
22-Dec-2022 17:25:14.191 INFO [http-nio-8080-exec-33] org.apache.catalina.core.ApplicationContext.log Manager: start: Starting web application '/proyectoPDSC'
22-Dec-2022 17:26:07.347 INFO [http-nio-8080-exec-6] org.apache.catalina.core.ApplicationContext.log Manager: init: Associated with Deployer 'Catalina:type=Deployer,host=localhost'
22-Dec-2022 17:26:07.347 INFO [http-nio-8080-exec-6] org.apache.catalina.core.ApplicationContext.log Manager: init: Global resources are available
22-Dec-2022 17:26:09.564 INFO [http-nio-8080-exec-6] org.apache.catalina.core.ApplicationContext.log Manager: list: Listing contexts for virtual host 'localhost'
22-Dec-2022 17:26:09.577 INFO [http-nio-8080-exec-4] org.apache.catalina.core.ApplicationContext.log Manager: list: Listing contexts for virtual host 'localhost'
22-Dec-2022 17:26:09.586 INFO [http-nio-8080-exec-1] org.apache.catalina.core.ApplicationContext.log Manager: undeploy: Undeploying web application at '/proyectoPDSC'
22-Dec-2022 17:26:10.231 INFO [http-nio-8080-exec-2] org.apache.catalina.core.ApplicationContext.log Manager: install: Installing context configuration at 'file:/C:/Users/paula/AppData/Local/Temp/context467693652011813429.xml'
22-Dec-2022 17:26:12.272 INFO [http-nio-8080-exec-5] org.apache.catalina.core.ApplicationContext.log Manager: start: Starting web application '/proyectoPDSC'
22-Dec-2022 17:26:53.108 INFO [http-nio-8080-exec-14] org.apache.catalina.core.ApplicationContext.log Manager: list: Listing contexts for virtual host 'localhost'
22-Dec-2022 17:26:53.222 INFO [http-nio-8080-exec-15] org.apache.catalina.core.ApplicationContext.log Manager: restart: Reloading web application '/proyectoPDSC'
22-Dec-2022 17:28:32.964 INFO [http-nio-8080-exec-22] org.apache.catalina.core.ApplicationContext.log Manager: list: Listing contexts for virtual host 'localhost'
22-Dec-2022 17:28:33.074 INFO [http-nio-8080-exec-19] org.apache.catalina.core.ApplicationContext.log Manager: restart: Reloading web application '/proyectoPDSC'
22-Dec-2022 17:28:35.698 INFO [http-nio-8080-exec-23] org.apache.catalina.core.ApplicationContext.log Manager: list: Listing contexts for virtual host 'localhost'
22-Dec-2022 17:28:35.712 INFO [http-nio-8080-exec-21] org.apache.catalina.core.ApplicationContext.log Manager: list: Listing contexts for virtual host 'localhost'
22-Dec-2022 17:28:35.993 INFO [http-nio-8080-exec-22] org.apache.catalina.core.ApplicationContext.log Manager: undeploy: Undeploying web application at '/proyectoPDSC'
22-Dec-2022 17:28:36.610 INFO [http-nio-8080-exec-13] org.apache.catalina.core.ApplicationContext.log Manager: install: Installing context configuration at 'file:/C:/Users/paula/AppData/Local/Temp/context15694834313512682089.xml'
22-Dec-2022 17:28:38.686 INFO [http-nio-8080-exec-18] org.apache.catalina.core.ApplicationContext.log Manager: start: Starting web application '/proyectoPDSC'
22-Dec-2022 17:30:47.083 INFO [http-nio-8080-exec-27] org.apache.catalina.core.ApplicationContext.log Manager: list: Listing contexts for virtual host 'localhost'
22-Dec-2022 17:30:47.251 INFO [http-nio-8080-exec-25] org.apache.catalina.core.ApplicationContext.log Manager: restart: Reloading web application '/proyectoPDSC'
22-Dec-2022 17:38:56.017 INFO [http-nio-8080-exec-33] org.apache.catalina.core.ApplicationContext.log Manager: list: Listing contexts for virtual host 'localhost'
22-Dec-2022 17:38:56.167 INFO [http-nio-8080-exec-34] org.apache.catalina.core.ApplicationContext.log Manager: restart: Reloading web application '/proyectoPDSC'
22-Dec-2022 17:39:07.338 INFO [http-nio-8080-exec-38] org.apache.catalina.core.ApplicationContext.log Manager: list: Listing contexts for virtual host 'localhost'
22-Dec-2022 17:39:07.343 INFO [http-nio-8080-exec-39] org.apache.catalina.core.ApplicationContext.log Manager: list: Listing contexts for virtual host 'localhost'
22-Dec-2022 17:39:07.363 INFO [http-nio-8080-exec-42] org.apache.catalina.core.ApplicationContext.log Manager: undeploy: Undeploying web application at '/proyectoPDSC'
22-Dec-2022 17:39:07.955 INFO [http-nio-8080-exec-39] org.apache.catalina.core.ApplicationContext.log Manager: install: Installing context configuration at 'file:/C:/Users/paula/AppData/Local/Temp/context16698132973187359334.xml'
22-Dec-2022 17:39:09.738 INFO [http-nio-8080-exec-33] org.apache.catalina.core.ApplicationContext.log Manager: start: Starting web application '/proyectoPDSC'
22-Dec-2022 17:40:27.440 INFO [http-nio-8080-exec-46] org.apache.catalina.core.ApplicationContext.log Manager: list: Listing contexts for virtual host 'localhost'
22-Dec-2022 17:40:27.701 INFO [http-nio-8080-exec-48] org.apache.catalina.core.ApplicationContext.log Manager: restart: Reloading web application '/proyectoPDSC'
22-Dec-2022 17:40:55.084 INFO [http-nio-8080-exec-33] org.apache.catalina.core.ApplicationContext.log Manager: list: Listing contexts for virtual host 'localhost'
22-Dec-2022 17:40:55.184 INFO [http-nio-8080-exec-46] org.apache.catalina.core.ApplicationContext.log Manager: restart: Reloading web application '/proyectoPDSC'
22-Dec-2022 17:41:28.012 INFO [http-nio-8080-exec-9] org.apache.catalina.core.ApplicationContext.log Manager: init: Associated with Deployer 'Catalina:type=Deployer,host=localhost'
22-Dec-2022 17:41:28.012 INFO [http-nio-8080-exec-9] org.apache.catalina.core.ApplicationContext.log Manager: init: Global resources are available
22-Dec-2022 17:41:34.859 INFO [http-nio-8080-exec-1] org.apache.catalina.core.ApplicationContext.log Manager: list: Listing contexts for virtual host 'localhost'
22-Dec-2022 17:41:34.995 INFO [http-nio-8080-exec-5] org.apache.catalina.core.ApplicationContext.log Manager: restart: Reloading web application '/proyectoPDSC'
22-Dec-2022 17:41:42.103 INFO [http-nio-8080-exec-1] org.apache.catalina.core.ApplicationContext.log Manager: list: Listing contexts for virtual host 'localhost'
22-Dec-2022 17:41:42.107 INFO [http-nio-8080-exec-8] org.apache.catalina.core.ApplicationContext.log Manager: list: Listing contexts for virtual host 'localhost'
22-Dec-2022 17:41:42.125 INFO [http-nio-8080-exec-10] org.apache.catalina.core.ApplicationContext.log Manager: undeploy: Undeploying web application at '/proyectoPDSC'
22-Dec-2022 17:41:42.735 INFO [http-nio-8080-exec-2] org.apache.catalina.core.ApplicationContext.log Manager: install: Installing context configuration at 'file:/C:/Users/paula/AppData/Local/Temp/context7921535390774123337.xml'
22-Dec-2022 17:41:44.435 INFO [http-nio-8080-exec-6] org.apache.catalina.core.ApplicationContext.log Manager: start: Starting web application '/proyectoPDSC'
22-Dec-2022 17:42:59.402 INFO [http-nio-8080-exec-19] org.apache.catalina.core.ApplicationContext.log Manager: list: Listing contexts for virtual host 'localhost'
22-Dec-2022 17:42:59.526 INFO [http-nio-8080-exec-12] org.apache.catalina.core.ApplicationContext.log Manager: restart: Reloading web application '/proyectoPDSC'
22-Dec-2022 17:43:02.836 INFO [http-nio-8080-exec-13] org.apache.catalina.core.ApplicationContext.log Manager: list: Listing contexts for virtual host 'localhost'
22-Dec-2022 17:43:02.841 INFO [http-nio-8080-exec-15] org.apache.catalina.core.ApplicationContext.log Manager: list: Listing contexts for virtual host 'localhost'
22-Dec-2022 17:43:02.856 INFO [http-nio-8080-exec-16] org.apache.catalina.core.ApplicationContext.log Manager: undeploy: Undeploying web application at '/proyectoPDSC'
22-Dec-2022 17:43:03.445 INFO [http-nio-8080-exec-15] org.apache.catalina.core.ApplicationContext.log Manager: install: Installing context configuration at 'file:/C:/Users/paula/AppData/Local/Temp/context3315975188875706368.xml'
22-Dec-2022 17:43:05.609 INFO [http-nio-8080-exec-18] org.apache.catalina.core.ApplicationContext.log Manager: start: Starting web application '/proyectoPDSC'
22-Dec-2022 17:43:24.248 INFO [http-nio-8080-exec-20] org.apache.catalina.core.ApplicationContext.log Manager: list: Listing contexts for virtual host 'localhost'
22-Dec-2022 17:43:24.339 INFO [http-nio-8080-exec-19] org.apache.catalina.core.ApplicationContext.log Manager: restart: Reloading web application '/proyectoPDSC'
22-Dec-2022 17:43:36.189 INFO [http-nio-8080-exec-23] org.apache.catalina.core.ApplicationContext.log Manager: list: Listing contexts for virtual host 'localhost'
22-Dec-2022 17:43:36.310 INFO [http-nio-8080-exec-25] org.apache.catalina.core.ApplicationContext.log Manager: restart: Reloading web application '/proyectoPDSC'
22-Dec-2022 17:43:40.674 INFO [http-nio-8080-exec-30] org.apache.catalina.core.ApplicationContext.log Manager: list: Listing contexts for virtual host 'localhost'
22-Dec-2022 17:43:40.767 INFO [http-nio-8080-exec-24] org.apache.catalina.core.ApplicationContext.log Manager: restart: Reloading web application '/proyectoPDSC'
22-Dec-2022 17:43:42.273 INFO [http-nio-8080-exec-21] org.apache.catalina.core.ApplicationContext.log Manager: list: Listing contexts for virtual host 'localhost'
22-Dec-2022 17:43:42.278 INFO [http-nio-8080-exec-28] org.apache.catalina.core.ApplicationContext.log Manager: list: Listing contexts for virtual host 'localhost'
22-Dec-2022 17:43:43.078 INFO [http-nio-8080-exec-25] org.apache.catalina.core.ApplicationContext.log Manager: undeploy: Undeploying web application at '/proyectoPDSC'
22-Dec-2022 17:43:43.676 INFO [http-nio-8080-exec-29] org.apache.catalina.core.ApplicationContext.log Manager: install: Installing context configuration at 'file:/C:/Users/paula/AppData/Local/Temp/context18141334919270009704.xml'
22-Dec-2022 17:43:46.208 INFO [http-nio-8080-exec-24] org.apache.catalina.core.ApplicationContext.log Manager: start: Starting web application '/proyectoPDSC'
22-Dec-2022 17:44:12.025 INFO [http-nio-8080-exec-27] org.apache.catalina.core.ApplicationContext.log Manager: list: Listing contexts for virtual host 'localhost'
22-Dec-2022 17:44:12.146 INFO [http-nio-8080-exec-23] org.apache.catalina.core.ApplicationContext.log Manager: restart: Reloading web application '/proyectoPDSC'
22-Dec-2022 17:45:03.020 INFO [http-nio-8080-exec-36] org.apache.catalina.core.ApplicationContext.log Manager: list: Listing contexts for virtual host 'localhost'
22-Dec-2022 17:45:03.134 INFO [http-nio-8080-exec-30] org.apache.catalina.core.ApplicationContext.log Manager: restart: Reloading web application '/proyectoPDSC'
22-Dec-2022 17:45:11.017 INFO [http-nio-8080-exec-39] org.apache.catalina.core.ApplicationContext.log Manager: list: Listing contexts for virtual host 'localhost'
22-Dec-2022 17:45:11.023 INFO [http-nio-8080-exec-34] org.apache.catalina.core.ApplicationContext.log Manager: list: Listing contexts for virtual host 'localhost'
22-Dec-2022 17:45:11.052 INFO [http-nio-8080-exec-37] org.apache.catalina.core.ApplicationContext.log Manager: undeploy: Undeploying web application at '/proyectoPDSC'
22-Dec-2022 17:45:11.646 INFO [http-nio-8080-exec-35] org.apache.catalina.core.ApplicationContext.log Manager: install: Installing context configuration at 'file:/C:/Users/paula/AppData/Local/Temp/context3483358252287516101.xml'
22-Dec-2022 17:45:13.771 INFO [http-nio-8080-exec-38] org.apache.catalina.core.ApplicationContext.log Manager: start: Starting web application '/proyectoPDSC'
22-Dec-2022 17:46:42.576 INFO [http-nio-8080-exec-45] org.apache.catalina.core.ApplicationContext.log Manager: list: Listing contexts for virtual host 'localhost'
22-Dec-2022 17:46:42.691 INFO [http-nio-8080-exec-43] org.apache.catalina.core.ApplicationContext.log Manager: restart: Reloading web application '/proyectoPDSC'
22-Dec-2022 17:48:12.250 INFO [http-nio-8080-exec-42] org.apache.catalina.core.ApplicationContext.log Manager: list: Listing contexts for virtual host 'localhost'
22-Dec-2022 17:48:12.360 INFO [http-nio-8080-exec-46] org.apache.catalina.core.ApplicationContext.log Manager: restart: Reloading web application '/proyectoPDSC'
22-Dec-2022 17:48:14.918 INFO [http-nio-8080-exec-49] org.apache.catalina.core.ApplicationContext.log Manager: list: Listing contexts for virtual host 'localhost'
22-Dec-2022 17:48:15.052 INFO [http-nio-8080-exec-37] org.apache.catalina.core.ApplicationContext.log Manager: restart: Reloading web application '/proyectoPDSC'
22-Dec-2022 17:48:43.232 INFO [http-nio-8080-exec-54] org.apache.catalina.core.ApplicationContext.log Manager: list: Listing contexts for virtual host 'localhost'
22-Dec-2022 17:48:43.360 INFO [http-nio-8080-exec-49] org.apache.catalina.core.ApplicationContext.log Manager: restart: Reloading web application '/proyectoPDSC'
22-Dec-2022 17:48:50.147 INFO [http-nio-8080-exec-50] org.apache.catalina.core.ApplicationContext.log Manager: list: Listing contexts for virtual host 'localhost'
22-Dec-2022 17:49:18.738 INFO [http-nio-8080-exec-51] org.apache.catalina.core.ApplicationContext.log Manager: list: Listing contexts for virtual host 'localhost'
22-Dec-2022 17:49:18.852 INFO [http-nio-8080-exec-58] org.apache.catalina.core.ApplicationContext.log Manager: restart: Reloading web application '/proyectoPDSC'
22-Dec-2022 17:49:21.335 INFO [http-nio-8080-exec-54] org.apache.catalina.core.ApplicationContext.log Manager: list: Listing contexts for virtual host 'localhost'
22-Dec-2022 17:49:21.448 INFO [http-nio-8080-exec-57] org.apache.catalina.core.ApplicationContext.log Manager: restart: Reloading web application '/proyectoPDSC'
22-Dec-2022 17:49:25.160 INFO [http-nio-8080-exec-51] org.apache.catalina.core.ApplicationContext.log Manager: list: Listing contexts for virtual host 'localhost'
22-Dec-2022 17:49:25.250 INFO [http-nio-8080-exec-60] org.apache.catalina.core.ApplicationContext.log Manager: restart: Reloading web application '/proyectoPDSC'
22-Dec-2022 17:52:58.056 INFO [http-nio-8080-exec-10] org.apache.catalina.core.ApplicationContext.log Manager: init: Associated with Deployer 'Catalina:type=Deployer,host=localhost'
22-Dec-2022 17:52:58.056 INFO [http-nio-8080-exec-10] org.apache.catalina.core.ApplicationContext.log Manager: init: Global resources are available
22-Dec-2022 17:54:36.825 INFO [http-nio-8080-exec-3] org.apache.catalina.core.ApplicationContext.log Manager: list: Listing contexts for virtual host 'localhost'
22-Dec-2022 17:54:37.212 INFO [http-nio-8080-exec-7] org.apache.catalina.core.ApplicationContext.log Manager: restart: Reloading web application '/proyectoPDSC'
22-Dec-2022 17:54:55.348 INFO [http-nio-8080-exec-9] org.apache.catalina.core.ApplicationContext.log Manager: list: Listing contexts for virtual host 'localhost'
22-Dec-2022 17:54:55.469 INFO [http-nio-8080-exec-1] org.apache.catalina.core.ApplicationContext.log Manager: restart: Reloading web application '/proyectoPDSC'
22-Dec-2022 17:55:03.233 INFO [http-nio-8080-exec-13] org.apache.catalina.core.ApplicationContext.log Manager: list: Listing contexts for virtual host 'localhost'
22-Dec-2022 17:55:03.390 INFO [http-nio-8080-exec-10] org.apache.catalina.core.ApplicationContext.log Manager: restart: Reloading web application '/proyectoPDSC'
22-Dec-2022 17:55:34.297 INFO [http-nio-8080-exec-16] org.apache.catalina.core.ApplicationContext.log Manager: list: Listing contexts for virtual host 'localhost'
22-Dec-2022 17:55:34.421 INFO [http-nio-8080-exec-8] org.apache.catalina.core.ApplicationContext.log Manager: restart: Reloading web application '/proyectoPDSC'
22-Dec-2022 17:57:47.350 INFO [http-nio-8080-exec-18] org.apache.catalina.core.ApplicationContext.log Manager: list: Listing contexts for virtual host 'localhost'
22-Dec-2022 17:57:47.454 INFO [http-nio-8080-exec-19] org.apache.catalina.core.ApplicationContext.log Manager: restart: Reloading web application '/proyectoPDSC'
22-Dec-2022 17:57:50.823 INFO [http-nio-8080-exec-18] org.apache.catalina.core.ApplicationContext.log Manager: list: Listing contexts for virtual host 'localhost'
22-Dec-2022 17:57:50.981 INFO [http-nio-8080-exec-2] org.apache.catalina.core.ApplicationContext.log Manager: restart: Reloading web application '/proyectoPDSC'
22-Dec-2022 17:59:55.707 INFO [http-nio-8080-exec-27] org.apache.catalina.core.ApplicationContext.log Manager: list: Listing contexts for virtual host 'localhost'
22-Dec-2022 17:59:55.834 INFO [http-nio-8080-exec-24] org.apache.catalina.core.ApplicationContext.log Manager: restart: Reloading web application '/proyectoPDSC'
22-Dec-2022 18:00:16.607 INFO [http-nio-8080-exec-30] org.apache.catalina.core.ApplicationContext.log Manager: list: Listing contexts for virtual host 'localhost'
22-Dec-2022 18:00:16.712 INFO [http-nio-8080-exec-25] org.apache.catalina.core.ApplicationContext.log Manager: restart: Reloading web application '/proyectoPDSC'
22-Dec-2022 18:00:39.461 INFO [http-nio-8080-exec-26] org.apache.catalina.core.ApplicationContext.log Manager: list: Listing contexts for virtual host 'localhost'
22-Dec-2022 18:00:39.609 INFO [http-nio-8080-exec-23] org.apache.catalina.core.ApplicationContext.log Manager: restart: Reloading web application '/proyectoPDSC'
22-Dec-2022 18:00:49.539 INFO [http-nio-8080-exec-29] org.apache.catalina.core.ApplicationContext.log Manager: list: Listing contexts for virtual host 'localhost'
22-Dec-2022 18:00:49.658 INFO [http-nio-8080-exec-21] org.apache.catalina.core.ApplicationContext.log Manager: restart: Reloading web application '/proyectoPDSC'
22-Dec-2022 18:00:59.137 INFO [http-nio-8080-exec-28] org.apache.catalina.core.ApplicationContext.log Manager: list: Listing contexts for virtual host 'localhost'
22-Dec-2022 18:00:59.241 INFO [http-nio-8080-exec-5] org.apache.catalina.core.ApplicationContext.log Manager: restart: Reloading web application '/proyectoPDSC'
22-Dec-2022 18:01:29.430 INFO [http-nio-8080-exec-29] org.apache.catalina.core.ApplicationContext.log Manager: list: Listing contexts for virtual host 'localhost'
22-Dec-2022 18:01:29.540 INFO [http-nio-8080-exec-28] org.apache.catalina.core.ApplicationContext.log Manager: restart: Reloading web application '/proyectoPDSC'
22-Dec-2022 18:01:41.134 INFO [http-nio-8080-exec-32] org.apache.catalina.core.ApplicationContext.log Manager: list: Listing contexts for virtual host 'localhost'
22-Dec-2022 18:01:41.261 INFO [http-nio-8080-exec-36] org.apache.catalina.core.ApplicationContext.log Manager: restart: Reloading web application '/proyectoPDSC'
22-Dec-2022 18:02:14.224 INFO [http-nio-8080-exec-32] org.apache.catalina.core.ApplicationContext.log Manager: list: Listing contexts for virtual host 'localhost'
22-Dec-2022 18:02:14.353 INFO [http-nio-8080-exec-39] org.apache.catalina.core.ApplicationContext.log Manager: restart: Reloading web application '/proyectoPDSC'
22-Dec-2022 18:02:22.589 INFO [http-nio-8080-exec-43] org.apache.catalina.core.ApplicationContext.log Manager: list: Listing contexts for virtual host 'localhost'
22-Dec-2022 18:02:22.685 INFO [http-nio-8080-exec-40] org.apache.catalina.core.ApplicationContext.log Manager: restart: Reloading web application '/proyectoPDSC'
22-Dec-2022 18:02:34.232 INFO [http-nio-8080-exec-29] org.apache.catalina.core.ApplicationContext.log Manager: list: Listing contexts for virtual host 'localhost'
22-Dec-2022 18:02:34.333 INFO [http-nio-8080-exec-46] org.apache.catalina.core.ApplicationContext.log Manager: restart: Reloading web application '/proyectoPDSC'
22-Dec-2022 18:06:31.154 INFO [http-nio-8080-exec-48] org.apache.catalina.core.ApplicationContext.log Manager: list: Listing contexts for virtual host 'localhost'
22-Dec-2022 18:06:31.299 INFO [http-nio-8080-exec-49] org.apache.catalina.core.ApplicationContext.log Manager: restart: Reloading web application '/proyectoPDSC'
22-Dec-2022 18:07:38.567 INFO [http-nio-8080-exec-50] org.apache.catalina.core.ApplicationContext.log Manager: list: Listing contexts for virtual host 'localhost'
22-Dec-2022 18:07:57.889 INFO [http-nio-8080-exec-54] org.apache.catalina.core.ApplicationContext.log Manager: list: Listing contexts for virtual host 'localhost'
22-Dec-2022 18:08:46.093 INFO [http-nio-8080-exec-56] org.apache.catalina.core.ApplicationContext.log Manager: list: Listing contexts for virtual host 'localhost'
22-Dec-2022 18:09:59.426 INFO [http-nio-8080-exec-57] org.apache.catalina.core.ApplicationContext.log Manager: list: Listing contexts for virtual host 'localhost'
22-Dec-2022 18:10:05.283 INFO [http-nio-8080-exec-61] org.apache.catalina.core.ApplicationContext.log Manager: list: Listing contexts for virtual host 'localhost'
22-Dec-2022 18:10:40.329 INFO [http-nio-8080-exec-57] org.apache.catalina.core.ApplicationContext.log Manager: list: Listing contexts for virtual host 'localhost'
22-Dec-2022 18:10:44.175 INFO [http-nio-8080-exec-54] org.apache.catalina.core.ApplicationContext.log Manager: list: Listing contexts for virtual host 'localhost'
22-Dec-2022 18:10:48.378 INFO [http-nio-8080-exec-57] org.apache.catalina.core.ApplicationContext.log Manager: list: Listing contexts for virtual host 'localhost'
22-Dec-2022 18:11:05.411 INFO [http-nio-8080-exec-56] org.apache.catalina.core.ApplicationContext.log Manager: list: Listing contexts for virtual host 'localhost'
22-Dec-2022 18:11:11.333 INFO [http-nio-8080-exec-57] org.apache.catalina.core.ApplicationContext.log Manager: list: Listing contexts for virtual host 'localhost'
22-Dec-2022 18:11:11.342 INFO [http-nio-8080-exec-56] org.apache.catalina.core.ApplicationContext.log Manager: list: Listing contexts for virtual host 'localhost'
22-Dec-2022 18:11:11.361 INFO [http-nio-8080-exec-58] org.apache.catalina.core.ApplicationContext.log Manager: undeploy: Undeploying web application at '/proyectoPDSC'
22-Dec-2022 18:11:11.955 INFO [http-nio-8080-exec-63] org.apache.catalina.core.ApplicationContext.log Manager: install: Installing context configuration at 'file:/C:/Users/paula/AppData/Local/Temp/context13747067479161353146.xml'
22-Dec-2022 18:11:13.859 INFO [http-nio-8080-exec-56] org.apache.catalina.core.ApplicationContext.log Manager: start: Starting web application '/proyectoPDSC'
22-Dec-2022 18:12:42.120 INFO [http-nio-8080-exec-66] org.apache.catalina.core.ApplicationContext.log Manager: list: Listing contexts for virtual host 'localhost'
22-Dec-2022 18:12:42.265 INFO [http-nio-8080-exec-67] org.apache.catalina.core.ApplicationContext.log Manager: restart: Reloading web application '/proyectoPDSC'
22-Dec-2022 18:12:48.858 INFO [http-nio-8080-exec-65] org.apache.catalina.core.ApplicationContext.log Manager: list: Listing contexts for virtual host 'localhost'
22-Dec-2022 18:12:49.006 INFO [http-nio-8080-exec-72] org.apache.catalina.core.ApplicationContext.log Manager: restart: Reloading web application '/proyectoPDSC'
22-Dec-2022 18:13:01.978 INFO [http-nio-8080-exec-70] org.apache.catalina.core.ApplicationContext.log Manager: list: Listing contexts for virtual host 'localhost'
22-Dec-2022 18:13:02.103 INFO [http-nio-8080-exec-65] org.apache.catalina.core.ApplicationContext.log Manager: restart: Reloading web application '/proyectoPDSC'
22-Dec-2022 18:13:32.764 INFO [http-nio-8080-exec-7] org.apache.catalina.core.ApplicationContext.log Manager: init: Associated with Deployer 'Catalina:type=Deployer,host=localhost'
22-Dec-2022 18:13:32.764 INFO [http-nio-8080-exec-7] org.apache.catalina.core.ApplicationContext.log Manager: init: Global resources are available
22-Dec-2022 18:13:36.856 INFO [http-nio-8080-exec-9] org.apache.catalina.core.ApplicationContext.log Manager: list: Listing contexts for virtual host 'localhost'
22-Dec-2022 18:13:36.867 INFO [http-nio-8080-exec-1] org.apache.catalina.core.ApplicationContext.log Manager: list: Listing contexts for virtual host 'localhost'
22-Dec-2022 18:13:36.879 INFO [http-nio-8080-exec-2] org.apache.catalina.core.ApplicationContext.log Manager: undeploy: Undeploying web application at '/proyectoPDSC'
22-Dec-2022 18:13:37.497 INFO [http-nio-8080-exec-6] org.apache.catalina.core.ApplicationContext.log Manager: install: Installing context configuration at 'file:/C:/Users/paula/AppData/Local/Temp/context11825524230610731030.xml'
22-Dec-2022 18:13:39.368 INFO [http-nio-8080-exec-5] org.apache.catalina.core.ApplicationContext.log Manager: start: Starting web application '/proyectoPDSC'
22-Dec-2022 18:14:17.396 INFO [http-nio-8080-exec-17] org.apache.catalina.core.ApplicationContext.log Manager: list: Listing contexts for virtual host 'localhost'
22-Dec-2022 18:14:17.511 INFO [http-nio-8080-exec-12] org.apache.catalina.core.ApplicationContext.log Manager: restart: Reloading web application '/proyectoPDSC'
22-Dec-2022 18:14:37.239 INFO [http-nio-8080-exec-17] org.apache.catalina.core.ApplicationContext.log Manager: list: Listing contexts for virtual host 'localhost'
22-Dec-2022 18:14:37.365 INFO [http-nio-8080-exec-19] org.apache.catalina.core.ApplicationContext.log Manager: restart: Reloading web application '/proyectoPDSC'
22-Dec-2022 18:14:44.789 INFO [http-nio-8080-exec-14] org.apache.catalina.core.ApplicationContext.log Manager: list: Listing contexts for virtual host 'localhost'
22-Dec-2022 18:14:44.921 INFO [http-nio-8080-exec-16] org.apache.catalina.core.ApplicationContext.log Manager: restart: Reloading web application '/proyectoPDSC'
22-Dec-2022 18:14:50.249 INFO [http-nio-8080-exec-3] org.apache.catalina.core.ApplicationContext.log Manager: list: Listing contexts for virtual host 'localhost'
22-Dec-2022 18:14:50.340 INFO [http-nio-8080-exec-21] org.apache.catalina.core.ApplicationContext.log Manager: restart: Reloading web application '/proyectoPDSC'
22-Dec-2022 18:14:56.075 INFO [http-nio-8080-exec-22] org.apache.catalina.core.ApplicationContext.log Manager: list: Listing contexts for virtual host 'localhost'
22-Dec-2022 18:14:56.084 INFO [http-nio-8080-exec-24] org.apache.catalina.core.ApplicationContext.log Manager: list: Listing contexts for virtual host 'localhost'
22-Dec-2022 18:14:56.102 INFO [http-nio-8080-exec-17] org.apache.catalina.core.ApplicationContext.log Manager: undeploy: Undeploying web application at '/proyectoPDSC'
22-Dec-2022 18:14:56.689 INFO [http-nio-8080-exec-18] org.apache.catalina.core.ApplicationContext.log Manager: install: Installing context configuration at 'file:/C:/Users/paula/AppData/Local/Temp/context12953342627753489188.xml'
22-Dec-2022 18:14:58.424 INFO [http-nio-8080-exec-23] org.apache.catalina.core.ApplicationContext.log Manager: start: Starting web application '/proyectoPDSC'
22-Dec-2022 18:15:27.564 INFO [http-nio-8080-exec-27] org.apache.catalina.core.ApplicationContext.log Manager: list: Listing contexts for virtual host 'localhost'
22-Dec-2022 18:15:27.704 INFO [http-nio-8080-exec-20] org.apache.catalina.core.ApplicationContext.log Manager: restart: Reloading web application '/proyectoPDSC'
22-Dec-2022 18:15:31.023 INFO [http-nio-8080-exec-23] org.apache.catalina.core.ApplicationContext.log Manager: list: Listing contexts for virtual host 'localhost'
22-Dec-2022 18:15:31.139 INFO [http-nio-8080-exec-28] org.apache.catalina.core.ApplicationContext.log Manager: restart: Reloading web application '/proyectoPDSC'
22-Dec-2022 18:16:11.888 INFO [http-nio-8080-exec-32] org.apache.catalina.core.ApplicationContext.log Manager: list: Listing contexts for virtual host 'localhost'
22-Dec-2022 18:16:11.999 INFO [http-nio-8080-exec-35] org.apache.catalina.core.ApplicationContext.log Manager: restart: Reloading web application '/proyectoPDSC'
22-Dec-2022 18:17:32.295 INFO [http-nio-8080-exec-36] org.apache.catalina.core.ApplicationContext.log Manager: list: Listing contexts for virtual host 'localhost'
22-Dec-2022 18:17:32.414 INFO [http-nio-8080-exec-34] org.apache.catalina.core.ApplicationContext.log Manager: restart: Reloading web application '/proyectoPDSC'
22-Dec-2022 18:17:46.167 INFO [http-nio-8080-exec-38] org.apache.catalina.core.ApplicationContext.log Manager: list: Listing contexts for virtual host 'localhost'
22-Dec-2022 18:17:46.287 INFO [http-nio-8080-exec-36] org.apache.catalina.core.ApplicationContext.log Manager: restart: Reloading web application '/proyectoPDSC'
22-Dec-2022 18:19:11.822 INFO [http-nio-8080-exec-8] org.apache.catalina.core.ApplicationContext.log Manager: init: Associated with Deployer 'Catalina:type=Deployer,host=localhost'
22-Dec-2022 18:19:11.822 INFO [http-nio-8080-exec-8] org.apache.catalina.core.ApplicationContext.log Manager: init: Global resources are available
22-Dec-2022 18:19:15.999 INFO [http-nio-8080-exec-8] org.apache.catalina.core.ApplicationContext.log Manager: list: Listing contexts for virtual host 'localhost'
22-Dec-2022 18:19:16.008 INFO [http-nio-8080-exec-2] org.apache.catalina.core.ApplicationContext.log Manager: list: Listing contexts for virtual host 'localhost'
22-Dec-2022 18:19:16.021 INFO [http-nio-8080-exec-3] org.apache.catalina.core.ApplicationContext.log Manager: undeploy: Undeploying web application at '/proyectoPDSC'
22-Dec-2022 18:19:16.690 INFO [http-nio-8080-exec-8] org.apache.catalina.core.ApplicationContext.log Manager: install: Installing context configuration at 'file:/C:/Users/paula/AppData/Local/Temp/context4024098909667629650.xml'
22-Dec-2022 18:19:19.243 INFO [http-nio-8080-exec-2] org.apache.catalina.core.ApplicationContext.log Manager: start: Starting web application '/proyectoPDSC'
22-Dec-2022 18:20:21.289 INFO [http-nio-8080-exec-17] org.apache.catalina.core.ApplicationContext.log Manager: list: Listing contexts for virtual host 'localhost'
22-Dec-2022 18:20:21.408 INFO [http-nio-8080-exec-10] org.apache.catalina.core.ApplicationContext.log Manager: restart: Reloading web application '/proyectoPDSC'
22-Dec-2022 18:20:24.458 INFO [http-nio-8080-exec-13] org.apache.catalina.core.ApplicationContext.log Manager: list: Listing contexts for virtual host 'localhost'
22-Dec-2022 18:20:24.467 INFO [http-nio-8080-exec-17] org.apache.catalina.core.ApplicationContext.log Manager: list: Listing contexts for virtual host 'localhost'
22-Dec-2022 18:20:24.526 INFO [http-nio-8080-exec-11] org.apache.catalina.core.ApplicationContext.log Manager: undeploy: Undeploying web application at '/proyectoPDSC'
22-Dec-2022 18:20:25.152 INFO [http-nio-8080-exec-10] org.apache.catalina.core.ApplicationContext.log Manager: install: Installing context configuration at 'file:/C:/Users/paula/AppData/Local/Temp/context7726774434033778638.xml'
22-Dec-2022 18:20:27.102 INFO [http-nio-8080-exec-15] org.apache.catalina.core.ApplicationContext.log Manager: start: Starting web application '/proyectoPDSC'
22-Dec-2022 18:21:20.415 INFO [http-nio-8080-exec-1] org.apache.catalina.core.ApplicationContext.log Manager: init: Associated with Deployer 'Catalina:type=Deployer,host=localhost'
22-Dec-2022 18:21:20.415 INFO [http-nio-8080-exec-1] org.apache.catalina.core.ApplicationContext.log Manager: init: Global resources are available
22-Dec-2022 18:21:43.505 INFO [http-nio-8080-exec-10] org.apache.catalina.core.ApplicationContext.log Manager: list: Listing contexts for virtual host 'localhost'
22-Dec-2022 18:21:43.515 INFO [http-nio-8080-exec-5] org.apache.catalina.core.ApplicationContext.log Manager: list: Listing contexts for virtual host 'localhost'
22-Dec-2022 18:21:43.531 INFO [http-nio-8080-exec-2] org.apache.catalina.core.ApplicationContext.log Manager: undeploy: Undeploying web application at '/proyectoPDSC'
22-Dec-2022 18:21:44.178 INFO [http-nio-8080-exec-6] org.apache.catalina.core.ApplicationContext.log Manager: install: Installing context configuration at 'file:/C:/Users/paula/AppData/Local/Temp/context6163704841387890254.xml'
22-Dec-2022 18:21:46.838 INFO [http-nio-8080-exec-8] org.apache.catalina.core.ApplicationContext.log Manager: start: Starting web application '/proyectoPDSC'
22-Dec-2022 18:22:29.585 INFO [http-nio-8080-exec-12] org.apache.catalina.core.ApplicationContext.log Manager: list: Listing contexts for virtual host 'localhost'
22-Dec-2022 18:22:29.703 INFO [http-nio-8080-exec-14] org.apache.catalina.core.ApplicationContext.log Manager: restart: Reloading web application '/proyectoPDSC'
22-Dec-2022 18:22:57.023 INFO [http-nio-8080-exec-13] org.apache.catalina.core.ApplicationContext.log Manager: list: Listing contexts for virtual host 'localhost'
22-Dec-2022 18:22:57.142 INFO [http-nio-8080-exec-17] org.apache.catalina.core.ApplicationContext.log Manager: restart: Reloading web application '/proyectoPDSC'
22-Dec-2022 18:23:04.336 INFO [http-nio-8080-exec-7] org.apache.catalina.core.ApplicationContext.log Manager: list: Listing contexts for virtual host 'localhost'
22-Dec-2022 18:23:04.344 INFO [http-nio-8080-exec-9] org.apache.catalina.core.ApplicationContext.log Manager: list: Listing contexts for virtual host 'localhost'
22-Dec-2022 18:23:04.360 INFO [http-nio-8080-exec-16] org.apache.catalina.core.ApplicationContext.log Manager: undeploy: Undeploying web application at '/proyectoPDSC'
22-Dec-2022 18:23:04.938 INFO [http-nio-8080-exec-19] org.apache.catalina.core.ApplicationContext.log Manager: install: Installing context configuration at 'file:/C:/Users/paula/AppData/Local/Temp/context12529507600091250331.xml'
22-Dec-2022 18:23:06.637 INFO [http-nio-8080-exec-20] org.apache.catalina.core.ApplicationContext.log Manager: start: Starting web application '/proyectoPDSC'
22-Dec-2022 18:23:54.031 INFO [http-nio-8080-exec-7] org.apache.catalina.core.ApplicationContext.log Manager: init: Associated with Deployer 'Catalina:type=Deployer,host=localhost'
22-Dec-2022 18:23:54.031 INFO [http-nio-8080-exec-7] org.apache.catalina.core.ApplicationContext.log Manager: init: Global resources are available
22-Dec-2022 18:23:59.244 INFO [http-nio-8080-exec-4] org.apache.catalina.core.ApplicationContext.log Manager: list: Listing contexts for virtual host 'localhost'
22-Dec-2022 18:23:59.256 INFO [http-nio-8080-exec-5] org.apache.catalina.core.ApplicationContext.log Manager: list: Listing contexts for virtual host 'localhost'
22-Dec-2022 18:23:59.271 INFO [http-nio-8080-exec-6] org.apache.catalina.core.ApplicationContext.log Manager: undeploy: Undeploying web application at '/proyectoPDSC'
22-Dec-2022 18:23:59.909 INFO [http-nio-8080-exec-3] org.apache.catalina.core.ApplicationContext.log Manager: install: Installing context configuration at 'file:/C:/Users/paula/AppData/Local/Temp/context2722472788301550377.xml'
22-Dec-2022 18:24:01.921 INFO [http-nio-8080-exec-5] org.apache.catalina.core.ApplicationContext.log Manager: start: Starting web application '/proyectoPDSC'
22-Dec-2022 18:24:40.702 INFO [http-nio-8080-exec-11] org.apache.catalina.core.ApplicationContext.log Manager: list: Listing contexts for virtual host 'localhost'
22-Dec-2022 18:24:40.839 INFO [http-nio-8080-exec-12] org.apache.catalina.core.ApplicationContext.log Manager: restart: Reloading web application '/proyectoPDSC'
22-Dec-2022 18:24:46.471 INFO [http-nio-8080-exec-18] org.apache.catalina.core.ApplicationContext.log Manager: list: Listing contexts for virtual host 'localhost'
22-Dec-2022 18:24:46.694 INFO [http-nio-8080-exec-14] org.apache.catalina.core.ApplicationContext.log Manager: restart: Reloading web application '/proyectoPDSC'
22-Dec-2022 18:24:50.649 INFO [http-nio-8080-exec-10] org.apache.catalina.core.ApplicationContext.log Manager: list: Listing contexts for virtual host 'localhost'
22-Dec-2022 18:24:50.774 INFO [http-nio-8080-exec-18] org.apache.catalina.core.ApplicationContext.log Manager: restart: Reloading web application '/proyectoPDSC'
22-Dec-2022 18:24:52.691 INFO [http-nio-8080-exec-19] org.apache.catalina.core.ApplicationContext.log Manager: list: Listing contexts for virtual host 'localhost'
22-Dec-2022 18:24:52.696 INFO [http-nio-8080-exec-19] org.apache.catalina.core.ApplicationContext.log Manager: list: Listing contexts for virtual host 'localhost'
22-Dec-2022 18:24:53.229 INFO [http-nio-8080-exec-10] org.apache.catalina.core.ApplicationContext.log Manager: undeploy: Undeploying web application at '/proyectoPDSC'
22-Dec-2022 18:24:53.824 INFO [http-nio-8080-exec-18] org.apache.catalina.core.ApplicationContext.log Manager: install: Installing context configuration at 'file:/C:/Users/paula/AppData/Local/Temp/context17662283207837433273.xml'
22-Dec-2022 18:24:55.977 INFO [http-nio-8080-exec-8] org.apache.catalina.core.ApplicationContext.log Manager: start: Starting web application '/proyectoPDSC'
22-Dec-2022 18:25:16.492 INFO [http-nio-8080-exec-21] org.apache.catalina.core.ApplicationContext.log Manager: list: Listing contexts for virtual host 'localhost'
22-Dec-2022 18:25:16.614 INFO [http-nio-8080-exec-25] org.apache.catalina.core.ApplicationContext.log Manager: restart: Reloading web application '/proyectoPDSC'
22-Dec-2022 18:25:36.768 INFO [http-nio-8080-exec-28] org.apache.catalina.core.ApplicationContext.log Manager: list: Listing contexts for virtual host 'localhost'
22-Dec-2022 18:25:36.892 INFO [http-nio-8080-exec-24] org.apache.catalina.core.ApplicationContext.log Manager: restart: Reloading web application '/proyectoPDSC'
22-Dec-2022 18:26:39.897 INFO [http-nio-8080-exec-30] org.apache.catalina.core.ApplicationContext.log Manager: list: Listing contexts for virtual host 'localhost'
22-Dec-2022 18:26:40.011 INFO [http-nio-8080-exec-33] org.apache.catalina.core.ApplicationContext.log Manager: restart: Reloading web application '/proyectoPDSC'
22-Dec-2022 18:28:07.346 INFO [http-nio-8080-exec-38] org.apache.catalina.core.ApplicationContext.log Manager: list: Listing contexts for virtual host 'localhost'
22-Dec-2022 18:28:07.628 INFO [http-nio-8080-exec-36] org.apache.catalina.core.ApplicationContext.log Manager: restart: Reloading web application '/proyectoPDSC'
22-Dec-2022 18:29:07.870 INFO [http-nio-8080-exec-34] org.apache.catalina.core.ApplicationContext.log Manager: list: Listing contexts for virtual host 'localhost'
22-Dec-2022 18:29:07.980 INFO [http-nio-8080-exec-42] org.apache.catalina.core.ApplicationContext.log Manager: restart: Reloading web application '/proyectoPDSC'
22-Dec-2022 18:29:44.928 INFO [http-nio-8080-exec-43] org.apache.catalina.core.ApplicationContext.log Manager: list: Listing contexts for virtual host 'localhost'
22-Dec-2022 18:29:45.051 INFO [http-nio-8080-exec-38] org.apache.catalina.core.ApplicationContext.log Manager: restart: Reloading web application '/proyectoPDSC'
22-Dec-2022 18:30:12.675 INFO [http-nio-8080-exec-7] org.apache.catalina.core.ApplicationContext.log Manager: init: Associated with Deployer 'Catalina:type=Deployer,host=localhost'
22-Dec-2022 18:30:12.675 INFO [http-nio-8080-exec-7] org.apache.catalina.core.ApplicationContext.log Manager: init: Global resources are available
22-Dec-2022 18:30:23.783 INFO [http-nio-8080-exec-10] org.apache.catalina.core.ApplicationContext.log Manager: list: Listing contexts for virtual host 'localhost'
22-Dec-2022 18:30:23.793 INFO [http-nio-8080-exec-5] org.apache.catalina.core.ApplicationContext.log Manager: list: Listing contexts for virtual host 'localhost'
22-Dec-2022 18:30:23.804 INFO [http-nio-8080-exec-1] org.apache.catalina.core.ApplicationContext.log Manager: undeploy: Undeploying web application at '/proyectoPDSC'
22-Dec-2022 18:30:24.432 INFO [http-nio-8080-exec-3] org.apache.catalina.core.ApplicationContext.log Manager: install: Installing context configuration at 'file:/C:/Users/paula/AppData/Local/Temp/context5233889114736432012.xml'
22-Dec-2022 18:30:26.446 INFO [http-nio-8080-exec-7] org.apache.catalina.core.ApplicationContext.log Manager: start: Starting web application '/proyectoPDSC'
22-Dec-2022 18:31:11.692 INFO [http-nio-8080-exec-11] org.apache.catalina.core.ApplicationContext.log Manager: list: Listing contexts for virtual host 'localhost'
22-Dec-2022 18:31:11.812 INFO [http-nio-8080-exec-12] org.apache.catalina.core.ApplicationContext.log Manager: restart: Reloading web application '/proyectoPDSC'
22-Dec-2022 18:31:14.466 INFO [http-nio-8080-exec-2] org.apache.catalina.core.ApplicationContext.log Manager: list: Listing contexts for virtual host 'localhost'
22-Dec-2022 18:31:14.558 INFO [http-nio-8080-exec-17] org.apache.catalina.core.ApplicationContext.log Manager: restart: Reloading web application '/proyectoPDSC'
