21-Dec-2022 09:26:25.831 INFO [http-nio-8080-exec-3] org.apache.catalina.core.ApplicationContext.log Manager: init: Associated with Deployer 'Catalina:type=Deployer,host=localhost'
21-Dec-2022 09:26:25.832 INFO [http-nio-8080-exec-3] org.apache.catalina.core.ApplicationContext.log Manager: init: Global resources are available
21-Dec-2022 09:26:25.988 INFO [http-nio-8080-exec-7] org.apache.catalina.core.ApplicationContext.log Manager: list: Listing contexts for virtual host 'localhost'
21-Dec-2022 09:26:26.030 INFO [http-nio-8080-exec-5] org.apache.catalina.core.ApplicationContext.log Manager: list: Listing contexts for virtual host 'localhost'
21-Dec-2022 09:26:26.073 INFO [http-nio-8080-exec-4] org.apache.catalina.core.ApplicationContext.log Manager: undeploy: Undeploying web application at '/proyectoPDSC'
21-Dec-2022 09:26:26.843 INFO [http-nio-8080-exec-10] org.apache.catalina.core.ApplicationContext.log Manager: install: Installing context configuration at 'file:/C:/Users/paula/AppData/Local/Temp/context7167122765645448210.xml'
21-Dec-2022 09:26:29.699 INFO [http-nio-8080-exec-1] org.apache.catalina.core.ApplicationContext.log Manager: start: Starting web application '/proyectoPDSC'
21-Dec-2022 09:34:43.130 INFO [http-nio-8080-exec-14] org.apache.catalina.core.ApplicationContext.log Manager: list: Listing contexts for virtual host 'localhost'
21-Dec-2022 09:39:26.868 INFO [http-nio-8080-exec-17] org.apache.catalina.core.ApplicationContext.log Manager: list: Listing contexts for virtual host 'localhost'
21-Dec-2022 09:39:53.926 INFO [http-nio-8080-exec-20] org.apache.catalina.core.ApplicationContext.log Manager: list: Listing contexts for virtual host 'localhost'
21-Dec-2022 09:40:07.981 INFO [http-nio-8080-exec-15] org.apache.catalina.core.ApplicationContext.log Manager: list: Listing contexts for virtual host 'localhost'
21-Dec-2022 09:41:39.545 INFO [http-nio-8080-exec-14] org.apache.catalina.core.ApplicationContext.log Manager: list: Listing contexts for virtual host 'localhost'
21-Dec-2022 09:42:54.353 INFO [http-nio-8080-exec-17] org.apache.catalina.core.ApplicationContext.log Manager: list: Listing contexts for virtual host 'localhost'
21-Dec-2022 09:43:03.710 INFO [http-nio-8080-exec-20] org.apache.catalina.core.ApplicationContext.log Manager: list: Listing contexts for virtual host 'localhost'
21-Dec-2022 09:43:18.539 INFO [http-nio-8080-exec-13] org.apache.catalina.core.ApplicationContext.log Manager: list: Listing contexts for virtual host 'localhost'
21-Dec-2022 09:43:39.456 INFO [http-nio-8080-exec-19] org.apache.catalina.core.ApplicationContext.log Manager: list: Listing contexts for virtual host 'localhost'
21-Dec-2022 09:45:13.680 INFO [http-nio-8080-exec-16] org.apache.catalina.core.ApplicationContext.log Manager: list: Listing contexts for virtual host 'localhost'
21-Dec-2022 09:45:25.478 INFO [http-nio-8080-exec-12] org.apache.catalina.core.ApplicationContext.log Manager: list: Listing contexts for virtual host 'localhost'
21-Dec-2022 09:46:04.597 INFO [http-nio-8080-exec-16] org.apache.catalina.core.ApplicationContext.log Manager: list: Listing contexts for virtual host 'localhost'
21-Dec-2022 09:46:10.424 INFO [http-nio-8080-exec-17] org.apache.catalina.core.ApplicationContext.log Manager: list: Listing contexts for virtual host 'localhost'
21-Dec-2022 09:46:39.272 INFO [http-nio-8080-exec-18] org.apache.catalina.core.ApplicationContext.log Manager: list: Listing contexts for virtual host 'localhost'
21-Dec-2022 09:52:54.211 INFO [http-nio-8080-exec-17] org.apache.catalina.core.ApplicationContext.log Manager: list: Listing contexts for virtual host 'localhost'
21-Dec-2022 09:52:54.217 INFO [http-nio-8080-exec-16] org.apache.catalina.core.ApplicationContext.log Manager: list: Listing contexts for virtual host 'localhost'
21-Dec-2022 09:52:54.250 INFO [http-nio-8080-exec-11] org.apache.catalina.core.ApplicationContext.log Manager: undeploy: Undeploying web application at '/proyectoPDSC'
21-Dec-2022 09:52:54.867 INFO [http-nio-8080-exec-13] org.apache.catalina.core.ApplicationContext.log Manager: install: Installing context configuration at 'file:/C:/Users/paula/AppData/Local/Temp/context18341376349793243856.xml'
21-Dec-2022 09:52:56.865 INFO [http-nio-8080-exec-17] org.apache.catalina.core.ApplicationContext.log Manager: start: Starting web application '/proyectoPDSC'
21-Dec-2022 09:53:10.969 INFO [http-nio-8080-exec-21] org.apache.catalina.core.ApplicationContext.log Manager: list: Listing contexts for virtual host 'localhost'
21-Dec-2022 09:53:13.842 INFO [http-nio-8080-exec-23] org.apache.catalina.core.ApplicationContext.log Manager: list: Listing contexts for virtual host 'localhost'
21-Dec-2022 09:53:13.851 INFO [http-nio-8080-exec-16] org.apache.catalina.core.ApplicationContext.log Manager: list: Listing contexts for virtual host 'localhost'
21-Dec-2022 09:53:13.877 INFO [http-nio-8080-exec-14] org.apache.catalina.core.ApplicationContext.log Manager: undeploy: Undeploying web application at '/proyectoPDSC'
21-Dec-2022 09:53:14.479 INFO [http-nio-8080-exec-16] org.apache.catalina.core.ApplicationContext.log Manager: install: Installing context configuration at 'file:/C:/Users/paula/AppData/Local/Temp/context3092597792811418032.xml'
21-Dec-2022 09:53:16.203 INFO [http-nio-8080-exec-21] org.apache.catalina.core.ApplicationContext.log Manager: start: Starting web application '/proyectoPDSC'
21-Dec-2022 09:55:57.634 INFO [http-nio-8080-exec-27] org.apache.catalina.core.ApplicationContext.log Manager: list: Listing contexts for virtual host 'localhost'
21-Dec-2022 09:56:13.060 INFO [http-nio-8080-exec-26] org.apache.catalina.core.ApplicationContext.log Manager: list: Listing contexts for virtual host 'localhost'
21-Dec-2022 09:56:13.227 INFO [http-nio-8080-exec-30] org.apache.catalina.core.ApplicationContext.log Manager: list: Listing contexts for virtual host 'localhost'
21-Dec-2022 09:56:39.198 INFO [http-nio-8080-exec-26] org.apache.catalina.core.ApplicationContext.log Manager: list: Listing contexts for virtual host 'localhost'
21-Dec-2022 09:56:39.567 INFO [http-nio-8080-exec-27] org.apache.catalina.core.ApplicationContext.log Manager: list: Listing contexts for virtual host 'localhost'
21-Dec-2022 09:56:53.466 INFO [http-nio-8080-exec-33] org.apache.catalina.core.ApplicationContext.log Manager: list: Listing contexts for virtual host 'localhost'
21-Dec-2022 09:57:25.073 INFO [http-nio-8080-exec-35] org.apache.catalina.core.ApplicationContext.log Manager: list: Listing contexts for virtual host 'localhost'
21-Dec-2022 09:58:08.342 INFO [http-nio-8080-exec-27] org.apache.catalina.core.ApplicationContext.log Manager: list: Listing contexts for virtual host 'localhost'
21-Dec-2022 09:58:10.518 INFO [http-nio-8080-exec-29] org.apache.catalina.core.ApplicationContext.log Manager: list: Listing contexts for virtual host 'localhost'
21-Dec-2022 09:58:35.932 INFO [http-nio-8080-exec-28] org.apache.catalina.core.ApplicationContext.log Manager: list: Listing contexts for virtual host 'localhost'
21-Dec-2022 09:58:45.953 INFO [http-nio-8080-exec-34] org.apache.catalina.core.ApplicationContext.log Manager: list: Listing contexts for virtual host 'localhost'
21-Dec-2022 09:59:57.969 INFO [http-nio-8080-exec-33] org.apache.catalina.core.ApplicationContext.log Manager: list: Listing contexts for virtual host 'localhost'
21-Dec-2022 09:59:57.975 INFO [http-nio-8080-exec-31] org.apache.catalina.core.ApplicationContext.log Manager: list: Listing contexts for virtual host 'localhost'
21-Dec-2022 09:59:57.991 INFO [http-nio-8080-exec-28] org.apache.catalina.core.ApplicationContext.log Manager: undeploy: Undeploying web application at '/proyectoPDSC'
21-Dec-2022 09:59:58.625 INFO [http-nio-8080-exec-31] org.apache.catalina.core.ApplicationContext.log Manager: install: Installing context configuration at 'file:/C:/Users/paula/AppData/Local/Temp/context10328491950646582096.xml'
21-Dec-2022 10:00:00.769 INFO [http-nio-8080-exec-32] org.apache.catalina.core.ApplicationContext.log Manager: start: Starting web application '/proyectoPDSC'
21-Dec-2022 10:00:42.008 INFO [http-nio-8080-exec-39] org.apache.catalina.core.ApplicationContext.log Manager: list: Listing contexts for virtual host 'localhost'
21-Dec-2022 10:07:15.981 INFO [http-nio-8080-exec-37] org.apache.catalina.core.ApplicationContext.log Manager: list: Listing contexts for virtual host 'localhost'
21-Dec-2022 10:09:02.155 INFO [http-nio-8080-exec-39] org.apache.catalina.core.ApplicationContext.log Manager: list: Listing contexts for virtual host 'localhost'
21-Dec-2022 10:09:16.981 INFO [http-nio-8080-exec-36] org.apache.catalina.core.ApplicationContext.log Manager: list: Listing contexts for virtual host 'localhost'
21-Dec-2022 10:09:33.258 INFO [http-nio-8080-exec-39] org.apache.catalina.core.ApplicationContext.log Manager: list: Listing contexts for virtual host 'localhost'
21-Dec-2022 10:09:33.262 INFO [http-nio-8080-exec-40] org.apache.catalina.core.ApplicationContext.log Manager: list: Listing contexts for virtual host 'localhost'
21-Dec-2022 10:09:33.275 INFO [http-nio-8080-exec-42] org.apache.catalina.core.ApplicationContext.log Manager: undeploy: Undeploying web application at '/proyectoPDSC'
21-Dec-2022 10:09:33.865 INFO [http-nio-8080-exec-45] org.apache.catalina.core.ApplicationContext.log Manager: install: Installing context configuration at 'file:/C:/Users/paula/AppData/Local/Temp/context5502030232843481220.xml'
21-Dec-2022 10:09:35.655 INFO [http-nio-8080-exec-38] org.apache.catalina.core.ApplicationContext.log Manager: start: Starting web application '/proyectoPDSC'
21-Dec-2022 10:11:59.142 INFO [http-nio-8080-exec-49] org.apache.catalina.core.ApplicationContext.log Manager: list: Listing contexts for virtual host 'localhost'
21-Dec-2022 10:12:53.319 INFO [http-nio-8080-exec-48] org.apache.catalina.core.ApplicationContext.log Manager: list: Listing contexts for virtual host 'localhost'
21-Dec-2022 10:13:05.112 INFO [http-nio-8080-exec-53] org.apache.catalina.core.ApplicationContext.log Manager: list: Listing contexts for virtual host 'localhost'
21-Dec-2022 10:13:12.853 INFO [http-nio-8080-exec-49] org.apache.catalina.core.ApplicationContext.log Manager: list: Listing contexts for virtual host 'localhost'
21-Dec-2022 10:13:22.615 INFO [http-nio-8080-exec-55] org.apache.catalina.core.ApplicationContext.log Manager: list: Listing contexts for virtual host 'localhost'
21-Dec-2022 10:13:22.622 INFO [http-nio-8080-exec-53] org.apache.catalina.core.ApplicationContext.log Manager: list: Listing contexts for virtual host 'localhost'
21-Dec-2022 10:13:22.641 INFO [http-nio-8080-exec-50] org.apache.catalina.core.ApplicationContext.log Manager: undeploy: Undeploying web application at '/proyectoPDSC'
21-Dec-2022 10:13:23.231 INFO [http-nio-8080-exec-49] org.apache.catalina.core.ApplicationContext.log Manager: install: Installing context configuration at 'file:/C:/Users/paula/AppData/Local/Temp/context5801104084140472772.xml'
21-Dec-2022 10:13:25.615 INFO [http-nio-8080-exec-51] org.apache.catalina.core.ApplicationContext.log Manager: start: Starting web application '/proyectoPDSC'
21-Dec-2022 10:13:57.870 INFO [http-nio-8080-exec-60] org.apache.catalina.core.ApplicationContext.log Manager: list: Listing contexts for virtual host 'localhost'
21-Dec-2022 10:14:13.867 INFO [http-nio-8080-exec-57] org.apache.catalina.core.ApplicationContext.log Manager: list: Listing contexts for virtual host 'localhost'
21-Dec-2022 10:16:13.391 INFO [http-nio-8080-exec-59] org.apache.catalina.core.ApplicationContext.log Manager: list: Listing contexts for virtual host 'localhost'
21-Dec-2022 10:16:16.621 INFO [http-nio-8080-exec-64] org.apache.catalina.core.ApplicationContext.log Manager: list: Listing contexts for virtual host 'localhost'
21-Dec-2022 10:16:16.626 INFO [http-nio-8080-exec-58] org.apache.catalina.core.ApplicationContext.log Manager: list: Listing contexts for virtual host 'localhost'
21-Dec-2022 10:16:16.643 INFO [http-nio-8080-exec-65] org.apache.catalina.core.ApplicationContext.log Manager: undeploy: Undeploying web application at '/proyectoPDSC'
21-Dec-2022 10:16:17.230 INFO [http-nio-8080-exec-61] org.apache.catalina.core.ApplicationContext.log Manager: install: Installing context configuration at 'file:/C:/Users/paula/AppData/Local/Temp/context9186207130481746959.xml'
21-Dec-2022 10:16:18.800 INFO [http-nio-8080-exec-59] org.apache.catalina.core.ApplicationContext.log Manager: start: Starting web application '/proyectoPDSC'
21-Dec-2022 10:17:43.699 INFO [http-nio-8080-exec-68] org.apache.catalina.core.ApplicationContext.log Manager: list: Listing contexts for virtual host 'localhost'
21-Dec-2022 10:18:55.103 INFO [http-nio-8080-exec-73] org.apache.catalina.core.ApplicationContext.log Manager: list: Listing contexts for virtual host 'localhost'
21-Dec-2022 10:19:04.353 INFO [http-nio-8080-exec-67] org.apache.catalina.core.ApplicationContext.log Manager: list: Listing contexts for virtual host 'localhost'
21-Dec-2022 10:19:27.961 INFO [http-nio-8080-exec-74] org.apache.catalina.core.ApplicationContext.log Manager: list: Listing contexts for virtual host 'localhost'
21-Dec-2022 10:20:45.436 INFO [http-nio-8080-exec-73] org.apache.catalina.core.ApplicationContext.log Manager: list: Listing contexts for virtual host 'localhost'
21-Dec-2022 10:20:51.168 INFO [http-nio-8080-exec-68] org.apache.catalina.core.ApplicationContext.log Manager: list: Listing contexts for virtual host 'localhost'
21-Dec-2022 10:20:51.172 INFO [http-nio-8080-exec-70] org.apache.catalina.core.ApplicationContext.log Manager: list: Listing contexts for virtual host 'localhost'
21-Dec-2022 10:20:51.185 INFO [http-nio-8080-exec-75] org.apache.catalina.core.ApplicationContext.log Manager: undeploy: Undeploying web application at '/proyectoPDSC'
21-Dec-2022 10:20:51.820 INFO [http-nio-8080-exec-71] org.apache.catalina.core.ApplicationContext.log Manager: install: Installing context configuration at 'file:/C:/Users/paula/AppData/Local/Temp/context163969331318651177.xml'
21-Dec-2022 10:20:54.094 INFO [http-nio-8080-exec-73] org.apache.catalina.core.ApplicationContext.log Manager: start: Starting web application '/proyectoPDSC'
21-Dec-2022 10:21:31.602 INFO [http-nio-8080-exec-76] org.apache.catalina.core.ApplicationContext.log Manager: list: Listing contexts for virtual host 'localhost'
21-Dec-2022 10:21:44.271 INFO [http-nio-8080-exec-81] org.apache.catalina.core.ApplicationContext.log Manager: list: Listing contexts for virtual host 'localhost'
21-Dec-2022 10:21:44.275 INFO [http-nio-8080-exec-79] org.apache.catalina.core.ApplicationContext.log Manager: list: Listing contexts for virtual host 'localhost'
21-Dec-2022 10:21:44.288 INFO [http-nio-8080-exec-66] org.apache.catalina.core.ApplicationContext.log Manager: undeploy: Undeploying web application at '/proyectoPDSC'
21-Dec-2022 10:21:44.886 INFO [http-nio-8080-exec-78] org.apache.catalina.core.ApplicationContext.log Manager: install: Installing context configuration at 'file:/C:/Users/paula/AppData/Local/Temp/context4863004073498304920.xml'
21-Dec-2022 10:21:47.453 INFO [http-nio-8080-exec-80] org.apache.catalina.core.ApplicationContext.log Manager: start: Starting web application '/proyectoPDSC'
21-Dec-2022 10:22:18.185 INFO [http-nio-8080-exec-86] org.apache.catalina.core.ApplicationContext.log Manager: list: Listing contexts for virtual host 'localhost'
21-Dec-2022 10:23:11.098 INFO [http-nio-8080-exec-84] org.apache.catalina.core.ApplicationContext.log Manager: list: Listing contexts for virtual host 'localhost'
21-Dec-2022 10:26:31.834 INFO [http-nio-8080-exec-89] org.apache.catalina.core.ApplicationContext.log Manager: list: Listing contexts for virtual host 'localhost'
21-Dec-2022 10:27:24.632 INFO [http-nio-8080-exec-91] org.apache.catalina.core.ApplicationContext.log Manager: list: Listing contexts for virtual host 'localhost'
21-Dec-2022 10:27:24.797 INFO [http-nio-8080-exec-86] org.apache.catalina.core.ApplicationContext.log Manager: list: Listing contexts for virtual host 'localhost'
21-Dec-2022 10:27:37.420 INFO [http-nio-8080-exec-84] org.apache.catalina.core.ApplicationContext.log Manager: list: Listing contexts for virtual host 'localhost'
21-Dec-2022 10:27:37.531 INFO [http-nio-8080-exec-92] org.apache.catalina.core.ApplicationContext.log Manager: list: Listing contexts for virtual host 'localhost'
21-Dec-2022 10:27:43.017 INFO [http-nio-8080-exec-88] org.apache.catalina.core.ApplicationContext.log Manager: list: Listing contexts for virtual host 'localhost'
21-Dec-2022 10:27:47.659 INFO [http-nio-8080-exec-87] org.apache.catalina.core.ApplicationContext.log Manager: list: Listing contexts for virtual host 'localhost'
21-Dec-2022 10:30:41.292 INFO [http-nio-8080-exec-85] org.apache.catalina.core.ApplicationContext.log Manager: list: Listing contexts for virtual host 'localhost'
21-Dec-2022 10:30:46.596 INFO [http-nio-8080-exec-89] org.apache.catalina.core.ApplicationContext.log Manager: list: Listing contexts for virtual host 'localhost'
21-Dec-2022 10:30:46.600 INFO [http-nio-8080-exec-84] org.apache.catalina.core.ApplicationContext.log Manager: list: Listing contexts for virtual host 'localhost'
21-Dec-2022 10:30:46.611 INFO [http-nio-8080-exec-90] org.apache.catalina.core.ApplicationContext.log Manager: undeploy: Undeploying web application at '/proyectoPDSC'
21-Dec-2022 10:30:47.226 INFO [http-nio-8080-exec-91] org.apache.catalina.core.ApplicationContext.log Manager: install: Installing context configuration at 'file:/C:/Users/paula/AppData/Local/Temp/context3387549391133203896.xml'
21-Dec-2022 10:31:25.651 INFO [http-nio-8080-exec-88] org.apache.catalina.core.ApplicationContext.log Manager: list: Listing contexts for virtual host 'localhost'
21-Dec-2022 10:31:25.654 INFO [http-nio-8080-exec-85] org.apache.catalina.core.ApplicationContext.log Manager: list: Listing contexts for virtual host 'localhost'
21-Dec-2022 10:31:25.691 INFO [http-nio-8080-exec-94] org.apache.catalina.core.ApplicationContext.log Manager: install: Installing context configuration at 'file:/C:/Users/paula/AppData/Local/Temp/context13032691007736687093.xml'
21-Dec-2022 10:31:27.483 INFO [http-nio-8080-exec-91] org.apache.catalina.core.ApplicationContext.log Manager: start: Starting web application '/proyectoPDSC'
21-Dec-2022 10:32:20.965 INFO [http-nio-8080-exec-84] org.apache.catalina.core.ApplicationContext.log Manager: list: Listing contexts for virtual host 'localhost'
21-Dec-2022 10:32:22.911 INFO [http-nio-8080-exec-96] org.apache.catalina.core.ApplicationContext.log Manager: list: Listing contexts for virtual host 'localhost'
21-Dec-2022 10:32:22.911 INFO [http-nio-8080-exec-95] org.apache.catalina.core.ApplicationContext.log Manager: list: Listing contexts for virtual host 'localhost'
21-Dec-2022 10:32:22.935 INFO [http-nio-8080-exec-84] org.apache.catalina.core.ApplicationContext.log Manager: undeploy: Undeploying web application at '/proyectoPDSC'
21-Dec-2022 10:32:23.572 INFO [http-nio-8080-exec-100] org.apache.catalina.core.ApplicationContext.log Manager: install: Installing context configuration at 'file:/C:/Users/paula/AppData/Local/Temp/context9052669709893541609.xml'
21-Dec-2022 10:32:25.414 INFO [http-nio-8080-exec-94] org.apache.catalina.core.ApplicationContext.log Manager: start: Starting web application '/proyectoPDSC'
21-Dec-2022 10:34:36.441 INFO [http-nio-8080-exec-104] org.apache.catalina.core.ApplicationContext.log Manager: list: Listing contexts for virtual host 'localhost'
21-Dec-2022 10:34:40.603 INFO [http-nio-8080-exec-103] org.apache.catalina.core.ApplicationContext.log Manager: list: Listing contexts for virtual host 'localhost'
21-Dec-2022 10:34:42.345 INFO [http-nio-8080-exec-104] org.apache.catalina.core.ApplicationContext.log Manager: list: Listing contexts for virtual host 'localhost'
21-Dec-2022 10:34:42.350 INFO [http-nio-8080-exec-111] org.apache.catalina.core.ApplicationContext.log Manager: list: Listing contexts for virtual host 'localhost'
21-Dec-2022 10:34:42.365 INFO [http-nio-8080-exec-103] org.apache.catalina.core.ApplicationContext.log Manager: undeploy: Undeploying web application at '/proyectoPDSC'
21-Dec-2022 10:34:42.973 INFO [http-nio-8080-exec-108] org.apache.catalina.core.ApplicationContext.log Manager: install: Installing context configuration at 'file:/C:/Users/paula/AppData/Local/Temp/context15591180852151228618.xml'
21-Dec-2022 10:34:45.419 INFO [http-nio-8080-exec-110] org.apache.catalina.core.ApplicationContext.log Manager: start: Starting web application '/proyectoPDSC'
21-Dec-2022 10:34:57.256 INFO [http-nio-8080-exec-115] org.apache.catalina.core.ApplicationContext.log Manager: list: Listing contexts for virtual host 'localhost'
21-Dec-2022 10:35:38.640 INFO [http-nio-8080-exec-115] org.apache.catalina.core.ApplicationContext.log Manager: list: Listing contexts for virtual host 'localhost'
21-Dec-2022 10:35:54.614 INFO [http-nio-8080-exec-119] org.apache.catalina.core.ApplicationContext.log Manager: list: Listing contexts for virtual host 'localhost'
21-Dec-2022 10:35:54.619 INFO [http-nio-8080-exec-117] org.apache.catalina.core.ApplicationContext.log Manager: list: Listing contexts for virtual host 'localhost'
21-Dec-2022 10:35:54.631 INFO [http-nio-8080-exec-115] org.apache.catalina.core.ApplicationContext.log Manager: undeploy: Undeploying web application at '/proyectoPDSC'
21-Dec-2022 10:35:55.254 INFO [http-nio-8080-exec-113] org.apache.catalina.core.ApplicationContext.log Manager: install: Installing context configuration at 'file:/C:/Users/paula/AppData/Local/Temp/context12845541422103422569.xml'
21-Dec-2022 10:35:56.779 INFO [http-nio-8080-exec-120] org.apache.catalina.core.ApplicationContext.log Manager: start: Starting web application '/proyectoPDSC'
21-Dec-2022 10:40:10.812 INFO [http-nio-8080-exec-124] org.apache.catalina.core.ApplicationContext.log Manager: list: Listing contexts for virtual host 'localhost'
21-Dec-2022 10:40:44.376 INFO [http-nio-8080-exec-125] org.apache.catalina.core.ApplicationContext.log Manager: list: Listing contexts for virtual host 'localhost'
21-Dec-2022 10:40:48.201 INFO [http-nio-8080-exec-124] org.apache.catalina.core.ApplicationContext.log Manager: list: Listing contexts for virtual host 'localhost'
21-Dec-2022 10:40:48.205 INFO [http-nio-8080-exec-127] org.apache.catalina.core.ApplicationContext.log Manager: list: Listing contexts for virtual host 'localhost'
21-Dec-2022 10:40:48.222 INFO [http-nio-8080-exec-126] org.apache.catalina.core.ApplicationContext.log Manager: undeploy: Undeploying web application at '/proyectoPDSC'
21-Dec-2022 10:40:48.834 INFO [http-nio-8080-exec-130] org.apache.catalina.core.ApplicationContext.log Manager: install: Installing context configuration at 'file:/C:/Users/paula/AppData/Local/Temp/context15900466850254292469.xml'
21-Dec-2022 10:40:51.529 INFO [http-nio-8080-exec-127] org.apache.catalina.core.ApplicationContext.log Manager: start: Starting web application '/proyectoPDSC'
21-Dec-2022 10:42:30.041 INFO [http-nio-8080-exec-135] org.apache.catalina.core.ApplicationContext.log Manager: list: Listing contexts for virtual host 'localhost'
21-Dec-2022 10:42:32.015 INFO [http-nio-8080-exec-129] org.apache.catalina.core.ApplicationContext.log Manager: list: Listing contexts for virtual host 'localhost'
21-Dec-2022 10:42:32.018 INFO [http-nio-8080-exec-136] org.apache.catalina.core.ApplicationContext.log Manager: list: Listing contexts for virtual host 'localhost'
21-Dec-2022 10:42:32.036 INFO [http-nio-8080-exec-141] org.apache.catalina.core.ApplicationContext.log Manager: undeploy: Undeploying web application at '/proyectoPDSC'
21-Dec-2022 10:42:32.624 INFO [http-nio-8080-exec-140] org.apache.catalina.core.ApplicationContext.log Manager: install: Installing context configuration at 'file:/C:/Users/paula/AppData/Local/Temp/context7721602387326203383.xml'
21-Dec-2022 10:42:34.194 INFO [http-nio-8080-exec-139] org.apache.catalina.core.ApplicationContext.log Manager: start: Starting web application '/proyectoPDSC'
21-Dec-2022 10:43:25.980 INFO [http-nio-8080-exec-129] org.apache.catalina.core.ApplicationContext.log Manager: list: Listing contexts for virtual host 'localhost'
21-Dec-2022 10:43:49.600 INFO [http-nio-8080-exec-146] org.apache.catalina.core.ApplicationContext.log Manager: list: Listing contexts for virtual host 'localhost'
21-Dec-2022 10:44:31.943 INFO [http-nio-8080-exec-143] org.apache.catalina.core.ApplicationContext.log Manager: list: Listing contexts for virtual host 'localhost'
21-Dec-2022 10:44:34.440 INFO [http-nio-8080-exec-150] org.apache.catalina.core.ApplicationContext.log Manager: list: Listing contexts for virtual host 'localhost'
21-Dec-2022 10:44:34.443 INFO [http-nio-8080-exec-144] org.apache.catalina.core.ApplicationContext.log Manager: list: Listing contexts for virtual host 'localhost'
21-Dec-2022 10:44:34.457 INFO [http-nio-8080-exec-143] org.apache.catalina.core.ApplicationContext.log Manager: undeploy: Undeploying web application at '/proyectoPDSC'
21-Dec-2022 10:44:35.059 INFO [http-nio-8080-exec-142] org.apache.catalina.core.ApplicationContext.log Manager: install: Installing context configuration at 'file:/C:/Users/paula/AppData/Local/Temp/context5284089502917809892.xml'
21-Dec-2022 10:44:37.516 INFO [http-nio-8080-exec-150] org.apache.catalina.core.ApplicationContext.log Manager: start: Starting web application '/proyectoPDSC'
21-Dec-2022 10:45:18.263 INFO [http-nio-8080-exec-145] org.apache.catalina.core.ApplicationContext.log Manager: list: Listing contexts for virtual host 'localhost'
21-Dec-2022 10:45:23.408 INFO [http-nio-8080-exec-153] org.apache.catalina.core.ApplicationContext.log Manager: list: Listing contexts for virtual host 'localhost'
21-Dec-2022 10:45:23.414 INFO [http-nio-8080-exec-154] org.apache.catalina.core.ApplicationContext.log Manager: list: Listing contexts for virtual host 'localhost'
21-Dec-2022 10:45:23.428 INFO [http-nio-8080-exec-159] org.apache.catalina.core.ApplicationContext.log Manager: undeploy: Undeploying web application at '/proyectoPDSC'
21-Dec-2022 10:45:24.040 INFO [http-nio-8080-exec-155] org.apache.catalina.core.ApplicationContext.log Manager: install: Installing context configuration at 'file:/C:/Users/paula/AppData/Local/Temp/context8723565212440566283.xml'
21-Dec-2022 10:45:25.723 INFO [http-nio-8080-exec-158] org.apache.catalina.core.ApplicationContext.log Manager: start: Starting web application '/proyectoPDSC'
21-Dec-2022 10:46:00.582 INFO [http-nio-8080-exec-161] org.apache.catalina.core.ApplicationContext.log Manager: list: Listing contexts for virtual host 'localhost'
21-Dec-2022 10:46:08.173 INFO [http-nio-8080-exec-156] org.apache.catalina.core.ApplicationContext.log Manager: list: Listing contexts for virtual host 'localhost'
21-Dec-2022 10:46:18.036 INFO [http-nio-8080-exec-166] org.apache.catalina.core.ApplicationContext.log Manager: list: Listing contexts for virtual host 'localhost'
21-Dec-2022 10:46:18.049 INFO [http-nio-8080-exec-161] org.apache.catalina.core.ApplicationContext.log Manager: list: Listing contexts for virtual host 'localhost'
21-Dec-2022 10:46:18.062 INFO [http-nio-8080-exec-163] org.apache.catalina.core.ApplicationContext.log Manager: undeploy: Undeploying web application at '/proyectoPDSC'
21-Dec-2022 10:46:18.668 INFO [http-nio-8080-exec-158] org.apache.catalina.core.ApplicationContext.log Manager: install: Installing context configuration at 'file:/C:/Users/paula/AppData/Local/Temp/context17907927240115826906.xml'
21-Dec-2022 10:46:20.406 INFO [http-nio-8080-exec-162] org.apache.catalina.core.ApplicationContext.log Manager: start: Starting web application '/proyectoPDSC'
21-Dec-2022 10:46:49.395 INFO [http-nio-8080-exec-170] org.apache.catalina.core.ApplicationContext.log Manager: list: Listing contexts for virtual host 'localhost'
21-Dec-2022 10:46:52.204 INFO [http-nio-8080-exec-172] org.apache.catalina.core.ApplicationContext.log Manager: list: Listing contexts for virtual host 'localhost'
21-Dec-2022 10:46:52.210 INFO [http-nio-8080-exec-174] org.apache.catalina.core.ApplicationContext.log Manager: list: Listing contexts for virtual host 'localhost'
21-Dec-2022 10:46:52.224 INFO [http-nio-8080-exec-170] org.apache.catalina.core.ApplicationContext.log Manager: undeploy: Undeploying web application at '/proyectoPDSC'
21-Dec-2022 10:46:53.397 INFO [http-nio-8080-exec-173] org.apache.catalina.core.ApplicationContext.log Manager: install: Installing context configuration at 'file:/C:/Users/paula/AppData/Local/Temp/context430483295083539251.xml'
21-Dec-2022 10:46:55.182 INFO [http-nio-8080-exec-167] org.apache.catalina.core.ApplicationContext.log Manager: start: Starting web application '/proyectoPDSC'
21-Dec-2022 10:47:13.746 INFO [http-nio-8080-exec-179] org.apache.catalina.core.ApplicationContext.log Manager: list: Listing contexts for virtual host 'localhost'
21-Dec-2022 10:47:18.269 INFO [http-nio-8080-exec-181] org.apache.catalina.core.ApplicationContext.log Manager: list: Listing contexts for virtual host 'localhost'
21-Dec-2022 10:47:18.272 INFO [http-nio-8080-exec-180] org.apache.catalina.core.ApplicationContext.log Manager: list: Listing contexts for virtual host 'localhost'
21-Dec-2022 10:47:18.284 INFO [http-nio-8080-exec-179] org.apache.catalina.core.ApplicationContext.log Manager: undeploy: Undeploying web application at '/proyectoPDSC'
21-Dec-2022 10:47:18.895 INFO [http-nio-8080-exec-180] org.apache.catalina.core.ApplicationContext.log Manager: install: Installing context configuration at 'file:/C:/Users/paula/AppData/Local/Temp/context1555371630195539819.xml'
21-Dec-2022 10:47:22.545 INFO [http-nio-8080-exec-181] org.apache.catalina.core.ApplicationContext.log Manager: start: Starting web application '/proyectoPDSC'
21-Dec-2022 10:50:19.387 INFO [http-nio-8080-exec-187] org.apache.catalina.core.ApplicationContext.log Manager: list: Listing contexts for virtual host 'localhost'
21-Dec-2022 10:50:31.149 INFO [http-nio-8080-exec-185] org.apache.catalina.core.ApplicationContext.log Manager: list: Listing contexts for virtual host 'localhost'
21-Dec-2022 10:50:50.195 INFO [http-nio-8080-exec-190] org.apache.catalina.core.ApplicationContext.log Manager: list: Listing contexts for virtual host 'localhost'
21-Dec-2022 10:50:53.653 INFO [http-nio-8080-exec-188] org.apache.catalina.core.ApplicationContext.log Manager: list: Listing contexts for virtual host 'localhost'
21-Dec-2022 10:50:53.656 INFO [http-nio-8080-exec-184] org.apache.catalina.core.ApplicationContext.log Manager: list: Listing contexts for virtual host 'localhost'
21-Dec-2022 10:50:53.664 INFO [http-nio-8080-exec-185] org.apache.catalina.core.ApplicationContext.log Manager: undeploy: Undeploying web application at '/proyectoPDSC'
21-Dec-2022 10:50:54.266 INFO [http-nio-8080-exec-184] org.apache.catalina.core.ApplicationContext.log Manager: install: Installing context configuration at 'file:/C:/Users/paula/AppData/Local/Temp/context4306566845549691581.xml'
21-Dec-2022 10:51:14.451 INFO [http-nio-8080-exec-193] org.apache.catalina.core.ApplicationContext.log Manager: list: Listing contexts for virtual host 'localhost'
21-Dec-2022 10:51:14.456 INFO [http-nio-8080-exec-194] org.apache.catalina.core.ApplicationContext.log Manager: list: Listing contexts for virtual host 'localhost'
21-Dec-2022 10:51:14.505 INFO [http-nio-8080-exec-184] org.apache.catalina.core.ApplicationContext.log Manager: install: Installing context configuration at 'file:/C:/Users/paula/AppData/Local/Temp/context4255432310320600764.xml'
21-Dec-2022 10:51:16.307 INFO [http-nio-8080-exec-195] org.apache.catalina.core.ApplicationContext.log Manager: start: Starting web application '/proyectoPDSC'
21-Dec-2022 10:52:05.979 INFO [http-nio-8080-exec-194] org.apache.catalina.core.ApplicationContext.log Manager: list: Listing contexts for virtual host 'localhost'
21-Dec-2022 10:52:23.363 INFO [http-nio-8080-exec-196] org.apache.catalina.core.ApplicationContext.log Manager: list: Listing contexts for virtual host 'localhost'
21-Dec-2022 10:52:54.352 INFO [http-nio-8080-exec-194] org.apache.catalina.core.ApplicationContext.log Manager: list: Listing contexts for virtual host 'localhost'
21-Dec-2022 10:53:02.021 INFO [http-nio-8080-exec-197] org.apache.catalina.core.ApplicationContext.log Manager: list: Listing contexts for virtual host 'localhost'
21-Dec-2022 10:53:48.598 INFO [http-nio-8080-exec-202] org.apache.catalina.core.ApplicationContext.log Manager: list: Listing contexts for virtual host 'localhost'
21-Dec-2022 10:54:04.917 INFO [http-nio-8080-exec-195] org.apache.catalina.core.ApplicationContext.log Manager: list: Listing contexts for virtual host 'localhost'
21-Dec-2022 10:54:23.659 INFO [http-nio-8080-exec-194] org.apache.catalina.core.ApplicationContext.log Manager: list: Listing contexts for virtual host 'localhost'
21-Dec-2022 11:02:26.046 INFO [http-nio-8080-exec-195] org.apache.catalina.core.ApplicationContext.log Manager: list: Listing contexts for virtual host 'localhost'
21-Dec-2022 11:02:43.611 INFO [http-nio-8080-exec-194] org.apache.catalina.core.ApplicationContext.log Manager: list: Listing contexts for virtual host 'localhost'
21-Dec-2022 11:03:06.049 INFO [http-nio-8080-exec-196] org.apache.catalina.core.ApplicationContext.log Manager: list: Listing contexts for virtual host 'localhost'
21-Dec-2022 11:03:13.461 INFO [http-nio-8080-exec-194] org.apache.catalina.core.ApplicationContext.log Manager: list: Listing contexts for virtual host 'localhost'
21-Dec-2022 11:03:22.915 INFO [http-nio-8080-exec-201] org.apache.catalina.core.ApplicationContext.log Manager: list: Listing contexts for virtual host 'localhost'
21-Dec-2022 11:03:27.300 INFO [http-nio-8080-exec-199] org.apache.catalina.core.ApplicationContext.log Manager: list: Listing contexts for virtual host 'localhost'
21-Dec-2022 11:03:30.211 INFO [http-nio-8080-exec-195] org.apache.catalina.core.ApplicationContext.log Manager: list: Listing contexts for virtual host 'localhost'
21-Dec-2022 11:03:35.329 INFO [http-nio-8080-exec-202] org.apache.catalina.core.ApplicationContext.log Manager: list: Listing contexts for virtual host 'localhost'
21-Dec-2022 11:04:27.270 INFO [http-nio-8080-exec-199] org.apache.catalina.core.ApplicationContext.log Manager: list: Listing contexts for virtual host 'localhost'
21-Dec-2022 11:08:34.073 INFO [http-nio-8080-exec-200] org.apache.catalina.core.ApplicationContext.log Manager: list: Listing contexts for virtual host 'localhost'
21-Dec-2022 11:09:07.452 INFO [http-nio-8080-exec-203] org.apache.catalina.core.ApplicationContext.log Manager: list: Listing contexts for virtual host 'localhost'
21-Dec-2022 11:09:13.495 INFO [http-nio-8080-exec-194] org.apache.catalina.core.ApplicationContext.log Manager: list: Listing contexts for virtual host 'localhost'
21-Dec-2022 11:10:36.167 INFO [http-nio-8080-exec-194] org.apache.catalina.core.ApplicationContext.log Manager: list: Listing contexts for virtual host 'localhost'
21-Dec-2022 11:10:36.169 INFO [http-nio-8080-exec-203] org.apache.catalina.core.ApplicationContext.log Manager: list: Listing contexts for virtual host 'localhost'
21-Dec-2022 11:10:36.181 INFO [http-nio-8080-exec-200] org.apache.catalina.core.ApplicationContext.log Manager: undeploy: Undeploying web application at '/proyectoPDSC'
21-Dec-2022 11:10:36.781 INFO [http-nio-8080-exec-201] org.apache.catalina.core.ApplicationContext.log Manager: install: Installing context configuration at 'file:/C:/Users/paula/AppData/Local/Temp/context13395536364525515778.xml'
21-Dec-2022 11:10:38.631 INFO [http-nio-8080-exec-203] org.apache.catalina.core.ApplicationContext.log Manager: start: Starting web application '/proyectoPDSC'
21-Dec-2022 11:11:42.584 INFO [http-nio-8080-exec-208] org.apache.catalina.core.ApplicationContext.log Manager: list: Listing contexts for virtual host 'localhost'
21-Dec-2022 11:12:03.960 INFO [http-nio-8080-exec-211] org.apache.catalina.core.ApplicationContext.log Manager: list: Listing contexts for virtual host 'localhost'
21-Dec-2022 11:12:40.317 INFO [http-nio-8080-exec-206] org.apache.catalina.core.ApplicationContext.log Manager: list: Listing contexts for virtual host 'localhost'
21-Dec-2022 11:13:40.483 INFO [http-nio-8080-exec-206] org.apache.catalina.core.ApplicationContext.log Manager: list: Listing contexts for virtual host 'localhost'
21-Dec-2022 11:13:47.092 INFO [http-nio-8080-exec-205] org.apache.catalina.core.ApplicationContext.log Manager: list: Listing contexts for virtual host 'localhost'
21-Dec-2022 11:13:59.617 INFO [http-nio-8080-exec-210] org.apache.catalina.core.ApplicationContext.log Manager: list: Listing contexts for virtual host 'localhost'
21-Dec-2022 11:14:18.036 INFO [http-nio-8080-exec-211] org.apache.catalina.core.ApplicationContext.log Manager: list: Listing contexts for virtual host 'localhost'
21-Dec-2022 11:14:35.042 INFO [http-nio-8080-exec-209] org.apache.catalina.core.ApplicationContext.log Manager: list: Listing contexts for virtual host 'localhost'
21-Dec-2022 11:16:03.028 INFO [http-nio-8080-exec-207] org.apache.catalina.core.ApplicationContext.log Manager: list: Listing contexts for virtual host 'localhost'
21-Dec-2022 11:16:21.779 INFO [http-nio-8080-exec-205] org.apache.catalina.core.ApplicationContext.log Manager: list: Listing contexts for virtual host 'localhost'
21-Dec-2022 11:16:33.647 INFO [http-nio-8080-exec-210] org.apache.catalina.core.ApplicationContext.log Manager: list: Listing contexts for virtual host 'localhost'
21-Dec-2022 11:16:44.689 INFO [http-nio-8080-exec-204] org.apache.catalina.core.ApplicationContext.log Manager: list: Listing contexts for virtual host 'localhost'
21-Dec-2022 11:17:52.091 INFO [http-nio-8080-exec-212] org.apache.catalina.core.ApplicationContext.log Manager: list: Listing contexts for virtual host 'localhost'
21-Dec-2022 11:19:46.800 INFO [http-nio-8080-exec-204] org.apache.catalina.core.ApplicationContext.log Manager: list: Listing contexts for virtual host 'localhost'
21-Dec-2022 11:21:58.148 INFO [http-nio-8080-exec-211] org.apache.catalina.core.ApplicationContext.log Manager: list: Listing contexts for virtual host 'localhost'
21-Dec-2022 11:22:13.930 INFO [http-nio-8080-exec-212] org.apache.catalina.core.ApplicationContext.log Manager: list: Listing contexts for virtual host 'localhost'
21-Dec-2022 11:22:17.998 INFO [http-nio-8080-exec-210] org.apache.catalina.core.ApplicationContext.log Manager: list: Listing contexts for virtual host 'localhost'
21-Dec-2022 11:22:30.037 INFO [http-nio-8080-exec-204] org.apache.catalina.core.ApplicationContext.log Manager: list: Listing contexts for virtual host 'localhost'
21-Dec-2022 11:23:21.223 INFO [http-nio-8080-exec-208] org.apache.catalina.core.ApplicationContext.log Manager: list: Listing contexts for virtual host 'localhost'
21-Dec-2022 11:23:52.396 INFO [http-nio-8080-exec-210] org.apache.catalina.core.ApplicationContext.log Manager: list: Listing contexts for virtual host 'localhost'
21-Dec-2022 11:24:05.098 INFO [http-nio-8080-exec-207] org.apache.catalina.core.ApplicationContext.log Manager: list: Listing contexts for virtual host 'localhost'
21-Dec-2022 11:24:10.123 INFO [http-nio-8080-exec-204] org.apache.catalina.core.ApplicationContext.log Manager: list: Listing contexts for virtual host 'localhost'
21-Dec-2022 11:24:15.540 INFO [http-nio-8080-exec-205] org.apache.catalina.core.ApplicationContext.log Manager: list: Listing contexts for virtual host 'localhost'
21-Dec-2022 11:24:30.736 INFO [http-nio-8080-exec-209] org.apache.catalina.core.ApplicationContext.log Manager: list: Listing contexts for virtual host 'localhost'
21-Dec-2022 11:24:38.492 INFO [http-nio-8080-exec-212] org.apache.catalina.core.ApplicationContext.log Manager: list: Listing contexts for virtual host 'localhost'
21-Dec-2022 11:27:22.918 INFO [http-nio-8080-exec-206] org.apache.catalina.core.ApplicationContext.log Manager: list: Listing contexts for virtual host 'localhost'
21-Dec-2022 11:28:06.127 INFO [http-nio-8080-exec-210] org.apache.catalina.core.ApplicationContext.log Manager: list: Listing contexts for virtual host 'localhost'
21-Dec-2022 11:28:06.910 INFO [http-nio-8080-exec-212] org.apache.catalina.core.ApplicationContext.log Manager: list: Listing contexts for virtual host 'localhost'
21-Dec-2022 11:28:10.612 INFO [http-nio-8080-exec-213] org.apache.catalina.core.ApplicationContext.log Manager: list: Listing contexts for virtual host 'localhost'
21-Dec-2022 11:28:11.450 INFO [http-nio-8080-exec-210] org.apache.catalina.core.ApplicationContext.log Manager: list: Listing contexts for virtual host 'localhost'
21-Dec-2022 11:28:29.041 INFO [http-nio-8080-exec-207] org.apache.catalina.core.ApplicationContext.log Manager: list: Listing contexts for virtual host 'localhost'
21-Dec-2022 11:29:00.674 INFO [http-nio-8080-exec-212] org.apache.catalina.core.ApplicationContext.log Manager: list: Listing contexts for virtual host 'localhost'
21-Dec-2022 11:29:18.917 INFO [http-nio-8080-exec-210] org.apache.catalina.core.ApplicationContext.log Manager: list: Listing contexts for virtual host 'localhost'
21-Dec-2022 11:29:45.209 INFO [http-nio-8080-exec-208] org.apache.catalina.core.ApplicationContext.log Manager: list: Listing contexts for virtual host 'localhost'
21-Dec-2022 11:29:46.072 INFO [http-nio-8080-exec-210] org.apache.catalina.core.ApplicationContext.log Manager: list: Listing contexts for virtual host 'localhost'
21-Dec-2022 11:35:15.556 INFO [http-nio-8080-exec-205] org.apache.catalina.core.ApplicationContext.log Manager: list: Listing contexts for virtual host 'localhost'
21-Dec-2022 11:35:22.800 INFO [http-nio-8080-exec-206] org.apache.catalina.core.ApplicationContext.log Manager: list: Listing contexts for virtual host 'localhost'
21-Dec-2022 11:35:56.082 INFO [http-nio-8080-exec-211] org.apache.catalina.core.ApplicationContext.log Manager: list: Listing contexts for virtual host 'localhost'
21-Dec-2022 11:36:38.254 INFO [http-nio-8080-exec-207] org.apache.catalina.core.ApplicationContext.log Manager: list: Listing contexts for virtual host 'localhost'
21-Dec-2022 11:36:39.035 INFO [http-nio-8080-exec-213] org.apache.catalina.core.ApplicationContext.log Manager: list: Listing contexts for virtual host 'localhost'
21-Dec-2022 11:46:27.626 INFO [http-nio-8080-exec-208] org.apache.catalina.core.ApplicationContext.log Manager: list: Listing contexts for virtual host 'localhost'
21-Dec-2022 11:46:30.047 INFO [http-nio-8080-exec-206] org.apache.catalina.core.ApplicationContext.log Manager: list: Listing contexts for virtual host 'localhost'
21-Dec-2022 11:47:22.779 INFO [http-nio-8080-exec-213] org.apache.catalina.core.ApplicationContext.log Manager: list: Listing contexts for virtual host 'localhost'
21-Dec-2022 11:48:20.662 INFO [http-nio-8080-exec-210] org.apache.catalina.core.ApplicationContext.log Manager: list: Listing contexts for virtual host 'localhost'
21-Dec-2022 11:48:38.862 INFO [http-nio-8080-exec-205] org.apache.catalina.core.ApplicationContext.log Manager: list: Listing contexts for virtual host 'localhost'
21-Dec-2022 11:49:29.891 INFO [http-nio-8080-exec-209] org.apache.catalina.core.ApplicationContext.log Manager: list: Listing contexts for virtual host 'localhost'
21-Dec-2022 11:50:04.465 INFO [http-nio-8080-exec-212] org.apache.catalina.core.ApplicationContext.log Manager: list: Listing contexts for virtual host 'localhost'
21-Dec-2022 11:50:04.465 INFO [http-nio-8080-exec-211] org.apache.catalina.core.ApplicationContext.log Manager: list: Listing contexts for virtual host 'localhost'
21-Dec-2022 11:50:04.485 INFO [http-nio-8080-exec-209] org.apache.catalina.core.ApplicationContext.log Manager: undeploy: Undeploying web application at '/proyectoPDSC'
21-Dec-2022 11:50:05.118 INFO [http-nio-8080-exec-207] org.apache.catalina.core.ApplicationContext.log Manager: install: Installing context configuration at 'file:/C:/Users/paula/AppData/Local/Temp/context5593231180442910580.xml'
21-Dec-2022 11:50:06.738 INFO [http-nio-8080-exec-204] org.apache.catalina.core.ApplicationContext.log Manager: start: Starting web application '/proyectoPDSC'
21-Dec-2022 11:51:45.065 INFO [http-nio-8080-exec-215] org.apache.catalina.core.ApplicationContext.log Manager: list: Listing contexts for virtual host 'localhost'
21-Dec-2022 11:53:07.197 INFO [http-nio-8080-exec-218] org.apache.catalina.core.ApplicationContext.log Manager: list: Listing contexts for virtual host 'localhost'
21-Dec-2022 11:53:21.834 INFO [http-nio-8080-exec-219] org.apache.catalina.core.ApplicationContext.log Manager: list: Listing contexts for virtual host 'localhost'
21-Dec-2022 11:55:17.246 INFO [http-nio-8080-exec-218] org.apache.catalina.core.ApplicationContext.log Manager: list: Listing contexts for virtual host 'localhost'
21-Dec-2022 11:58:24.835 INFO [http-nio-8080-exec-220] org.apache.catalina.core.ApplicationContext.log Manager: list: Listing contexts for virtual host 'localhost'
21-Dec-2022 11:58:36.777 INFO [http-nio-8080-exec-222] org.apache.catalina.core.ApplicationContext.log Manager: list: Listing contexts for virtual host 'localhost'
21-Dec-2022 11:58:40.366 INFO [http-nio-8080-exec-223] org.apache.catalina.core.ApplicationContext.log Manager: list: Listing contexts for virtual host 'localhost'
21-Dec-2022 11:59:06.074 INFO [http-nio-8080-exec-217] org.apache.catalina.core.ApplicationContext.log Manager: list: Listing contexts for virtual host 'localhost'
21-Dec-2022 12:02:36.550 INFO [http-nio-8080-exec-216] org.apache.catalina.core.ApplicationContext.log Manager: list: Listing contexts for virtual host 'localhost'
21-Dec-2022 12:02:36.553 INFO [http-nio-8080-exec-219] org.apache.catalina.core.ApplicationContext.log Manager: list: Listing contexts for virtual host 'localhost'
21-Dec-2022 12:02:36.564 INFO [http-nio-8080-exec-217] org.apache.catalina.core.ApplicationContext.log Manager: undeploy: Undeploying web application at '/proyectoPDSC'
21-Dec-2022 12:02:37.197 INFO [http-nio-8080-exec-220] org.apache.catalina.core.ApplicationContext.log Manager: install: Installing context configuration at 'file:/C:/Users/paula/AppData/Local/Temp/context15021196084778165868.xml'
21-Dec-2022 12:02:39.866 INFO [http-nio-8080-exec-219] org.apache.catalina.core.ApplicationContext.log Manager: start: Starting web application '/proyectoPDSC'
21-Dec-2022 12:07:08.160 INFO [http-nio-8080-exec-229] org.apache.catalina.core.ApplicationContext.log Manager: list: Listing contexts for virtual host 'localhost'
21-Dec-2022 12:07:08.164 INFO [http-nio-8080-exec-230] org.apache.catalina.core.ApplicationContext.log Manager: list: Listing contexts for virtual host 'localhost'
21-Dec-2022 12:07:08.178 INFO [http-nio-8080-exec-231] org.apache.catalina.core.ApplicationContext.log Manager: undeploy: Undeploying web application at '/proyectoPDSC'
21-Dec-2022 12:07:08.770 INFO [http-nio-8080-exec-229] org.apache.catalina.core.ApplicationContext.log Manager: install: Installing context configuration at 'file:/C:/Users/paula/AppData/Local/Temp/context16129450696975853469.xml'
21-Dec-2022 12:07:11.030 INFO [http-nio-8080-exec-224] org.apache.catalina.core.ApplicationContext.log Manager: start: Starting web application '/proyectoPDSC'
21-Dec-2022 12:08:12.586 INFO [http-nio-8080-exec-218] org.apache.catalina.core.ApplicationContext.log Manager: list: Listing contexts for virtual host 'localhost'
21-Dec-2022 12:09:29.071 INFO [http-nio-8080-exec-235] org.apache.catalina.core.ApplicationContext.log Manager: list: Listing contexts for virtual host 'localhost'
21-Dec-2022 12:09:33.550 INFO [http-nio-8080-exec-239] org.apache.catalina.core.ApplicationContext.log Manager: list: Listing contexts for virtual host 'localhost'
21-Dec-2022 12:09:45.885 INFO [http-nio-8080-exec-236] org.apache.catalina.core.ApplicationContext.log Manager: list: Listing contexts for virtual host 'localhost'
21-Dec-2022 12:11:10.658 INFO [http-nio-8080-exec-237] org.apache.catalina.core.ApplicationContext.log Manager: list: Listing contexts for virtual host 'localhost'
21-Dec-2022 12:19:21.433 INFO [http-nio-8080-exec-242] org.apache.catalina.core.ApplicationContext.log Manager: list: Listing contexts for virtual host 'localhost'
21-Dec-2022 12:19:21.436 INFO [http-nio-8080-exec-238] org.apache.catalina.core.ApplicationContext.log Manager: list: Listing contexts for virtual host 'localhost'
21-Dec-2022 12:19:21.448 INFO [http-nio-8080-exec-234] org.apache.catalina.core.ApplicationContext.log Manager: undeploy: Undeploying web application at '/proyectoPDSC'
21-Dec-2022 12:19:22.084 INFO [http-nio-8080-exec-239] org.apache.catalina.core.ApplicationContext.log Manager: install: Installing context configuration at 'file:/C:/Users/paula/AppData/Local/Temp/context13104476591954283594.xml'
21-Dec-2022 12:19:24.035 INFO [http-nio-8080-exec-237] org.apache.catalina.core.ApplicationContext.log Manager: start: Starting web application '/proyectoPDSC'
21-Dec-2022 12:20:28.232 INFO [http-nio-8080-exec-243] org.apache.catalina.core.ApplicationContext.log Manager: list: Listing contexts for virtual host 'localhost'
21-Dec-2022 12:21:52.297 INFO [http-nio-8080-exec-245] org.apache.catalina.core.ApplicationContext.log Manager: list: Listing contexts for virtual host 'localhost'
21-Dec-2022 12:22:01.548 INFO [http-nio-8080-exec-243] org.apache.catalina.core.ApplicationContext.log Manager: list: Listing contexts for virtual host 'localhost'
21-Dec-2022 12:22:37.366 INFO [http-nio-8080-exec-246] org.apache.catalina.core.ApplicationContext.log Manager: list: Listing contexts for virtual host 'localhost'
21-Dec-2022 12:22:45.317 INFO [http-nio-8080-exec-249] org.apache.catalina.core.ApplicationContext.log Manager: list: Listing contexts for virtual host 'localhost'
21-Dec-2022 12:23:11.632 INFO [http-nio-8080-exec-252] org.apache.catalina.core.ApplicationContext.log Manager: list: Listing contexts for virtual host 'localhost'
21-Dec-2022 12:23:11.635 INFO [http-nio-8080-exec-246] org.apache.catalina.core.ApplicationContext.log Manager: list: Listing contexts for virtual host 'localhost'
21-Dec-2022 12:23:11.650 INFO [http-nio-8080-exec-251] org.apache.catalina.core.ApplicationContext.log Manager: undeploy: Undeploying web application at '/proyectoPDSC'
21-Dec-2022 12:23:12.235 INFO [http-nio-8080-exec-245] org.apache.catalina.core.ApplicationContext.log Manager: install: Installing context configuration at 'file:/C:/Users/paula/AppData/Local/Temp/context10402926225337685254.xml'
21-Dec-2022 12:23:14.177 INFO [http-nio-8080-exec-243] org.apache.catalina.core.ApplicationContext.log Manager: start: Starting web application '/proyectoPDSC'
21-Dec-2022 12:25:02.821 INFO [http-nio-8080-exec-253] org.apache.catalina.core.ApplicationContext.log Manager: list: Listing contexts for virtual host 'localhost'
21-Dec-2022 12:31:51.519 INFO [http-nio-8080-exec-258] org.apache.catalina.core.ApplicationContext.log Manager: list: Listing contexts for virtual host 'localhost'
21-Dec-2022 12:31:51.521 INFO [http-nio-8080-exec-259] org.apache.catalina.core.ApplicationContext.log Manager: list: Listing contexts for virtual host 'localhost'
21-Dec-2022 12:31:51.531 INFO [http-nio-8080-exec-253] org.apache.catalina.core.ApplicationContext.log Manager: undeploy: Undeploying web application at '/proyectoPDSC'
21-Dec-2022 12:31:52.143 INFO [http-nio-8080-exec-259] org.apache.catalina.core.ApplicationContext.log Manager: install: Installing context configuration at 'file:/C:/Users/paula/AppData/Local/Temp/context17514579463112612956.xml'
21-Dec-2022 12:31:54.042 INFO [http-nio-8080-exec-257] org.apache.catalina.core.ApplicationContext.log Manager: start: Starting web application '/proyectoPDSC'
21-Dec-2022 12:33:06.204 INFO [http-nio-8080-exec-267] org.apache.catalina.core.ApplicationContext.log Manager: list: Listing contexts for virtual host 'localhost'
21-Dec-2022 12:33:07.406 INFO [http-nio-8080-exec-264] org.apache.catalina.core.ApplicationContext.log Manager: list: Listing contexts for virtual host 'localhost'
21-Dec-2022 12:33:07.406 INFO [http-nio-8080-exec-263] org.apache.catalina.core.ApplicationContext.log Manager: list: Listing contexts for virtual host 'localhost'
21-Dec-2022 12:33:07.406 INFO [http-nio-8080-exec-267] org.apache.catalina.core.ApplicationContext.log Manager: undeploy: Undeploying web application at '/proyectoPDSC'
21-Dec-2022 12:33:08.002 INFO [http-nio-8080-exec-266] org.apache.catalina.core.ApplicationContext.log Manager: install: Installing context configuration at 'file:/C:/Users/paula/AppData/Local/Temp/context18278639538560636701.xml'
21-Dec-2022 12:33:09.824 INFO [http-nio-8080-exec-264] org.apache.catalina.core.ApplicationContext.log Manager: start: Starting web application '/proyectoPDSC'
21-Dec-2022 12:37:02.348 INFO [http-nio-8080-exec-279] org.apache.catalina.core.ApplicationContext.log Manager: list: Listing contexts for virtual host 'localhost'
21-Dec-2022 12:37:37.732 INFO [http-nio-8080-exec-274] org.apache.catalina.core.ApplicationContext.log Manager: list: Listing contexts for virtual host 'localhost'
21-Dec-2022 12:37:42.156 INFO [http-nio-8080-exec-282] org.apache.catalina.core.ApplicationContext.log Manager: list: Listing contexts for virtual host 'localhost'
21-Dec-2022 12:37:43.802 INFO [http-nio-8080-exec-281] org.apache.catalina.core.ApplicationContext.log Manager: list: Listing contexts for virtual host 'localhost'
21-Dec-2022 16:56:30.203 INFO [http-nio-8080-exec-8] org.apache.catalina.core.ApplicationContext.log Manager: init: Associated with Deployer 'Catalina:type=Deployer,host=localhost'
21-Dec-2022 16:56:30.203 INFO [http-nio-8080-exec-8] org.apache.catalina.core.ApplicationContext.log Manager: init: Global resources are available
21-Dec-2022 16:56:48.011 INFO [http-nio-8080-exec-3] org.apache.catalina.core.ApplicationContext.log Manager: list: Listing contexts for virtual host 'localhost'
21-Dec-2022 16:56:48.020 INFO [http-nio-8080-exec-5] org.apache.catalina.core.ApplicationContext.log Manager: list: Listing contexts for virtual host 'localhost'
21-Dec-2022 16:56:48.053 INFO [http-nio-8080-exec-7] org.apache.catalina.core.ApplicationContext.log Manager: undeploy: Undeploying web application at '/proyectoPDSC'
21-Dec-2022 16:56:48.719 INFO [http-nio-8080-exec-6] org.apache.catalina.core.ApplicationContext.log Manager: install: Installing context configuration at 'file:/C:/Users/paula/AppData/Local/Temp/context14604851500223493099.xml'
21-Dec-2022 16:56:51.554 INFO [http-nio-8080-exec-1] org.apache.catalina.core.ApplicationContext.log Manager: start: Starting web application '/proyectoPDSC'
21-Dec-2022 17:00:03.936 INFO [http-nio-8080-exec-19] org.apache.catalina.core.ApplicationContext.log Manager: list: Listing contexts for virtual host 'localhost'
21-Dec-2022 17:00:03.948 INFO [http-nio-8080-exec-14] org.apache.catalina.core.ApplicationContext.log Manager: list: Listing contexts for virtual host 'localhost'
21-Dec-2022 17:00:03.966 INFO [http-nio-8080-exec-18] org.apache.catalina.core.ApplicationContext.log Manager: undeploy: Undeploying web application at '/proyectoPDSC'
21-Dec-2022 17:00:04.581 INFO [http-nio-8080-exec-19] org.apache.catalina.core.ApplicationContext.log Manager: install: Installing context configuration at 'file:/C:/Users/paula/AppData/Local/Temp/context17466639860105682766.xml'
21-Dec-2022 17:00:20.523 INFO [http-nio-8080-exec-15] org.apache.catalina.core.ApplicationContext.log Manager: list: Listing contexts for virtual host 'localhost'
21-Dec-2022 17:00:20.525 INFO [http-nio-8080-exec-12] org.apache.catalina.core.ApplicationContext.log Manager: list: Listing contexts for virtual host 'localhost'
21-Dec-2022 17:00:20.575 INFO [http-nio-8080-exec-21] org.apache.catalina.core.ApplicationContext.log Manager: install: Installing context configuration at 'file:/C:/Users/paula/AppData/Local/Temp/context14459198104887501744.xml'
21-Dec-2022 17:00:22.396 INFO [http-nio-8080-exec-19] org.apache.catalina.core.ApplicationContext.log Manager: start: Starting web application '/proyectoPDSC'
21-Dec-2022 17:02:18.208 INFO [http-nio-8080-exec-22] org.apache.catalina.core.ApplicationContext.log Manager: list: Listing contexts for virtual host 'localhost'
21-Dec-2022 17:02:37.572 INFO [http-nio-8080-exec-29] org.apache.catalina.core.ApplicationContext.log Manager: list: Listing contexts for virtual host 'localhost'
21-Dec-2022 17:02:42.604 INFO [http-nio-8080-exec-29] org.apache.catalina.core.ApplicationContext.log Manager: list: Listing contexts for virtual host 'localhost'
21-Dec-2022 17:02:42.614 INFO [http-nio-8080-exec-31] org.apache.catalina.core.ApplicationContext.log Manager: list: Listing contexts for virtual host 'localhost'
21-Dec-2022 17:02:42.628 INFO [http-nio-8080-exec-26] org.apache.catalina.core.ApplicationContext.log Manager: undeploy: Undeploying web application at '/proyectoPDSC'
21-Dec-2022 17:02:43.227 INFO [http-nio-8080-exec-23] org.apache.catalina.core.ApplicationContext.log Manager: install: Installing context configuration at 'file:/C:/Users/paula/AppData/Local/Temp/context4858045100466178687.xml'
21-Dec-2022 17:02:45.291 INFO [http-nio-8080-exec-28] org.apache.catalina.core.ApplicationContext.log Manager: start: Starting web application '/proyectoPDSC'
21-Dec-2022 17:04:47.379 INFO [http-nio-8080-exec-36] org.apache.catalina.core.ApplicationContext.log Manager: list: Listing contexts for virtual host 'localhost'
21-Dec-2022 17:11:20.669 INFO [http-nio-8080-exec-38] org.apache.catalina.core.ApplicationContext.log Manager: list: Listing contexts for virtual host 'localhost'
21-Dec-2022 17:11:34.612 INFO [http-nio-8080-exec-40] org.apache.catalina.core.ApplicationContext.log Manager: list: Listing contexts for virtual host 'localhost'
21-Dec-2022 17:12:03.776 INFO [http-nio-8080-exec-39] org.apache.catalina.core.ApplicationContext.log Manager: list: Listing contexts for virtual host 'localhost'
21-Dec-2022 17:12:03.781 INFO [http-nio-8080-exec-42] org.apache.catalina.core.ApplicationContext.log Manager: list: Listing contexts for virtual host 'localhost'
21-Dec-2022 17:12:03.793 INFO [http-nio-8080-exec-41] org.apache.catalina.core.ApplicationContext.log Manager: undeploy: Undeploying web application at '/proyectoPDSC'
21-Dec-2022 17:12:04.405 INFO [http-nio-8080-exec-37] org.apache.catalina.core.ApplicationContext.log Manager: install: Installing context configuration at 'file:/C:/Users/paula/AppData/Local/Temp/context11446855049033320556.xml'
21-Dec-2022 17:12:06.569 INFO [http-nio-8080-exec-42] org.apache.catalina.core.ApplicationContext.log Manager: start: Starting web application '/proyectoPDSC'
21-Dec-2022 17:14:58.752 INFO [http-nio-8080-exec-51] org.apache.catalina.core.ApplicationContext.log Manager: list: Listing contexts for virtual host 'localhost'
21-Dec-2022 17:14:58.789 INFO [http-nio-8080-exec-49] org.apache.catalina.core.ApplicationContext.log Manager: undeploy: Undeploying web application at '/proyectoPDSC'
21-Dec-2022 17:14:59.371 INFO [http-nio-8080-exec-36] org.apache.catalina.core.ApplicationContext.log Manager: install: Installing context configuration at 'file:/C:/Users/paula/AppData/Local/Temp/context10433421959829417537.xml'
21-Dec-2022 17:15:10.243 INFO [http-nio-8080-exec-45] org.apache.catalina.core.ApplicationContext.log Manager: list: Listing contexts for virtual host 'localhost'
21-Dec-2022 17:15:10.249 INFO [http-nio-8080-exec-50] org.apache.catalina.core.ApplicationContext.log Manager: list: Listing contexts for virtual host 'localhost'
21-Dec-2022 17:15:10.265 INFO [http-nio-8080-exec-44] org.apache.catalina.core.ApplicationContext.log Manager: undeploy: Undeploying web application at '/proyectoPDSC'
21-Dec-2022 17:15:10.816 INFO [http-nio-8080-exec-52] org.apache.catalina.core.ApplicationContext.log Manager: install: Installing context configuration at 'file:/C:/Users/paula/AppData/Local/Temp/context17991212842985130288.xml'
21-Dec-2022 17:15:12.821 INFO [http-nio-8080-exec-53] org.apache.catalina.core.ApplicationContext.log Manager: start: Starting web application '/proyectoPDSC'
21-Dec-2022 17:15:58.487 INFO [http-nio-8080-exec-58] org.apache.catalina.core.ApplicationContext.log Manager: list: Listing contexts for virtual host 'localhost'
21-Dec-2022 17:21:13.303 INFO [http-nio-8080-exec-61] org.apache.catalina.core.ApplicationContext.log Manager: list: Listing contexts for virtual host 'localhost'
21-Dec-2022 17:21:13.454 INFO [http-nio-8080-exec-56] org.apache.catalina.core.ApplicationContext.log Manager: list: Listing contexts for virtual host 'localhost'
21-Dec-2022 17:21:23.564 INFO [http-nio-8080-exec-64] org.apache.catalina.core.ApplicationContext.log Manager: list: Listing contexts for virtual host 'localhost'
21-Dec-2022 17:21:23.982 INFO [http-nio-8080-exec-61] org.apache.catalina.core.ApplicationContext.log Manager: list: Listing contexts for virtual host 'localhost'
21-Dec-2022 17:23:34.628 INFO [http-nio-8080-exec-63] org.apache.catalina.core.ApplicationContext.log Manager: list: Listing contexts for virtual host 'localhost'
21-Dec-2022 17:24:03.270 INFO [http-nio-8080-exec-59] org.apache.catalina.core.ApplicationContext.log Manager: list: Listing contexts for virtual host 'localhost'
21-Dec-2022 17:24:29.039 INFO [http-nio-8080-exec-63] org.apache.catalina.core.ApplicationContext.log Manager: list: Listing contexts for virtual host 'localhost'
21-Dec-2022 17:26:54.273 INFO [http-nio-8080-exec-60] org.apache.catalina.core.ApplicationContext.log Manager: list: Listing contexts for virtual host 'localhost'
21-Dec-2022 17:30:40.035 INFO [http-nio-8080-exec-59] org.apache.catalina.core.ApplicationContext.log Manager: list: Listing contexts for virtual host 'localhost'
21-Dec-2022 17:30:40.266 INFO [http-nio-8080-exec-62] org.apache.catalina.core.ApplicationContext.log Manager: restart: Reloading web application '/proyectoPDSC'
21-Dec-2022 17:31:14.770 INFO [http-nio-8080-exec-60] org.apache.catalina.core.ApplicationContext.log Manager: list: Listing contexts for virtual host 'localhost'
21-Dec-2022 17:31:14.895 INFO [http-nio-8080-exec-61] org.apache.catalina.core.ApplicationContext.log Manager: restart: Reloading web application '/proyectoPDSC'
21-Dec-2022 17:32:33.980 INFO [http-nio-8080-exec-60] org.apache.catalina.core.ApplicationContext.log Manager: list: Listing contexts for virtual host 'localhost'
21-Dec-2022 17:32:51.792 INFO [http-nio-8080-exec-67] org.apache.catalina.core.ApplicationContext.log Manager: list: Listing contexts for virtual host 'localhost'
21-Dec-2022 17:32:51.917 INFO [http-nio-8080-exec-58] org.apache.catalina.core.ApplicationContext.log Manager: restart: Reloading web application '/proyectoPDSC'
21-Dec-2022 17:36:06.694 INFO [http-nio-8080-exec-73] org.apache.catalina.core.ApplicationContext.log Manager: list: Listing contexts for virtual host 'localhost'
21-Dec-2022 17:36:06.833 INFO [http-nio-8080-exec-74] org.apache.catalina.core.ApplicationContext.log Manager: restart: Reloading web application '/proyectoPDSC'
21-Dec-2022 17:36:13.251 INFO [http-nio-8080-exec-72] org.apache.catalina.core.ApplicationContext.log Manager: list: Listing contexts for virtual host 'localhost'
21-Dec-2022 17:36:13.443 INFO [http-nio-8080-exec-68] org.apache.catalina.core.ApplicationContext.log Manager: restart: Reloading web application '/proyectoPDSC'
21-Dec-2022 17:36:28.342 INFO [http-nio-8080-exec-76] org.apache.catalina.core.ApplicationContext.log Manager: list: Listing contexts for virtual host 'localhost'
21-Dec-2022 17:36:28.452 INFO [http-nio-8080-exec-78] org.apache.catalina.core.ApplicationContext.log Manager: restart: Reloading web application '/proyectoPDSC'
21-Dec-2022 17:36:42.278 INFO [http-nio-8080-exec-80] org.apache.catalina.core.ApplicationContext.log Manager: list: Listing contexts for virtual host 'localhost'
21-Dec-2022 17:36:42.411 INFO [http-nio-8080-exec-75] org.apache.catalina.core.ApplicationContext.log Manager: restart: Reloading web application '/proyectoPDSC'
21-Dec-2022 17:36:56.222 INFO [http-nio-8080-exec-55] org.apache.catalina.core.ApplicationContext.log Manager: list: Listing contexts for virtual host 'localhost'
21-Dec-2022 17:36:56.329 INFO [http-nio-8080-exec-69] org.apache.catalina.core.ApplicationContext.log Manager: restart: Reloading web application '/proyectoPDSC'
21-Dec-2022 17:37:50.255 INFO [http-nio-8080-exec-80] org.apache.catalina.core.ApplicationContext.log Manager: list: Listing contexts for virtual host 'localhost'
21-Dec-2022 17:37:50.445 INFO [http-nio-8080-exec-55] org.apache.catalina.core.ApplicationContext.log Manager: restart: Reloading web application '/proyectoPDSC'
21-Dec-2022 17:37:54.619 INFO [http-nio-8080-exec-73] org.apache.catalina.core.ApplicationContext.log Manager: list: Listing contexts for virtual host 'localhost'
21-Dec-2022 17:37:54.741 INFO [http-nio-8080-exec-88] org.apache.catalina.core.ApplicationContext.log Manager: restart: Reloading web application '/proyectoPDSC'
21-Dec-2022 17:37:57.621 INFO [http-nio-8080-exec-79] org.apache.catalina.core.ApplicationContext.log Manager: list: Listing contexts for virtual host 'localhost'
21-Dec-2022 17:37:57.756 INFO [http-nio-8080-exec-73] org.apache.catalina.core.ApplicationContext.log Manager: restart: Reloading web application '/proyectoPDSC'
21-Dec-2022 17:38:18.465 INFO [http-nio-8080-exec-82] org.apache.catalina.core.ApplicationContext.log Manager: list: Listing contexts for virtual host 'localhost'
21-Dec-2022 17:38:18.593 INFO [http-nio-8080-exec-85] org.apache.catalina.core.ApplicationContext.log Manager: restart: Reloading web application '/proyectoPDSC'
21-Dec-2022 17:38:21.042 INFO [http-nio-8080-exec-91] org.apache.catalina.core.ApplicationContext.log Manager: list: Listing contexts for virtual host 'localhost'
21-Dec-2022 17:38:21.138 INFO [http-nio-8080-exec-92] org.apache.catalina.core.ApplicationContext.log Manager: restart: Reloading web application '/proyectoPDSC'
21-Dec-2022 17:39:06.502 INFO [http-nio-8080-exec-84] org.apache.catalina.core.ApplicationContext.log Manager: list: Listing contexts for virtual host 'localhost'
21-Dec-2022 17:39:06.626 INFO [http-nio-8080-exec-94] org.apache.catalina.core.ApplicationContext.log Manager: restart: Reloading web application '/proyectoPDSC'
21-Dec-2022 17:39:52.368 INFO [http-nio-8080-exec-90] org.apache.catalina.core.ApplicationContext.log Manager: list: Listing contexts for virtual host 'localhost'
21-Dec-2022 17:39:52.521 INFO [http-nio-8080-exec-93] org.apache.catalina.core.ApplicationContext.log Manager: restart: Reloading web application '/proyectoPDSC'
21-Dec-2022 17:39:54.905 INFO [http-nio-8080-exec-96] org.apache.catalina.core.ApplicationContext.log Manager: list: Listing contexts for virtual host 'localhost'
21-Dec-2022 17:39:55.026 INFO [http-nio-8080-exec-90] org.apache.catalina.core.ApplicationContext.log Manager: restart: Reloading web application '/proyectoPDSC'
21-Dec-2022 17:43:03.263 INFO [http-nio-8080-exec-98] org.apache.catalina.core.ApplicationContext.log Manager: list: Listing contexts for virtual host 'localhost'
21-Dec-2022 17:43:03.380 INFO [http-nio-8080-exec-99] org.apache.catalina.core.ApplicationContext.log Manager: restart: Reloading web application '/proyectoPDSC'
21-Dec-2022 17:44:06.808 INFO [http-nio-8080-exec-98] org.apache.catalina.core.ApplicationContext.log Manager: list: Listing contexts for virtual host 'localhost'
21-Dec-2022 17:44:06.945 INFO [http-nio-8080-exec-102] org.apache.catalina.core.ApplicationContext.log Manager: restart: Reloading web application '/proyectoPDSC'
21-Dec-2022 17:44:12.202 INFO [http-nio-8080-exec-98] org.apache.catalina.core.ApplicationContext.log Manager: list: Listing contexts for virtual host 'localhost'
21-Dec-2022 17:44:12.352 INFO [http-nio-8080-exec-111] org.apache.catalina.core.ApplicationContext.log Manager: restart: Reloading web application '/proyectoPDSC'
21-Dec-2022 17:49:37.189 INFO [http-nio-8080-exec-114] org.apache.catalina.core.ApplicationContext.log Manager: list: Listing contexts for virtual host 'localhost'
21-Dec-2022 17:50:27.737 INFO [http-nio-8080-exec-119] org.apache.catalina.core.ApplicationContext.log Manager: list: Listing contexts for virtual host 'localhost'
21-Dec-2022 17:50:27.847 INFO [http-nio-8080-exec-120] org.apache.catalina.core.ApplicationContext.log Manager: restart: Reloading web application '/proyectoPDSC'
21-Dec-2022 17:53:10.149 INFO [http-nio-8080-exec-123] org.apache.catalina.core.ApplicationContext.log Manager: list: Listing contexts for virtual host 'localhost'
21-Dec-2022 17:53:10.267 INFO [http-nio-8080-exec-124] org.apache.catalina.core.ApplicationContext.log Manager: restart: Reloading web application '/proyectoPDSC'
21-Dec-2022 17:53:48.736 INFO [http-nio-8080-exec-126] org.apache.catalina.core.ApplicationContext.log Manager: list: Listing contexts for virtual host 'localhost'
21-Dec-2022 17:53:48.850 INFO [http-nio-8080-exec-127] org.apache.catalina.core.ApplicationContext.log Manager: restart: Reloading web application '/proyectoPDSC'
21-Dec-2022 18:04:52.609 INFO [http-nio-8080-exec-131] org.apache.catalina.core.ApplicationContext.log Manager: list: Listing contexts for virtual host 'localhost'
21-Dec-2022 18:04:52.773 INFO [http-nio-8080-exec-132] org.apache.catalina.core.ApplicationContext.log Manager: restart: Reloading web application '/proyectoPDSC'
21-Dec-2022 18:04:54.768 INFO [http-nio-8080-exec-140] org.apache.catalina.core.ApplicationContext.log Manager: list: Listing contexts for virtual host 'localhost'
21-Dec-2022 18:04:54.903 INFO [http-nio-8080-exec-133] org.apache.catalina.core.ApplicationContext.log Manager: restart: Reloading web application '/proyectoPDSC'
21-Dec-2022 18:07:03.781 INFO [http-nio-8080-exec-141] org.apache.catalina.core.ApplicationContext.log Manager: list: Listing contexts for virtual host 'localhost'
21-Dec-2022 18:07:03.959 INFO [http-nio-8080-exec-142] org.apache.catalina.core.ApplicationContext.log Manager: restart: Reloading web application '/proyectoPDSC'
21-Dec-2022 18:07:06.325 INFO [http-nio-8080-exec-130] org.apache.catalina.core.ApplicationContext.log Manager: list: Listing contexts for virtual host 'localhost'
21-Dec-2022 18:07:06.466 INFO [http-nio-8080-exec-131] org.apache.catalina.core.ApplicationContext.log Manager: restart: Reloading web application '/proyectoPDSC'
21-Dec-2022 18:08:16.104 INFO [http-nio-8080-exec-148] org.apache.catalina.core.ApplicationContext.log Manager: list: Listing contexts for virtual host 'localhost'
21-Dec-2022 18:08:16.224 INFO [http-nio-8080-exec-143] org.apache.catalina.core.ApplicationContext.log Manager: restart: Reloading web application '/proyectoPDSC'
21-Dec-2022 18:08:18.067 INFO [http-nio-8080-exec-130] org.apache.catalina.core.ApplicationContext.log Manager: list: Listing contexts for virtual host 'localhost'
21-Dec-2022 18:08:18.175 INFO [http-nio-8080-exec-150] org.apache.catalina.core.ApplicationContext.log Manager: restart: Reloading web application '/proyectoPDSC'
21-Dec-2022 18:08:27.000 INFO [http-nio-8080-exec-153] org.apache.catalina.core.ApplicationContext.log Manager: list: Listing contexts for virtual host 'localhost'
21-Dec-2022 18:09:59.748 INFO [http-nio-8080-exec-154] org.apache.catalina.core.ApplicationContext.log Manager: list: Listing contexts for virtual host 'localhost'
21-Dec-2022 18:09:59.868 INFO [http-nio-8080-exec-155] org.apache.catalina.core.ApplicationContext.log Manager: restart: Reloading web application '/proyectoPDSC'
21-Dec-2022 18:13:23.449 INFO [http-nio-8080-exec-160] org.apache.catalina.core.ApplicationContext.log Manager: list: Listing contexts for virtual host 'localhost'
21-Dec-2022 18:13:23.573 INFO [http-nio-8080-exec-161] org.apache.catalina.core.ApplicationContext.log Manager: restart: Reloading web application '/proyectoPDSC'
21-Dec-2022 18:13:49.082 INFO [http-nio-8080-exec-165] org.apache.catalina.core.ApplicationContext.log Manager: list: Listing contexts for virtual host 'localhost'
21-Dec-2022 18:13:49.269 INFO [http-nio-8080-exec-146] org.apache.catalina.core.ApplicationContext.log Manager: restart: Reloading web application '/proyectoPDSC'
21-Dec-2022 18:18:06.419 INFO [http-nio-8080-exec-171] org.apache.catalina.core.ApplicationContext.log Manager: list: Listing contexts for virtual host 'localhost'
21-Dec-2022 18:18:06.608 INFO [http-nio-8080-exec-172] org.apache.catalina.core.ApplicationContext.log Manager: restart: Reloading web application '/proyectoPDSC'
21-Dec-2022 18:20:21.782 INFO [http-nio-8080-exec-181] org.apache.catalina.core.ApplicationContext.log Manager: list: Listing contexts for virtual host 'localhost'
21-Dec-2022 18:20:21.918 INFO [http-nio-8080-exec-173] org.apache.catalina.core.ApplicationContext.log Manager: restart: Reloading web application '/proyectoPDSC'
21-Dec-2022 18:20:42.337 INFO [http-nio-8080-exec-174] org.apache.catalina.core.ApplicationContext.log Manager: list: Listing contexts for virtual host 'localhost'
21-Dec-2022 18:20:42.464 INFO [http-nio-8080-exec-184] org.apache.catalina.core.ApplicationContext.log Manager: restart: Reloading web application '/proyectoPDSC'
21-Dec-2022 18:21:18.293 INFO [http-nio-8080-exec-174] org.apache.catalina.core.ApplicationContext.log Manager: list: Listing contexts for virtual host 'localhost'
21-Dec-2022 18:21:18.455 INFO [http-nio-8080-exec-186] org.apache.catalina.core.ApplicationContext.log Manager: restart: Reloading web application '/proyectoPDSC'
21-Dec-2022 18:27:16.117 INFO [http-nio-8080-exec-191] org.apache.catalina.core.ApplicationContext.log Manager: list: Listing contexts for virtual host 'localhost'
21-Dec-2022 18:27:16.265 INFO [http-nio-8080-exec-192] org.apache.catalina.core.ApplicationContext.log Manager: restart: Reloading web application '/proyectoPDSC'
21-Dec-2022 18:27:30.553 INFO [http-nio-8080-exec-194] org.apache.catalina.core.ApplicationContext.log Manager: list: Listing contexts for virtual host 'localhost'
21-Dec-2022 18:27:30.704 INFO [http-nio-8080-exec-190] org.apache.catalina.core.ApplicationContext.log Manager: restart: Reloading web application '/proyectoPDSC'
21-Dec-2022 18:27:55.787 INFO [http-nio-8080-exec-197] org.apache.catalina.core.ApplicationContext.log Manager: list: Listing contexts for virtual host 'localhost'
21-Dec-2022 18:27:55.930 INFO [http-nio-8080-exec-199] org.apache.catalina.core.ApplicationContext.log Manager: restart: Reloading web application '/proyectoPDSC'
21-Dec-2022 18:28:44.998 INFO [http-nio-8080-exec-194] org.apache.catalina.core.ApplicationContext.log Manager: list: Listing contexts for virtual host 'localhost'
21-Dec-2022 18:28:45.121 INFO [http-nio-8080-exec-198] org.apache.catalina.core.ApplicationContext.log Manager: restart: Reloading web application '/proyectoPDSC'
21-Dec-2022 18:31:17.330 INFO [http-nio-8080-exec-206] org.apache.catalina.core.ApplicationContext.log Manager: list: Listing contexts for virtual host 'localhost'
21-Dec-2022 18:31:17.475 INFO [http-nio-8080-exec-207] org.apache.catalina.core.ApplicationContext.log Manager: restart: Reloading web application '/proyectoPDSC'
21-Dec-2022 18:31:27.356 INFO [http-nio-8080-exec-197] org.apache.catalina.core.ApplicationContext.log Manager: list: Listing contexts for virtual host 'localhost'
21-Dec-2022 18:31:27.452 INFO [http-nio-8080-exec-212] org.apache.catalina.core.ApplicationContext.log Manager: restart: Reloading web application '/proyectoPDSC'
21-Dec-2022 18:31:35.152 INFO [http-nio-8080-exec-197] org.apache.catalina.core.ApplicationContext.log Manager: list: Listing contexts for virtual host 'localhost'
21-Dec-2022 18:31:35.286 INFO [http-nio-8080-exec-210] org.apache.catalina.core.ApplicationContext.log Manager: restart: Reloading web application '/proyectoPDSC'
21-Dec-2022 18:31:48.858 INFO [http-nio-8080-exec-208] org.apache.catalina.core.ApplicationContext.log Manager: list: Listing contexts for virtual host 'localhost'
21-Dec-2022 18:31:49.002 INFO [http-nio-8080-exec-204] org.apache.catalina.core.ApplicationContext.log Manager: restart: Reloading web application '/proyectoPDSC'
21-Dec-2022 18:32:22.297 INFO [http-nio-8080-exec-205] org.apache.catalina.core.ApplicationContext.log Manager: list: Listing contexts for virtual host 'localhost'
21-Dec-2022 18:32:22.417 INFO [http-nio-8080-exec-215] org.apache.catalina.core.ApplicationContext.log Manager: restart: Reloading web application '/proyectoPDSC'
21-Dec-2022 18:32:53.887 INFO [http-nio-8080-exec-209] org.apache.catalina.core.ApplicationContext.log Manager: list: Listing contexts for virtual host 'localhost'
21-Dec-2022 18:32:54.009 INFO [http-nio-8080-exec-214] org.apache.catalina.core.ApplicationContext.log Manager: restart: Reloading web application '/proyectoPDSC'
21-Dec-2022 18:37:21.861 INFO [http-nio-8080-exec-223] org.apache.catalina.core.ApplicationContext.log Manager: list: Listing contexts for virtual host 'localhost'
21-Dec-2022 18:37:27.253 INFO [http-nio-8080-exec-229] org.apache.catalina.core.ApplicationContext.log Manager: list: Listing contexts for virtual host 'localhost'
21-Dec-2022 18:37:29.203 INFO [http-nio-8080-exec-223] org.apache.catalina.core.ApplicationContext.log Manager: list: Listing contexts for virtual host 'localhost'
21-Dec-2022 18:37:29.354 INFO [http-nio-8080-exec-222] org.apache.catalina.core.ApplicationContext.log Manager: restart: Reloading web application '/proyectoPDSC'
21-Dec-2022 18:37:57.084 INFO [http-nio-8080-exec-221] org.apache.catalina.core.ApplicationContext.log Manager: list: Listing contexts for virtual host 'localhost'
21-Dec-2022 18:37:57.218 INFO [http-nio-8080-exec-225] org.apache.catalina.core.ApplicationContext.log Manager: restart: Reloading web application '/proyectoPDSC'
21-Dec-2022 18:38:14.964 INFO [http-nio-8080-exec-227] org.apache.catalina.core.ApplicationContext.log Manager: list: Listing contexts for virtual host 'localhost'
21-Dec-2022 18:38:15.088 INFO [http-nio-8080-exec-226] org.apache.catalina.core.ApplicationContext.log Manager: restart: Reloading web application '/proyectoPDSC'
21-Dec-2022 18:38:27.195 INFO [http-nio-8080-exec-227] org.apache.catalina.core.ApplicationContext.log Manager: list: Listing contexts for virtual host 'localhost'
21-Dec-2022 18:38:27.300 INFO [http-nio-8080-exec-236] org.apache.catalina.core.ApplicationContext.log Manager: restart: Reloading web application '/proyectoPDSC'
21-Dec-2022 18:38:53.253 INFO [http-nio-8080-exec-234] org.apache.catalina.core.ApplicationContext.log Manager: list: Listing contexts for virtual host 'localhost'
21-Dec-2022 18:38:53.406 INFO [http-nio-8080-exec-227] org.apache.catalina.core.ApplicationContext.log Manager: restart: Reloading web application '/proyectoPDSC'
21-Dec-2022 18:38:56.649 INFO [http-nio-8080-exec-228] org.apache.catalina.core.ApplicationContext.log Manager: list: Listing contexts for virtual host 'localhost'
21-Dec-2022 18:38:56.834 INFO [http-nio-8080-exec-235] org.apache.catalina.core.ApplicationContext.log Manager: restart: Reloading web application '/proyectoPDSC'
21-Dec-2022 18:39:13.713 INFO [http-nio-8080-exec-233] org.apache.catalina.core.ApplicationContext.log Manager: list: Listing contexts for virtual host 'localhost'
21-Dec-2022 18:39:13.856 INFO [http-nio-8080-exec-238] org.apache.catalina.core.ApplicationContext.log Manager: restart: Reloading web application '/proyectoPDSC'
21-Dec-2022 18:40:00.884 INFO [http-nio-8080-exec-233] org.apache.catalina.core.ApplicationContext.log Manager: list: Listing contexts for virtual host 'localhost'
21-Dec-2022 18:53:10.061 INFO [http-nio-8080-exec-243] org.apache.catalina.core.ApplicationContext.log Manager: list: Listing contexts for virtual host 'localhost'
21-Dec-2022 18:53:43.139 INFO [http-nio-8080-exec-250] org.apache.catalina.core.ApplicationContext.log Manager: list: Listing contexts for virtual host 'localhost'
21-Dec-2022 18:56:34.102 INFO [http-nio-8080-exec-246] org.apache.catalina.core.ApplicationContext.log Manager: list: Listing contexts for virtual host 'localhost'
21-Dec-2022 18:56:34.222 INFO [http-nio-8080-exec-247] org.apache.catalina.core.ApplicationContext.log Manager: restart: Reloading web application '/proyectoPDSC'
21-Dec-2022 18:56:36.332 INFO [http-nio-8080-exec-246] org.apache.catalina.core.ApplicationContext.log Manager: list: Listing contexts for virtual host 'localhost'
21-Dec-2022 18:56:36.426 INFO [http-nio-8080-exec-251] org.apache.catalina.core.ApplicationContext.log Manager: restart: Reloading web application '/proyectoPDSC'
21-Dec-2022 18:57:04.522 INFO [http-nio-8080-exec-252] org.apache.catalina.core.ApplicationContext.log Manager: list: Listing contexts for virtual host 'localhost'
21-Dec-2022 18:58:11.215 INFO [http-nio-8080-exec-256] org.apache.catalina.core.ApplicationContext.log Manager: list: Listing contexts for virtual host 'localhost'
21-Dec-2022 18:58:29.246 INFO [http-nio-8080-exec-254] org.apache.catalina.core.ApplicationContext.log Manager: list: Listing contexts for virtual host 'localhost'
21-Dec-2022 19:00:20.028 INFO [http-nio-8080-exec-258] org.apache.catalina.core.ApplicationContext.log Manager: list: Listing contexts for virtual host 'localhost'
21-Dec-2022 19:01:01.771 INFO [http-nio-8080-exec-254] org.apache.catalina.core.ApplicationContext.log Manager: list: Listing contexts for virtual host 'localhost'
21-Dec-2022 19:01:15.686 INFO [http-nio-8080-exec-255] org.apache.catalina.core.ApplicationContext.log Manager: list: Listing contexts for virtual host 'localhost'
21-Dec-2022 19:01:36.051 INFO [http-nio-8080-exec-257] org.apache.catalina.core.ApplicationContext.log Manager: list: Listing contexts for virtual host 'localhost'
21-Dec-2022 19:01:50.551 INFO [http-nio-8080-exec-254] org.apache.catalina.core.ApplicationContext.log Manager: list: Listing contexts for virtual host 'localhost'
21-Dec-2022 19:03:04.591 INFO [http-nio-8080-exec-261] org.apache.catalina.core.ApplicationContext.log Manager: list: Listing contexts for virtual host 'localhost'
21-Dec-2022 19:06:52.893 INFO [http-nio-8080-exec-261] org.apache.catalina.core.ApplicationContext.log Manager: list: Listing contexts for virtual host 'localhost'
21-Dec-2022 19:06:52.896 INFO [http-nio-8080-exec-260] org.apache.catalina.core.ApplicationContext.log Manager: list: Listing contexts for virtual host 'localhost'
21-Dec-2022 19:06:52.937 INFO [http-nio-8080-exec-255] org.apache.catalina.core.ApplicationContext.log Manager: undeploy: Undeploying web application at '/proyectoPDSC'
21-Dec-2022 19:06:53.540 INFO [http-nio-8080-exec-256] org.apache.catalina.core.ApplicationContext.log Manager: install: Installing context configuration at 'file:/C:/Users/paula/AppData/Local/Temp/context15344262858122705909.xml'
21-Dec-2022 19:06:55.346 INFO [http-nio-8080-exec-261] org.apache.catalina.core.ApplicationContext.log Manager: start: Starting web application '/proyectoPDSC'
21-Dec-2022 19:42:13.933 INFO [http-nio-8080-exec-270] org.apache.catalina.core.ApplicationContext.log Manager: list: Listing contexts for virtual host 'localhost'
21-Dec-2022 19:42:13.937 INFO [http-nio-8080-exec-271] org.apache.catalina.core.ApplicationContext.log Manager: list: Listing contexts for virtual host 'localhost'
21-Dec-2022 19:42:13.954 INFO [http-nio-8080-exec-272] org.apache.catalina.core.ApplicationContext.log Manager: undeploy: Undeploying web application at '/proyectoPDSC'
21-Dec-2022 19:42:14.587 INFO [http-nio-8080-exec-266] org.apache.catalina.core.ApplicationContext.log Manager: install: Installing context configuration at 'file:/C:/Users/paula/AppData/Local/Temp/context10565767735430072578.xml'
21-Dec-2022 19:42:16.324 INFO [http-nio-8080-exec-269] org.apache.catalina.core.ApplicationContext.log Manager: start: Starting web application '/proyectoPDSC'
21-Dec-2022 19:48:52.621 INFO [http-nio-8080-exec-275] org.apache.catalina.core.ApplicationContext.log Manager: list: Listing contexts for virtual host 'localhost'
21-Dec-2022 19:48:56.810 INFO [http-nio-8080-exec-274] org.apache.catalina.core.ApplicationContext.log Manager: list: Listing contexts for virtual host 'localhost'
21-Dec-2022 19:48:56.813 INFO [http-nio-8080-exec-276] org.apache.catalina.core.ApplicationContext.log Manager: list: Listing contexts for virtual host 'localhost'
21-Dec-2022 19:48:56.829 INFO [http-nio-8080-exec-279] org.apache.catalina.core.ApplicationContext.log Manager: undeploy: Undeploying web application at '/proyectoPDSC'
21-Dec-2022 19:48:57.443 INFO [http-nio-8080-exec-278] org.apache.catalina.core.ApplicationContext.log Manager: install: Installing context configuration at 'file:/C:/Users/paula/AppData/Local/Temp/context4565277251985175557.xml'
21-Dec-2022 19:48:58.930 INFO [http-nio-8080-exec-277] org.apache.catalina.core.ApplicationContext.log Manager: start: Starting web application '/proyectoPDSC'
21-Dec-2022 19:49:48.614 INFO [http-nio-8080-exec-284] org.apache.catalina.core.ApplicationContext.log Manager: list: Listing contexts for virtual host 'localhost'
21-Dec-2022 19:52:48.571 INFO [http-nio-8080-exec-288] org.apache.catalina.core.ApplicationContext.log Manager: list: Listing contexts for virtual host 'localhost'
21-Dec-2022 19:53:13.490 INFO [http-nio-8080-exec-291] org.apache.catalina.core.ApplicationContext.log Manager: list: Listing contexts for virtual host 'localhost'
21-Dec-2022 19:58:17.193 INFO [http-nio-8080-exec-293] org.apache.catalina.core.ApplicationContext.log Manager: list: Listing contexts for virtual host 'localhost'
21-Dec-2022 19:58:19.567 INFO [http-nio-8080-exec-286] org.apache.catalina.core.ApplicationContext.log Manager: list: Listing contexts for virtual host 'localhost'
21-Dec-2022 20:06:40.006 INFO [http-nio-8080-exec-286] org.apache.catalina.core.ApplicationContext.log Manager: list: Listing contexts for virtual host 'localhost'
21-Dec-2022 20:06:40.163 INFO [http-nio-8080-exec-292] org.apache.catalina.core.ApplicationContext.log Manager: restart: Reloading web application '/proyectoPDSC'
