22-Dec-2022 09:50:52.692 INFO [main] org.apache.catalina.core.ApplicationContext.log ContextListener: contextInitialized()
22-Dec-2022 09:50:52.693 INFO [main] org.apache.catalina.core.ApplicationContext.log SessionListener: contextInitialized()
22-Dec-2022 09:50:52.698 INFO [main] org.apache.catalina.core.ApplicationContext.log ContextListener: attributeAdded('StockTicker', 'async.Stockticker@65a2755e')
22-Dec-2022 17:09:37.528 INFO [main] org.apache.catalina.core.ApplicationContext.log SessionListener: contextDestroyed()
22-Dec-2022 17:09:37.528 INFO [main] org.apache.catalina.core.ApplicationContext.log ContextListener: contextDestroyed()
22-Dec-2022 17:11:09.782 INFO [main] org.apache.catalina.core.ApplicationContext.log ContextListener: contextInitialized()
22-Dec-2022 17:11:09.782 INFO [main] org.apache.catalina.core.ApplicationContext.log SessionListener: contextInitialized()
22-Dec-2022 17:11:09.789 INFO [main] org.apache.catalina.core.ApplicationContext.log ContextListener: attributeAdded('StockTicker', 'async.Stockticker@48b09105')
22-Dec-2022 17:12:31.204 INFO [main] org.apache.catalina.core.ApplicationContext.log SessionListener: contextDestroyed()
22-Dec-2022 17:12:31.204 INFO [main] org.apache.catalina.core.ApplicationContext.log ContextListener: contextDestroyed()
22-Dec-2022 17:12:52.688 INFO [main] org.apache.catalina.core.ApplicationContext.log ContextListener: contextInitialized()
22-Dec-2022 17:12:52.688 INFO [main] org.apache.catalina.core.ApplicationContext.log SessionListener: contextInitialized()
22-Dec-2022 17:12:52.696 INFO [main] org.apache.catalina.core.ApplicationContext.log ContextListener: attributeAdded('StockTicker', 'async.Stockticker@4c5e4bfa')
22-Dec-2022 17:21:58.818 INFO [main] org.apache.catalina.core.ApplicationContext.log SessionListener: contextDestroyed()
22-Dec-2022 17:21:58.818 INFO [main] org.apache.catalina.core.ApplicationContext.log ContextListener: contextDestroyed()
22-Dec-2022 17:22:15.933 INFO [main] org.apache.catalina.core.ApplicationContext.log ContextListener: contextInitialized()
22-Dec-2022 17:22:15.933 INFO [main] org.apache.catalina.core.ApplicationContext.log SessionListener: contextInitialized()
22-Dec-2022 17:22:15.940 INFO [main] org.apache.catalina.core.ApplicationContext.log ContextListener: attributeAdded('StockTicker', 'async.Stockticker@5d8e4fa8')
22-Dec-2022 17:25:45.451 INFO [main] org.apache.catalina.core.ApplicationContext.log SessionListener: contextDestroyed()
22-Dec-2022 17:25:45.451 INFO [main] org.apache.catalina.core.ApplicationContext.log ContextListener: contextDestroyed()
22-Dec-2022 17:26:02.020 INFO [main] org.apache.catalina.core.ApplicationContext.log ContextListener: contextInitialized()
22-Dec-2022 17:26:02.021 INFO [main] org.apache.catalina.core.ApplicationContext.log SessionListener: contextInitialized()
22-Dec-2022 17:26:02.026 INFO [main] org.apache.catalina.core.ApplicationContext.log ContextListener: attributeAdded('StockTicker', 'async.Stockticker@484a5ddd')
22-Dec-2022 17:41:00.852 INFO [main] org.apache.catalina.core.ApplicationContext.log SessionListener: contextDestroyed()
22-Dec-2022 17:41:00.852 INFO [main] org.apache.catalina.core.ApplicationContext.log ContextListener: contextDestroyed()
22-Dec-2022 17:41:20.165 INFO [main] org.apache.catalina.core.ApplicationContext.log ContextListener: contextInitialized()
22-Dec-2022 17:41:20.165 INFO [main] org.apache.catalina.core.ApplicationContext.log SessionListener: contextInitialized()
22-Dec-2022 17:41:20.239 INFO [main] org.apache.catalina.core.ApplicationContext.log ContextListener: attributeAdded('StockTicker', 'async.Stockticker@1f293cb7')
22-Dec-2022 17:50:02.289 INFO [main] org.apache.catalina.core.ApplicationContext.log SessionListener: contextDestroyed()
22-Dec-2022 17:50:02.290 INFO [main] org.apache.catalina.core.ApplicationContext.log ContextListener: contextDestroyed()
22-Dec-2022 17:52:51.484 INFO [main] org.apache.catalina.core.ApplicationContext.log ContextListener: contextInitialized()
22-Dec-2022 17:52:51.485 INFO [main] org.apache.catalina.core.ApplicationContext.log SessionListener: contextInitialized()
22-Dec-2022 17:52:51.492 INFO [main] org.apache.catalina.core.ApplicationContext.log ContextListener: attributeAdded('StockTicker', 'async.Stockticker@2b464384')
22-Dec-2022 18:13:10.835 INFO [main] org.apache.catalina.core.ApplicationContext.log SessionListener: contextDestroyed()
22-Dec-2022 18:13:10.835 INFO [main] org.apache.catalina.core.ApplicationContext.log ContextListener: contextDestroyed()
22-Dec-2022 18:13:27.935 INFO [main] org.apache.catalina.core.ApplicationContext.log ContextListener: contextInitialized()
22-Dec-2022 18:13:27.935 INFO [main] org.apache.catalina.core.ApplicationContext.log SessionListener: contextInitialized()
22-Dec-2022 18:13:27.941 INFO [main] org.apache.catalina.core.ApplicationContext.log ContextListener: attributeAdded('StockTicker', 'async.Stockticker@6fdaef04')
22-Dec-2022 18:18:47.763 INFO [main] org.apache.catalina.core.ApplicationContext.log SessionListener: contextDestroyed()
22-Dec-2022 18:18:47.764 INFO [main] org.apache.catalina.core.ApplicationContext.log ContextListener: contextDestroyed()
22-Dec-2022 18:19:06.815 INFO [main] org.apache.catalina.core.ApplicationContext.log ContextListener: contextInitialized()
22-Dec-2022 18:19:06.816 INFO [main] org.apache.catalina.core.ApplicationContext.log SessionListener: contextInitialized()
22-Dec-2022 18:19:06.823 INFO [main] org.apache.catalina.core.ApplicationContext.log ContextListener: attributeAdded('StockTicker', 'async.Stockticker@484a5ddd')
22-Dec-2022 18:20:59.116 INFO [main] org.apache.catalina.core.ApplicationContext.log SessionListener: contextDestroyed()
22-Dec-2022 18:20:59.117 INFO [main] org.apache.catalina.core.ApplicationContext.log ContextListener: contextDestroyed()
22-Dec-2022 18:21:15.371 INFO [main] org.apache.catalina.core.ApplicationContext.log ContextListener: contextInitialized()
22-Dec-2022 18:21:15.373 INFO [main] org.apache.catalina.core.ApplicationContext.log SessionListener: contextInitialized()
22-Dec-2022 18:21:15.381 INFO [main] org.apache.catalina.core.ApplicationContext.log ContextListener: attributeAdded('StockTicker', 'async.Stockticker@5972e3a')
22-Dec-2022 18:23:32.965 INFO [main] org.apache.catalina.core.ApplicationContext.log SessionListener: contextDestroyed()
22-Dec-2022 18:23:32.965 INFO [main] org.apache.catalina.core.ApplicationContext.log ContextListener: contextDestroyed()
22-Dec-2022 18:23:49.194 INFO [main] org.apache.catalina.core.ApplicationContext.log ContextListener: contextInitialized()
22-Dec-2022 18:23:49.195 INFO [main] org.apache.catalina.core.ApplicationContext.log SessionListener: contextInitialized()
22-Dec-2022 18:23:49.206 INFO [main] org.apache.catalina.core.ApplicationContext.log ContextListener: attributeAdded('StockTicker', 'async.Stockticker@645c9f0f')
22-Dec-2022 18:29:51.898 INFO [main] org.apache.catalina.core.ApplicationContext.log SessionListener: contextDestroyed()
22-Dec-2022 18:29:51.899 INFO [main] org.apache.catalina.core.ApplicationContext.log ContextListener: contextDestroyed()
22-Dec-2022 18:30:08.412 INFO [main] org.apache.catalina.core.ApplicationContext.log ContextListener: contextInitialized()
22-Dec-2022 18:30:08.412 INFO [main] org.apache.catalina.core.ApplicationContext.log SessionListener: contextInitialized()
22-Dec-2022 18:30:08.418 INFO [main] org.apache.catalina.core.ApplicationContext.log ContextListener: attributeAdded('StockTicker', 'async.Stockticker@dd060be')
22-Dec-2022 18:37:32.299 INFO [main] org.apache.catalina.core.ApplicationContext.log SessionListener: contextDestroyed()
22-Dec-2022 18:37:32.299 INFO [main] org.apache.catalina.core.ApplicationContext.log ContextListener: contextDestroyed()
